<?xml version="1.0" encoding="UTF-8"?>
<coverage generated="1772678525110" clover="3.2.0">
  <project timestamp="1772678525110" name="All files">
    <metrics statements="984" coveredstatements="798" conditionals="709" coveredconditionals="446" methods="219" coveredmethods="166" elements="1912" coveredelements="1410" complexity="0" loc="984" ncloc="984" packages="21" files="44" classes="44"/>
    <package name="src">
      <metrics statements="10" coveredstatements="10" conditionals="4" coveredconditionals="3" methods="3" coveredmethods="3"/>
      <file name="app.controller.ts" path="C:\Users\gabry\Documents\Projetos\nexus-system\server\src\app.controller.ts">
        <metrics statements="7" coveredstatements="7" conditionals="4" coveredconditionals="3" methods="2" coveredmethods="2"/>
        <line num="1" count="1" type="stmt"/>
        <line num="2" count="1" type="stmt"/>
        <line num="3" count="1" type="stmt"/>
        <line num="6" count="1" type="stmt"/>
        <line num="7" count="1" type="cond" truecount="3" falsecount="1"/>
        <line num="11" count="1" type="stmt"/>
        <line num="12" count="1" type="stmt"/>
      </file>
      <file name="app.service.ts" path="C:\Users\gabry\Documents\Projetos\nexus-system\server\src\app.service.ts">
        <metrics statements="3" coveredstatements="3" conditionals="0" coveredconditionals="0" methods="1" coveredmethods="1"/>
        <line num="1" count="1" type="stmt"/>
        <line num="4" count="1" type="stmt"/>
        <line num="6" count="1" type="stmt"/>
      </file>
    </package>
    <package name="src.aparelhos">
      <metrics statements="204" coveredstatements="96" conditionals="177" coveredconditionals="53" methods="50" coveredmethods="30"/>
      <file name="aparelhos.controller.ts" path="C:\Users\gabry\Documents\Projetos\nexus-system\server\src\aparelhos\aparelhos.controller.ts">
        <metrics statements="39" coveredstatements="35" conditionals="8" coveredconditionals="5" methods="17" coveredmethods="13"/>
        <line num="1" count="1" type="stmt"/>
        <line num="2" count="1" type="stmt"/>
        <line num="3" count="1" type="stmt"/>
        <line num="4" count="1" type="stmt"/>
        <line num="5" count="1" type="stmt"/>
        <line num="12" count="1" type="stmt"/>
        <line num="13" count="13" type="cond" truecount="3" falsecount="1"/>
        <line num="18" count="1" type="stmt"/>
        <line num="19" count="1" type="stmt"/>
        <line num="25" count="1" type="stmt"/>
        <line num="26" count="1" type="stmt"/>
        <line num="32" count="1" type="stmt"/>
        <line num="33" count="1" type="stmt"/>
        <line num="39" count="1" type="stmt"/>
        <line num="40" count="1" type="stmt"/>
        <line num="46" count="1" type="stmt"/>
        <line num="47" count="1" type="stmt"/>
        <line num="53" count="1" type="stmt"/>
        <line num="54" count="1" type="stmt"/>
        <line num="60" count="1" type="stmt"/>
        <line num="61" count="1" type="stmt"/>
        <line num="67" count="1" type="stmt"/>
        <line num="71" count="1" type="stmt"/>
        <line num="77" count="1" type="stmt"/>
        <line num="78" count="2" type="cond" truecount="2" falsecount="0"/>
        <line num="84" count="1" type="stmt"/>
        <line num="96" count="0" type="stmt"/>
        <line num="102" count="1" type="stmt"/>
        <line num="103" count="1" type="stmt"/>
        <line num="109" count="1" type="stmt"/>
        <line num="110" count="0" type="stmt"/>
        <line num="116" count="1" type="stmt"/>
        <line num="117" count="1" type="stmt"/>
        <line num="123" count="1" type="stmt"/>
        <line num="127" count="1" type="stmt"/>
        <line num="133" count="1" type="stmt"/>
        <line num="134" count="0" type="stmt"/>
        <line num="140" count="1" type="stmt"/>
        <line num="141" count="0" type="cond" truecount="0" falsecount="2"/>
      </file>
      <file name="aparelhos.service.ts" path="C:\Users\gabry\Documents\Projetos\nexus-system\server\src\aparelhos\aparelhos.service.ts">
        <metrics statements="165" coveredstatements="61" conditionals="169" coveredconditionals="48" methods="33" coveredmethods="17"/>
        <line num="1" count="2" type="stmt"/>
        <line num="2" count="2" type="stmt"/>
        <line num="36" count="2" type="stmt"/>
        <line num="37" count="21" type="cond" truecount="3" falsecount="1"/>
        <line num="40" count="1" type="stmt"/>
        <line num="57" count="5" type="stmt"/>
        <line num="68" count="5" type="cond" truecount="2" falsecount="0"/>
        <line num="69" count="2" type="stmt"/>
        <line num="86" count="4" type="stmt"/>
        <line num="88" count="4" type="cond" truecount="2" falsecount="0"/>
        <line num="89" count="2" type="stmt"/>
        <line num="92" count="2" type="cond" truecount="2" falsecount="0"/>
        <line num="93" count="2" type="cond" truecount="2" falsecount="0"/>
        <line num="94" count="2" type="stmt"/>
        <line num="96" count="2" type="stmt"/>
        <line num="97" count="2" type="stmt"/>
        <line num="114" count="2" type="stmt"/>
        <line num="116" count="2" type="cond" truecount="2" falsecount="0"/>
        <line num="117" count="1" type="stmt"/>
        <line num="118" count="1" type="stmt"/>
        <line num="132" count="1" type="stmt"/>
        <line num="133" count="2" type="stmt"/>
        <line num="148" count="2" type="stmt"/>
        <line num="150" count="2" type="stmt"/>
        <line num="161" count="2" type="stmt"/>
        <line num="163" count="1" type="stmt"/>
        <line num="172" count="1" type="stmt"/>
        <line num="185" count="1" type="stmt"/>
        <line num="197" count="1" type="stmt"/>
        <line num="200" count="2" type="stmt"/>
        <line num="204" count="2" type="stmt"/>
        <line num="224" count="2" type="stmt"/>
        <line num="226" count="2" type="stmt"/>
        <line num="230" count="2" type="cond" truecount="2" falsecount="0"/>
        <line num="231" count="1" type="stmt"/>
        <line num="236" count="1" type="stmt"/>
        <line num="237" count="1" type="cond" truecount="1" falsecount="1"/>
        <line num="238" count="0" type="stmt"/>
        <line num="239" count="1" type="cond" truecount="1" falsecount="1"/>
        <line num="240" count="0" type="stmt"/>
        <line num="243" count="1" type="stmt"/>
        <line num="259" count="1" type="stmt"/>
        <line num="279" count="1" type="stmt"/>
        <line num="284" count="0" type="cond" truecount="0" falsecount="4"/>
        <line num="285" count="0" type="stmt"/>
        <line num="287" count="0" type="stmt"/>
        <line num="298" count="0" type="stmt"/>
        <line num="299" count="0" type="cond" truecount="0" falsecount="4"/>
        <line num="300" count="0" type="stmt"/>
        <line num="302" count="0" type="stmt"/>
        <line num="306" count="0" type="cond" truecount="0" falsecount="2"/>
        <line num="307" count="0" type="cond" truecount="0" falsecount="2"/>
        <line num="308" count="0" type="stmt"/>
        <line num="310" count="0" type="stmt"/>
        <line num="324" count="0" type="stmt"/>
        <line num="325" count="0" type="cond" truecount="0" falsecount="4"/>
        <line num="326" count="0" type="stmt"/>
        <line num="328" count="0" type="stmt"/>
        <line num="332" count="0" type="cond" truecount="0" falsecount="2"/>
        <line num="333" count="0" type="stmt"/>
        <line num="334" count="0" type="cond" truecount="0" falsecount="2"/>
        <line num="335" count="0" type="stmt"/>
        <line num="337" count="0" type="stmt"/>
        <line num="357" count="0" type="stmt"/>
        <line num="359" count="0" type="stmt"/>
        <line num="360" count="0" type="stmt"/>
        <line num="365" count="0" type="stmt"/>
        <line num="366" count="0" type="cond" truecount="0" falsecount="2"/>
        <line num="372" count="0" type="stmt"/>
        <line num="373" count="0" type="cond" truecount="0" falsecount="4"/>
        <line num="374" count="0" type="stmt"/>
        <line num="375" count="0" type="cond" truecount="0" falsecount="2"/>
        <line num="376" count="0" type="stmt"/>
        <line num="377" count="0" type="cond" truecount="0" falsecount="2"/>
        <line num="378" count="0" type="stmt"/>
        <line num="381" count="0" type="stmt"/>
        <line num="395" count="0" type="stmt"/>
        <line num="396" count="0" type="stmt"/>
        <line num="398" count="0" type="cond" truecount="0" falsecount="2"/>
        <line num="400" count="0" type="stmt"/>
        <line num="402" count="0" type="stmt"/>
        <line num="418" count="0" type="stmt"/>
        <line num="419" count="0" type="cond" truecount="0" falsecount="2"/>
        <line num="420" count="0" type="stmt"/>
        <line num="423" count="0" type="stmt"/>
        <line num="424" count="0" type="stmt"/>
        <line num="425" count="0" type="stmt"/>
        <line num="427" count="0" type="stmt"/>
        <line num="428" count="0" type="cond" truecount="0" falsecount="2"/>
        <line num="429" count="0" type="stmt"/>
        <line num="430" count="0" type="stmt"/>
        <line num="432" count="0" type="cond" truecount="0" falsecount="5"/>
        <line num="433" count="0" type="stmt"/>
        <line num="437" count="0" type="cond" truecount="0" falsecount="5"/>
        <line num="438" count="0" type="stmt"/>
        <line num="443" count="0" type="stmt"/>
        <line num="444" count="0" type="cond" truecount="0" falsecount="2"/>
        <line num="445" count="0" type="stmt"/>
        <line num="446" count="0" type="cond" truecount="0" falsecount="2"/>
        <line num="449" count="0" type="stmt"/>
        <line num="450" count="0" type="stmt"/>
        <line num="452" count="0" type="stmt"/>
        <line num="457" count="0" type="cond" truecount="0" falsecount="4"/>
        <line num="458" count="0" type="stmt"/>
        <line num="459" count="0" type="cond" truecount="0" falsecount="4"/>
        <line num="460" count="0" type="stmt"/>
        <line num="468" count="0" type="cond" truecount="0" falsecount="2"/>
        <line num="469" count="0" type="stmt"/>
        <line num="473" count="0" type="stmt"/>
        <line num="474" count="0" type="stmt"/>
        <line num="478" count="0" type="stmt"/>
        <line num="479" count="0" type="cond" truecount="0" falsecount="5"/>
        <line num="480" count="0" type="stmt"/>
        <line num="481" count="0" type="stmt"/>
        <line num="491" count="0" type="stmt"/>
        <line num="493" count="0" type="stmt"/>
        <line num="497" count="0" type="cond" truecount="0" falsecount="4"/>
        <line num="498" count="0" type="stmt"/>
        <line num="499" count="0" type="cond" truecount="0" falsecount="4"/>
        <line num="500" count="0" type="stmt"/>
        <line num="508" count="0" type="cond" truecount="0" falsecount="2"/>
        <line num="509" count="0" type="stmt"/>
        <line num="513" count="0" type="stmt"/>
        <line num="514" count="0" type="stmt"/>
        <line num="518" count="0" type="stmt"/>
        <line num="519" count="0" type="cond" truecount="0" falsecount="4"/>
        <line num="520" count="0" type="stmt"/>
        <line num="521" count="0" type="stmt"/>
        <line num="530" count="0" type="stmt"/>
        <line num="532" count="0" type="stmt"/>
        <line num="536" count="0" type="stmt"/>
        <line num="544" count="0" type="stmt"/>
        <line num="549" count="0" type="stmt"/>
        <line num="558" count="0" type="stmt"/>
        <line num="565" count="0" type="stmt"/>
        <line num="571" count="1" type="stmt"/>
        <line num="576" count="1" type="stmt"/>
        <line num="581" count="0" type="stmt"/>
        <line num="590" count="0" type="stmt"/>
        <line num="591" count="0" type="stmt"/>
        <line num="592" count="0" type="stmt"/>
        <line num="593" count="0" type="stmt"/>
        <line num="594" count="0" type="cond" truecount="0" falsecount="4"/>
        <line num="595" count="0" type="cond" truecount="0" falsecount="2"/>
        <line num="597" count="0" type="stmt"/>
        <line num="610" count="3" type="stmt"/>
        <line num="624" count="3" type="cond" truecount="2" falsecount="0"/>
        <line num="625" count="1" type="stmt"/>
        <line num="630" count="4" type="stmt"/>
        <line num="633" count="4" type="cond" truecount="2" falsecount="0"/>
        <line num="634" count="3" type="cond" truecount="2" falsecount="0"/>
        <line num="635" count="2" type="stmt"/>
        <line num="637" count="1" type="stmt"/>
        <line num="645" count="0" type="stmt"/>
        <line num="652" count="0" type="stmt"/>
        <line num="664" count="3" type="stmt"/>
        <line num="665" count="3" type="cond" truecount="2" falsecount="0"/>
        <line num="666" count="2" type="stmt"/>
        <line num="667" count="2" type="cond" truecount="2" falsecount="0"/>
        <line num="668" count="1" type="stmt"/>
        <line num="670" count="2" type="stmt"/>
        <line num="675" count="1" type="stmt"/>
        <line num="684" count="1" type="stmt"/>
        <line num="685" count="2" type="stmt"/>
        <line num="686" count="1" type="stmt"/>
      </file>
    </package>
    <package name="src.auth">
      <metrics statements="28" coveredstatements="28" conditionals="26" coveredconditionals="21" methods="5" coveredmethods="5"/>
      <file name="auth.controller.ts" path="C:\Users\gabry\Documents\Projetos\nexus-system\server\src\auth\auth.controller.ts">
        <metrics statements="9" coveredstatements="9" conditionals="12" coveredconditionals="9" methods="2" coveredmethods="2"/>
        <line num="1" count="1" type="stmt"/>
        <line num="2" count="1" type="stmt"/>
        <line num="3" count="1" type="stmt"/>
        <line num="4" count="1" type="stmt"/>
        <line num="5" count="1" type="stmt"/>
        <line num="10" count="1" type="stmt"/>
        <line num="11" count="2" type="cond" truecount="3" falsecount="1"/>
        <line num="16" count="1" type="cond" truecount="6" falsecount="2"/>
        <line num="17" count="2" type="stmt"/>
      </file>
      <file name="auth.service.ts" path="C:\Users\gabry\Documents\Projetos\nexus-system\server\src\auth\auth.service.ts">
        <metrics statements="19" coveredstatements="19" conditionals="14" coveredconditionals="12" methods="3" coveredmethods="3"/>
        <line num="1" count="2" type="stmt"/>
        <line num="2" count="2" type="stmt"/>
        <line num="3" count="2" type="stmt"/>
        <line num="4" count="2" type="stmt"/>
        <line num="12" count="2" type="stmt"/>
        <line num="14" count="6" type="cond" truecount="6" falsecount="2"/>
        <line num="15" count="6" type="stmt"/>
        <line num="19" count="5" type="stmt"/>
        <line num="20" count="5" type="cond" truecount="4" falsecount="0"/>
        <line num="21" count="3" type="stmt"/>
        <line num="23" count="2" type="stmt"/>
        <line num="24" count="2" type="cond" truecount="2" falsecount="0"/>
        <line num="25" count="1" type="stmt"/>
        <line num="28" count="1" type="stmt"/>
        <line num="30" count="1" type="stmt"/>
        <line num="31" count="1" type="stmt"/>
        <line num="32" count="1" type="stmt"/>
        <line num="33" count="1" type="stmt"/>
        <line num="41" count="2" type="stmt"/>
      </file>
    </package>
    <package name="src.auth.decorators">
      <metrics statements="14" coveredstatements="9" conditionals="4" coveredconditionals="0" methods="3" coveredmethods="2"/>
      <file name="current-user.decorator.ts" path="C:\Users\gabry\Documents\Projetos\nexus-system\server\src\auth\decorators\current-user.decorator.ts">
        <metrics statements="7" coveredstatements="2" conditionals="4" coveredconditionals="0" methods="1" coveredmethods="0"/>
        <line num="1" count="1" type="stmt"/>
        <line num="3" count="1" type="stmt"/>
        <line num="5" count="0" type="stmt"/>
        <line num="6" count="0" type="stmt"/>
        <line num="7" count="0" type="cond" truecount="0" falsecount="4"/>
        <line num="8" count="0" type="stmt"/>
        <line num="10" count="0" type="stmt"/>
      </file>
      <file name="public.decorator.ts" path="C:\Users\gabry\Documents\Projetos\nexus-system\server\src\auth\decorators\public.decorator.ts">
        <metrics statements="3" coveredstatements="3" conditionals="0" coveredconditionals="0" methods="1" coveredmethods="1"/>
        <line num="1" count="2" type="stmt"/>
        <line num="3" count="2" type="stmt"/>
        <line num="5" count="2" type="stmt"/>
      </file>
      <file name="require-permissions.decorator.ts" path="C:\Users\gabry\Documents\Projetos\nexus-system\server\src\auth\decorators\require-permissions.decorator.ts">
        <metrics statements="4" coveredstatements="4" conditionals="0" coveredconditionals="0" methods="1" coveredmethods="1"/>
        <line num="1" count="8" type="stmt"/>
        <line num="3" count="8" type="stmt"/>
        <line num="5" count="8" type="stmt"/>
        <line num="6" count="51" type="stmt"/>
      </file>
    </package>
    <package name="src.auth.dto">
      <metrics statements="5" coveredstatements="5" conditionals="0" coveredconditionals="0" methods="0" coveredmethods="0"/>
      <file name="login.dto.ts" path="C:\Users\gabry\Documents\Projetos\nexus-system\server\src\auth\dto\login.dto.ts">
        <metrics statements="5" coveredstatements="5" conditionals="0" coveredconditionals="0" methods="0" coveredmethods="0"/>
        <line num="1" count="1" type="stmt"/>
        <line num="2" count="1" type="stmt"/>
        <line num="4" count="1" type="stmt"/>
        <line num="7" count="1" type="stmt"/>
        <line num="12" count="1" type="stmt"/>
      </file>
    </package>
    <package name="src.auth.guards">
      <metrics statements="19" coveredstatements="5" conditionals="18" coveredconditionals="6" methods="3" coveredmethods="0"/>
      <file name="permissions.guard.ts" path="C:\Users\gabry\Documents\Projetos\nexus-system\server\src\auth\guards\permissions.guard.ts">
        <metrics statements="19" coveredstatements="5" conditionals="18" coveredconditionals="6" methods="3" coveredmethods="0"/>
        <line num="1" count="8" type="stmt"/>
        <line num="7" count="8" type="stmt"/>
        <line num="8" count="8" type="stmt"/>
        <line num="9" count="8" type="stmt"/>
        <line num="12" count="8" type="stmt"/>
        <line num="14" count="0" type="cond" truecount="6" falsecount="2"/>
        <line num="15" count="0" type="stmt"/>
        <line num="19" count="0" type="stmt"/>
        <line num="23" count="0" type="cond" truecount="0" falsecount="4"/>
        <line num="25" count="0" type="stmt"/>
        <line num="26" count="0" type="stmt"/>
        <line num="27" count="0" type="cond" truecount="0" falsecount="2"/>
        <line num="29" count="0" type="stmt"/>
        <line num="30" count="0" type="cond" truecount="0" falsecount="2"/>
        <line num="32" count="0" type="stmt"/>
        <line num="33" count="0" type="stmt"/>
        <line num="34" count="0" type="cond" truecount="0" falsecount="2"/>
        <line num="35" count="0" type="stmt"/>
        <line num="37" count="0" type="stmt"/>
      </file>
    </package>
    <package name="src.clientes">
      <metrics statements="39" coveredstatements="38" conditionals="28" coveredconditionals="23" methods="14" coveredmethods="13"/>
      <file name="clientes.controller.ts" path="C:\Users\gabry\Documents\Projetos\nexus-system\server\src\clientes\clientes.controller.ts">
        <metrics statements="17" coveredstatements="17" conditionals="14" coveredconditionals="11" methods="5" coveredmethods="5"/>
        <line num="1" count="1" type="stmt"/>
        <line num="2" count="1" type="stmt"/>
        <line num="3" count="1" type="stmt"/>
        <line num="4" count="1" type="stmt"/>
        <line num="5" count="1" type="stmt"/>
        <line num="6" count="1" type="stmt"/>
        <line num="7" count="1" type="stmt"/>
        <line num="13" count="1" type="stmt"/>
        <line num="14" count="6" type="cond" truecount="3" falsecount="1"/>
        <line num="19" count="1" type="stmt"/>
        <line num="20" count="3" type="stmt"/>
        <line num="28" count="1" type="stmt"/>
        <line num="29" count="1" type="stmt"/>
        <line num="35" count="1" type="cond" truecount="3" falsecount="1"/>
        <line num="36" count="1" type="stmt"/>
        <line num="42" count="1" type="cond" truecount="3" falsecount="1"/>
        <line num="43" count="1" type="stmt"/>
      </file>
      <file name="clientes.service.ts" path="C:\Users\gabry\Documents\Projetos\nexus-system\server\src\clientes\clientes.service.ts">
        <metrics statements="22" coveredstatements="21" conditionals="14" coveredconditionals="12" methods="9" coveredmethods="8"/>
        <line num="1" count="2" type="stmt"/>
        <line num="2" count="2" type="stmt"/>
        <line num="7" count="2" type="stmt"/>
        <line num="8" count="9" type="cond" truecount="3" falsecount="1"/>
        <line num="11" count="2" type="stmt"/>
        <line num="22" count="6" type="stmt"/>
        <line num="26" count="6" type="cond" truecount="2" falsecount="0"/>
        <line num="27" count="3" type="stmt"/>
        <line num="31" count="2" type="stmt"/>
        <line num="33" count="2" type="stmt"/>
        <line num="38" count="1" type="stmt"/>
        <line num="51" count="3" type="stmt"/>
        <line num="53" count="2" type="stmt"/>
        <line num="55" count="2" type="cond" truecount="2" falsecount="0"/>
        <line num="56" count="1" type="stmt"/>
        <line num="58" count="1" type="stmt"/>
        <line num="59" count="1" type="stmt"/>
        <line num="66" count="1" type="stmt"/>
        <line num="67" count="1" type="cond" truecount="1" falsecount="1"/>
        <line num="68" count="0" type="stmt"/>
        <line num="77" count="1" type="stmt"/>
        <line num="90" count="2" type="stmt"/>
      </file>
    </package>
    <package name="src.clientes.dto">
      <metrics statements="55" coveredstatements="53" conditionals="12" coveredconditionals="10" methods="4" coveredmethods="2"/>
      <file name="create-cliente.dto.ts" path="C:\Users\gabry\Documents\Projetos\nexus-system\server\src\clientes\dto\create-cliente.dto.ts">
        <metrics statements="30" coveredstatements="29" conditionals="4" coveredconditionals="4" methods="3" coveredmethods="2"/>
        <line num="1" count="1" type="stmt"/>
        <line num="2" count="1" type="stmt"/>
        <line num="3" count="1" type="stmt"/>
        <line num="14" count="1" type="cond" truecount="2" falsecount="0"/>
        <line num="15" count="1" type="stmt"/>
        <line num="16" count="1" type="stmt"/>
        <line num="19" count="1" type="cond" truecount="2" falsecount="0"/>
        <line num="20" count="1" type="stmt"/>
        <line num="21" count="1" type="stmt"/>
        <line num="22" count="1" type="stmt"/>
        <line num="25" count="1" type="stmt"/>
        <line num="29" count="1" type="stmt"/>
        <line num="34" count="1" type="stmt"/>
        <line num="39" count="1" type="stmt"/>
        <line num="42" count="1" type="stmt"/>
        <line num="46" count="1" type="stmt"/>
        <line num="51" count="1" type="stmt"/>
        <line num="56" count="1" type="stmt"/>
        <line num="61" count="1" type="stmt"/>
        <line num="66" count="1" type="stmt"/>
        <line num="71" count="1" type="stmt"/>
        <line num="76" count="1" type="stmt"/>
        <line num="81" count="1" type="stmt"/>
        <line num="86" count="1" type="stmt"/>
        <line num="91" count="1" type="stmt"/>
        <line num="96" count="1" type="stmt"/>
        <line num="101" count="1" type="stmt"/>
        <line num="106" count="1" type="stmt"/>
        <line num="112" count="0" type="stmt"/>
        <line num="113" count="1" type="stmt"/>
      </file>
      <file name="update-cliente.dto.ts" path="C:\Users\gabry\Documents\Projetos\nexus-system\server\src\clientes\dto\update-cliente.dto.ts">
        <metrics statements="25" coveredstatements="24" conditionals="8" coveredconditionals="6" methods="1" coveredmethods="0"/>
        <line num="1" count="1" type="stmt"/>
        <line num="2" count="1" type="stmt"/>
        <line num="3" count="1" type="stmt"/>
        <line num="14" count="1" type="stmt"/>
        <line num="16" count="1" type="stmt"/>
        <line num="20" count="1" type="stmt"/>
        <line num="25" count="1" type="stmt"/>
        <line num="30" count="1" type="stmt"/>
        <line num="35" count="1" type="stmt"/>
        <line num="38" count="1" type="stmt"/>
        <line num="43" count="1" type="stmt"/>
        <line num="48" count="1" type="stmt"/>
        <line num="53" count="1" type="stmt"/>
        <line num="58" count="1" type="cond" truecount="3" falsecount="1"/>
        <line num="63" count="1" type="stmt"/>
        <line num="68" count="1" type="cond" truecount="3" falsecount="1"/>
        <line num="73" count="1" type="stmt"/>
        <line num="78" count="1" type="stmt"/>
        <line num="83" count="1" type="stmt"/>
        <line num="88" count="1" type="stmt"/>
        <line num="93" count="1" type="stmt"/>
        <line num="98" count="1" type="stmt"/>
        <line num="103" count="1" type="stmt"/>
        <line num="109" count="0" type="stmt"/>
        <line num="110" count="1" type="stmt"/>
      </file>
    </package>
    <package name="src.equipamentos">
      <metrics statements="89" coveredstatements="82" conditionals="62" coveredconditionals="47" methods="32" coveredmethods="30"/>
      <file name="equipamentos.controller.ts" path="C:\Users\gabry\Documents\Projetos\nexus-system\server\src\equipamentos\equipamentos.controller.ts">
        <metrics statements="41" coveredstatements="40" conditionals="30" coveredconditionals="23" methods="16" coveredmethods="15"/>
        <line num="1" count="1" type="stmt"/>
        <line num="2" count="1" type="stmt"/>
        <line num="3" count="1" type="stmt"/>
        <line num="4" count="1" type="stmt"/>
        <line num="5" count="1" type="stmt"/>
        <line num="6" count="1" type="stmt"/>
        <line num="7" count="1" type="stmt"/>
        <line num="8" count="1" type="stmt"/>
        <line num="9" count="1" type="stmt"/>
        <line num="14" count="1" type="stmt"/>
        <line num="15" count="15" type="cond" truecount="3" falsecount="1"/>
        <line num="21" count="1" type="stmt"/>
        <line num="22" count="1" type="stmt"/>
        <line num="27" count="1" type="stmt"/>
        <line num="28" count="1" type="stmt"/>
        <line num="33" count="1" type="cond" truecount="3" falsecount="1"/>
        <line num="34" count="1" type="stmt"/>
        <line num="39" count="1" type="cond" truecount="3" falsecount="1"/>
        <line num="40" count="1" type="stmt"/>
        <line num="45" count="1" type="stmt"/>
        <line num="46" count="1" type="stmt"/>
        <line num="54" count="1" type="stmt"/>
        <line num="55" count="2" type="cond" truecount="2" falsecount="0"/>
        <line num="60" count="1" type="stmt"/>
        <line num="61" count="1" type="stmt"/>
        <line num="66" count="1" type="cond" truecount="3" falsecount="1"/>
        <line num="67" count="1" type="stmt"/>
        <line num="72" count="1" type="cond" truecount="3" falsecount="1"/>
        <line num="73" count="0" type="stmt"/>
        <line num="78" count="1" type="stmt"/>
        <line num="79" count="1" type="stmt"/>
        <line num="86" count="1" type="stmt"/>
        <line num="87" count="1" type="stmt"/>
        <line num="92" count="1" type="stmt"/>
        <line num="93" count="1" type="stmt"/>
        <line num="98" count="1" type="cond" truecount="3" falsecount="1"/>
        <line num="99" count="1" type="stmt"/>
        <line num="104" count="1" type="cond" truecount="3" falsecount="1"/>
        <line num="105" count="1" type="stmt"/>
        <line num="110" count="1" type="stmt"/>
        <line num="111" count="1" type="stmt"/>
      </file>
      <file name="equipamentos.service.ts" path="C:\Users\gabry\Documents\Projetos\nexus-system\server\src\equipamentos\equipamentos.service.ts">
        <metrics statements="48" coveredstatements="42" conditionals="32" coveredconditionals="24" methods="16" coveredmethods="15"/>
        <line num="1" count="2" type="stmt"/>
        <line num="2" count="2" type="stmt"/>
        <line num="11" count="2" type="stmt"/>
        <line num="12" count="26" type="cond" truecount="3" falsecount="1"/>
        <line num="17" count="1" type="stmt"/>
        <line num="26" count="8" type="stmt"/>
        <line num="30" count="8" type="cond" truecount="2" falsecount="0"/>
        <line num="31" count="4" type="stmt"/>
        <line num="35" count="3" type="stmt"/>
        <line num="38" count="3" type="cond" truecount="2" falsecount="0"/>
        <line num="40" count="1" type="stmt"/>
        <line num="46" count="3" type="stmt"/>
        <line num="48" count="2" type="cond" truecount="1" falsecount="1"/>
        <line num="49" count="2" type="stmt"/>
        <line num="52" count="2" type="cond" truecount="2" falsecount="0"/>
        <line num="55" count="1" type="stmt"/>
        <line num="62" count="2" type="stmt"/>
        <line num="63" count="1" type="stmt"/>
        <line num="69" count="2" type="stmt"/>
        <line num="77" count="4" type="stmt"/>
        <line num="81" count="4" type="cond" truecount="2" falsecount="0"/>
        <line num="82" count="1" type="stmt"/>
        <line num="86" count="3" type="stmt"/>
        <line num="89" count="3" type="cond" truecount="2" falsecount="0"/>
        <line num="91" count="2" type="stmt"/>
        <line num="94" count="2" type="cond" truecount="2" falsecount="0"/>
        <line num="96" count="1" type="stmt"/>
        <line num="103" count="0" type="stmt"/>
        <line num="105" count="0" type="cond" truecount="0" falsecount="2"/>
        <line num="106" count="0" type="stmt"/>
        <line num="109" count="0" type="cond" truecount="0" falsecount="2"/>
        <line num="112" count="0" type="stmt"/>
        <line num="120" count="2" type="stmt"/>
        <line num="121" count="1" type="stmt"/>
        <line num="127" count="1" type="stmt"/>
        <line num="133" count="6" type="stmt"/>
        <line num="136" count="6" type="cond" truecount="2" falsecount="0"/>
        <line num="137" count="2" type="stmt"/>
        <line num="141" count="2" type="stmt"/>
        <line num="144" count="2" type="cond" truecount="2" falsecount="0"/>
        <line num="146" count="1" type="stmt"/>
        <line num="152" count="2" type="stmt"/>
        <line num="154" count="1" type="cond" truecount="1" falsecount="1"/>
        <line num="155" count="1" type="stmt"/>
        <line num="158" count="1" type="cond" truecount="1" falsecount="1"/>
        <line num="161" count="0" type="stmt"/>
        <line num="168" count="2" type="stmt"/>
        <line num="169" count="1" type="stmt"/>
      </file>
    </package>
    <package name="src.equipamentos.dto">
      <metrics statements="28" coveredstatements="28" conditionals="0" coveredconditionals="0" methods="0" coveredmethods="0"/>
      <file name="create-marca.dto.ts" path="C:\Users\gabry\Documents\Projetos\nexus-system\server\src\equipamentos\dto\create-marca.dto.ts">
        <metrics statements="4" coveredstatements="4" conditionals="0" coveredconditionals="0" methods="0" coveredmethods="0"/>
        <line num="1" count="1" type="stmt"/>
        <line num="2" count="1" type="stmt"/>
        <line num="4" count="1" type="stmt"/>
        <line num="9" count="1" type="stmt"/>
      </file>
      <file name="create-modelo.dto.ts" path="C:\Users\gabry\Documents\Projetos\nexus-system\server\src\equipamentos\dto\create-modelo.dto.ts">
        <metrics statements="5" coveredstatements="5" conditionals="0" coveredconditionals="0" methods="0" coveredmethods="0"/>
        <line num="1" count="1" type="stmt"/>
        <line num="2" count="1" type="stmt"/>
        <line num="4" count="1" type="stmt"/>
        <line num="9" count="1" type="stmt"/>
        <line num="13" count="1" type="stmt"/>
      </file>
      <file name="create-operadora.dto.ts" path="C:\Users\gabry\Documents\Projetos\nexus-system\server\src\equipamentos\dto\create-operadora.dto.ts">
        <metrics statements="4" coveredstatements="4" conditionals="0" coveredconditionals="0" methods="0" coveredmethods="0"/>
        <line num="1" count="1" type="stmt"/>
        <line num="2" count="1" type="stmt"/>
        <line num="4" count="1" type="stmt"/>
        <line num="9" count="1" type="stmt"/>
      </file>
      <file name="update-marca.dto.ts" path="C:\Users\gabry\Documents\Projetos\nexus-system\server\src\equipamentos\dto\update-marca.dto.ts">
        <metrics statements="5" coveredstatements="5" conditionals="0" coveredconditionals="0" methods="0" coveredmethods="0"/>
        <line num="1" count="1" type="stmt"/>
        <line num="2" count="1" type="stmt"/>
        <line num="4" count="1" type="stmt"/>
        <line num="9" count="1" type="stmt"/>
        <line num="14" count="1" type="stmt"/>
      </file>
      <file name="update-modelo.dto.ts" path="C:\Users\gabry\Documents\Projetos\nexus-system\server\src\equipamentos\dto\update-modelo.dto.ts">
        <metrics statements="5" coveredstatements="5" conditionals="0" coveredconditionals="0" methods="0" coveredmethods="0"/>
        <line num="1" count="1" type="stmt"/>
        <line num="2" count="1" type="stmt"/>
        <line num="4" count="1" type="stmt"/>
        <line num="9" count="1" type="stmt"/>
        <line num="14" count="1" type="stmt"/>
      </file>
      <file name="update-operadora.dto.ts" path="C:\Users\gabry\Documents\Projetos\nexus-system\server\src\equipamentos\dto\update-operadora.dto.ts">
        <metrics statements="5" coveredstatements="5" conditionals="0" coveredconditionals="0" methods="0" coveredmethods="0"/>
        <line num="1" count="1" type="stmt"/>
        <line num="2" count="1" type="stmt"/>
        <line num="4" count="1" type="stmt"/>
        <line num="9" count="1" type="stmt"/>
        <line num="14" count="1" type="stmt"/>
      </file>
    </package>
    <package name="src.ordens-servico">
      <metrics statements="49" coveredstatements="49" conditionals="42" coveredconditionals="37" methods="12" coveredmethods="12"/>
      <file name="ordens-servico.controller.ts" path="C:\Users\gabry\Documents\Projetos\nexus-system\server\src\ordens-servico\ordens-servico.controller.ts">
        <metrics statements="20" coveredstatements="20" conditionals="20" coveredconditionals="16" methods="6" coveredmethods="6"/>
        <line num="1" count="1" type="stmt"/>
        <line num="2" count="1" type="stmt"/>
        <line num="3" count="1" type="stmt"/>
        <line num="4" count="1" type="stmt"/>
        <line num="5" count="1" type="stmt"/>
        <line num="6" count="1" type="stmt"/>
        <line num="7" count="1" type="stmt"/>
        <line num="8" count="1" type="stmt"/>
        <line num="14" count="1" type="stmt"/>
        <line num="15" count="6" type="cond" truecount="3" falsecount="1"/>
        <line num="20" count="1" type="stmt"/>
        <line num="21" count="1" type="stmt"/>
        <line num="27" count="1" type="stmt"/>
        <line num="33" count="2" type="stmt"/>
        <line num="44" count="1" type="stmt"/>
        <line num="45" count="1" type="stmt"/>
        <line num="51" count="1" type="cond" truecount="3" falsecount="1"/>
        <line num="52" count="1" type="stmt"/>
        <line num="58" count="1" type="cond" truecount="3" falsecount="1"/>
        <line num="59" count="1" type="stmt"/>
      </file>
      <file name="ordens-servico.service.ts" path="C:\Users\gabry\Documents\Projetos\nexus-system\server\src\ordens-servico\ordens-servico.service.ts">
        <metrics statements="29" coveredstatements="29" conditionals="22" coveredconditionals="21" methods="6" coveredmethods="6"/>
        <line num="1" count="2" type="stmt"/>
        <line num="2" count="2" type="stmt"/>
        <line num="3" count="2" type="stmt"/>
        <line num="8" count="2" type="stmt"/>
        <line num="9" count="15" type="cond" truecount="3" falsecount="1"/>
        <line num="12" count="1" type="stmt"/>
        <line num="19" count="1" type="stmt"/>
        <line num="29" count="6" type="cond" truecount="2" falsecount="0"/>
        <line num="30" count="6" type="cond" truecount="2" falsecount="0"/>
        <line num="31" count="6" type="stmt"/>
        <line num="33" count="6" type="stmt"/>
        <line num="34" count="6" type="cond" truecount="2" falsecount="0"/>
        <line num="35" count="6" type="cond" truecount="2" falsecount="0"/>
        <line num="36" count="2" type="stmt"/>
        <line num="37" count="2" type="stmt"/>
        <line num="38" count="2" type="stmt"/>
        <line num="47" count="6" type="stmt"/>
        <line num="63" count="6" type="stmt"/>
        <line num="73" count="8" type="stmt"/>
        <line num="83" count="8" type="cond" truecount="2" falsecount="0"/>
        <line num="84" count="5" type="stmt"/>
        <line num="88" count="3" type="stmt"/>
        <line num="89" count="3" type="cond" truecount="2" falsecount="0"/>
        <line num="91" count="3" type="stmt"/>
        <line num="113" count="3" type="stmt"/>
        <line num="114" count="2" type="stmt"/>
        <line num="115" count="2" type="cond" truecount="2" falsecount="0"/>
        <line num="117" count="1" type="stmt"/>
        <line num="132" count="1" type="stmt"/>
      </file>
    </package>
    <package name="src.ordens-servico.dto">
      <metrics statements="17" coveredstatements="17" conditionals="12" coveredconditionals="9" methods="0" coveredmethods="0"/>
      <file name="create-ordem-servico.dto.ts" path="C:\Users\gabry\Documents\Projetos\nexus-system\server\src\ordens-servico\dto\create-ordem-servico.dto.ts">
        <metrics statements="11" coveredstatements="11" conditionals="8" coveredconditionals="6" methods="0" coveredmethods="0"/>
        <line num="1" count="1" type="stmt"/>
        <line num="2" count="1" type="stmt"/>
        <line num="3" count="1" type="stmt"/>
        <line num="5" count="1" type="stmt"/>
        <line num="8" count="1" type="cond" truecount="3" falsecount="1"/>
        <line num="13" count="1" type="cond" truecount="3" falsecount="1"/>
        <line num="18" count="1" type="stmt"/>
        <line num="24" count="1" type="stmt"/>
        <line num="30" count="1" type="stmt"/>
        <line num="36" count="1" type="stmt"/>
        <line num="41" count="1" type="stmt"/>
      </file>
      <file name="update-status.dto.ts" path="C:\Users\gabry\Documents\Projetos\nexus-system\server\src\ordens-servico\dto\update-status.dto.ts">
        <metrics statements="6" coveredstatements="6" conditionals="4" coveredconditionals="3" methods="0" coveredmethods="0"/>
        <line num="1" count="1" type="stmt"/>
        <line num="2" count="1" type="stmt"/>
        <line num="3" count="1" type="stmt"/>
        <line num="5" count="1" type="stmt"/>
        <line num="8" count="1" type="cond" truecount="3" falsecount="1"/>
        <line num="13" count="1" type="stmt"/>
      </file>
    </package>
    <package name="src.pedidos-rastreadores">
      <metrics statements="114" coveredstatements="94" conditionals="140" coveredconditionals="104" methods="18" coveredmethods="14"/>
      <file name="pedidos-rastreadores.controller.ts" path="C:\Users\gabry\Documents\Projetos\nexus-system\server\src\pedidos-rastreadores\pedidos-rastreadores.controller.ts">
        <metrics statements="21" coveredstatements="20" conditionals="20" coveredconditionals="16" methods="6" coveredmethods="5"/>
        <line num="1" count="1" type="stmt"/>
        <line num="2" count="1" type="stmt"/>
        <line num="3" count="1" type="stmt"/>
        <line num="4" count="1" type="stmt"/>
        <line num="5" count="1" type="stmt"/>
        <line num="6" count="1" type="stmt"/>
        <line num="7" count="1" type="stmt"/>
        <line num="8" count="1" type="stmt"/>
        <line num="9" count="1" type="stmt"/>
        <line num="15" count="1" type="stmt"/>
        <line num="16" count="6" type="cond" truecount="3" falsecount="1"/>
        <line num="21" count="1" type="stmt"/>
        <line num="27" count="2" type="stmt"/>
        <line num="38" count="1" type="stmt"/>
        <line num="39" count="2" type="stmt"/>
        <line num="45" count="1" type="stmt"/>
        <line num="49" count="1" type="stmt"/>
        <line num="55" count="1" type="cond" truecount="3" falsecount="1"/>
        <line num="56" count="1" type="stmt"/>
        <line num="62" count="1" type="stmt"/>
        <line num="63" count="0" type="stmt"/>
      </file>
      <file name="pedidos-rastreadores.service.ts" path="C:\Users\gabry\Documents\Projetos\nexus-system\server\src\pedidos-rastreadores\pedidos-rastreadores.service.ts">
        <metrics statements="93" coveredstatements="74" conditionals="120" coveredconditionals="88" methods="12" coveredmethods="9"/>
        <line num="1" count="2" type="stmt"/>
        <line num="2" count="2" type="stmt"/>
        <line num="5" count="2" type="stmt"/>
        <line num="13" count="2" type="stmt"/>
        <line num="25" count="2" type="stmt"/>
        <line num="26" count="12" type="cond" truecount="3" falsecount="1"/>
        <line num="34" count="3" type="cond" truecount="1" falsecount="1"/>
        <line num="35" count="3" type="cond" truecount="1" falsecount="1"/>
        <line num="36" count="3" type="stmt"/>
        <line num="38" count="3" type="stmt"/>
        <line num="39" count="3" type="cond" truecount="2" falsecount="0"/>
        <line num="40" count="3" type="cond" truecount="2" falsecount="0"/>
        <line num="41" count="1" type="stmt"/>
        <line num="42" count="1" type="stmt"/>
        <line num="59" count="3" type="stmt"/>
        <line num="70" count="3" type="stmt"/>
        <line num="79" count="11" type="stmt"/>
        <line num="86" count="11" type="cond" truecount="2" falsecount="0"/>
        <line num="87" count="2" type="stmt"/>
        <line num="89" count="9" type="stmt"/>
        <line num="93" count="3" type="stmt"/>
        <line num="97" count="3" type="cond" truecount="2" falsecount="0"/>
        <line num="100" count="3" type="stmt"/>
        <line num="102" count="3" type="cond" truecount="2" falsecount="0"/>
        <line num="103" count="3" type="cond" truecount="4" falsecount="0"/>
        <line num="104" count="3" type="cond" truecount="4" falsecount="0"/>
        <line num="106" count="3" type="cond" truecount="1" falsecount="1"/>
        <line num="107" count="3" type="cond" truecount="2" falsecount="0"/>
        <line num="108" count="3" type="cond" truecount="2" falsecount="0"/>
        <line num="109" count="3" type="cond" truecount="2" falsecount="0"/>
        <line num="110" count="3" type="cond" truecount="2" falsecount="0"/>
        <line num="112" count="3" type="stmt"/>
        <line num="134" count="4" type="stmt"/>
        <line num="135" count="4" type="stmt"/>
        <line num="136" count="4" type="cond" truecount="1" falsecount="1"/>
        <line num="138" count="4" type="stmt"/>
        <line num="141" count="4" type="cond" truecount="2" falsecount="0"/>
        <line num="142" count="1" type="stmt"/>
        <line num="143" count="3" type="cond" truecount="2" falsecount="0"/>
        <line num="144" count="2" type="stmt"/>
        <line num="150" count="4" type="cond" truecount="1" falsecount="1"/>
        <line num="161" count="4" type="cond" truecount="2" falsecount="2"/>
        <line num="162" count="0" type="stmt"/>
        <line num="165" count="4" type="cond" truecount="4" falsecount="0"/>
        <line num="166" count="3" type="stmt"/>
        <line num="167" count="3" type="cond" truecount="4" falsecount="0"/>
        <line num="168" count="3" type="stmt"/>
        <line num="174" count="4" type="cond" truecount="2" falsecount="0"/>
        <line num="179" count="3" type="cond" truecount="2" falsecount="0"/>
        <line num="180" count="1" type="cond" truecount="3" falsecount="1"/>
        <line num="181" count="1" type="stmt"/>
        <line num="184" count="4" type="stmt"/>
        <line num="190" count="4" type="stmt"/>
        <line num="191" count="4" type="cond" truecount="2" falsecount="0"/>
        <line num="193" count="2" type="cond" truecount="1" falsecount="1"/>
        <line num="194" count="0" type="stmt"/>
        <line num="195" count="0" type="stmt"/>
        <line num="197" count="0" type="stmt"/>
        <line num="200" count="2" type="stmt"/>
        <line num="202" count="3" type="cond" truecount="1" falsecount="1"/>
        <line num="205" count="4" type="stmt"/>
        <line num="207" count="4" type="stmt"/>
        <line num="208" count="4" type="stmt"/>
        <line num="216" count="4" type="stmt"/>
        <line num="222" count="4" type="cond" truecount="2" falsecount="0"/>
        <line num="228" count="2" type="stmt"/>
        <line num="235" count="4" type="cond" truecount="1" falsecount="1"/>
        <line num="239" count="0" type="stmt"/>
        <line num="247" count="0" type="stmt"/>
        <line num="248" count="0" type="stmt"/>
        <line num="250" count="0" type="stmt"/>
        <line num="251" count="0" type="cond" truecount="0" falsecount="2"/>
        <line num="252" count="0" type="stmt"/>
        <line num="257" count="4" type="cond" truecount="4" falsecount="0"/>
        <line num="258" count="2" type="stmt"/>
        <line num="269" count="2" type="stmt"/>
        <line num="272" count="2" type="cond" truecount="1" falsecount="1"/>
        <line num="273" count="0" type="cond" truecount="0" falsecount="2"/>
        <line num="276" count="0" type="cond" truecount="0" falsecount="2"/>
        <line num="280" count="0" type="cond" truecount="0" falsecount="2"/>
        <line num="281" count="0" type="stmt"/>
        <line num="285" count="0" type="cond" truecount="0" falsecount="3"/>
        <line num="286" count="0" type="cond" truecount="0" falsecount="2"/>
        <line num="287" count="0" type="stmt"/>
        <line num="289" count="2" type="cond" truecount="2" falsecount="2"/>
        <line num="290" count="2" type="stmt"/>
        <line num="291" count="2" type="stmt"/>
        <line num="294" count="2" type="stmt"/>
        <line num="295" count="3" type="stmt"/>
        <line num="303" count="3" type="stmt"/>
        <line num="311" count="4" type="stmt"/>
        <line num="315" count="0" type="stmt"/>
        <line num="316" count="0" type="stmt"/>
      </file>
    </package>
    <package name="src.pedidos-rastreadores.dto">
      <metrics statements="36" coveredstatements="27" conditionals="16" coveredconditionals="9" methods="7" coveredmethods="0"/>
      <file name="create-pedido-rastreador.dto.ts" path="C:\Users\gabry\Documents\Projetos\nexus-system\server\src\pedidos-rastreadores\dto\create-pedido-rastreador.dto.ts">
        <metrics statements="25" coveredstatements="18" conditionals="12" coveredconditionals="6" methods="5" coveredmethods="0"/>
        <line num="1" count="1" type="stmt"/>
        <line num="2" count="1" type="stmt"/>
        <line num="15" count="1" type="stmt"/>
        <line num="18" count="1" type="stmt"/>
        <line num="20" count="0" type="stmt"/>
        <line num="21" count="0" type="cond" truecount="0" falsecount="2"/>
        <line num="22" count="0" type="cond" truecount="0" falsecount="2"/>
        <line num="25" count="0" type="stmt"/>
        <line num="29" count="1" type="stmt"/>
        <line num="32" count="1" type="cond" truecount="3" falsecount="1"/>
        <line num="35" count="0" type="stmt"/>
        <line num="38" count="1" type="stmt"/>
        <line num="41" count="0" type="stmt"/>
        <line num="45" count="1" type="stmt"/>
        <line num="48" count="0" type="stmt"/>
        <line num="52" count="1" type="stmt"/>
        <line num="55" count="1" type="stmt"/>
        <line num="60" count="1" type="stmt"/>
        <line num="66" count="1" type="stmt"/>
        <line num="72" count="1" type="stmt"/>
        <line num="78" count="1" type="stmt"/>
        <line num="84" count="1" type="stmt"/>
        <line num="89" count="1" type="stmt"/>
        <line num="94" count="1" type="cond" truecount="3" falsecount="1"/>
        <line num="99" count="1" type="stmt"/>
      </file>
      <file name="update-status-pedido.dto.ts" path="C:\Users\gabry\Documents\Projetos\nexus-system\server\src\pedidos-rastreadores\dto\update-status-pedido.dto.ts">
        <metrics statements="11" coveredstatements="9" conditionals="4" coveredconditionals="3" methods="2" coveredmethods="0"/>
        <line num="1" count="1" type="stmt"/>
        <line num="2" count="1" type="stmt"/>
        <line num="3" count="1" type="stmt"/>
        <line num="4" count="1" type="stmt"/>
        <line num="6" count="1" type="stmt"/>
        <line num="9" count="1" type="cond" truecount="3" falsecount="1"/>
        <line num="14" count="1" type="stmt"/>
        <line num="19" count="0" type="stmt"/>
        <line num="21" count="1" type="stmt"/>
        <line num="26" count="0" type="stmt"/>
        <line num="27" count="1" type="stmt"/>
      </file>
    </package>
    <package name="src.prisma">
      <metrics statements="15" coveredstatements="5" conditionals="18" coveredconditionals="3" methods="4" coveredmethods="0"/>
      <file name="prisma.service.ts" path="C:\Users\gabry\Documents\Projetos\nexus-system\server\src\prisma\prisma.service.ts">
        <metrics statements="15" coveredstatements="5" conditionals="18" coveredconditionals="3" methods="4" coveredmethods="0"/>
        <line num="1" count="20" type="stmt"/>
        <line num="2" count="20" type="stmt"/>
        <line num="3" count="20" type="stmt"/>
        <line num="4" count="20" type="stmt"/>
        <line num="13" count="0" type="cond" truecount="0" falsecount="2"/>
        <line num="16" count="0" type="stmt"/>
        <line num="17" count="0" type="cond" truecount="0" falsecount="2"/>
        <line num="18" count="0" type="stmt"/>
        <line num="28" count="20" type="stmt"/>
        <line num="33" count="0" type="stmt"/>
        <line num="34" count="0" type="stmt"/>
        <line num="35" count="0" type="stmt"/>
        <line num="39" count="0" type="stmt"/>
        <line num="43" count="0" type="stmt"/>
        <line num="47" count="0" type="stmt"/>
      </file>
    </package>
    <package name="src.roles">
      <metrics statements="69" coveredstatements="64" conditionals="38" coveredconditionals="31" methods="28" coveredmethods="24"/>
      <file name="roles.controller.ts" path="C:\Users\gabry\Documents\Projetos\nexus-system\server\src\roles\roles.controller.ts">
        <metrics statements="28" coveredstatements="26" conditionals="12" coveredconditionals="10" methods="11" coveredmethods="9"/>
        <line num="1" count="1" type="stmt"/>
        <line num="2" count="1" type="stmt"/>
        <line num="3" count="1" type="stmt"/>
        <line num="4" count="1" type="stmt"/>
        <line num="5" count="1" type="stmt"/>
        <line num="6" count="1" type="stmt"/>
        <line num="12" count="1" type="stmt"/>
        <line num="13" count="9" type="cond" truecount="3" falsecount="1"/>
        <line num="18" count="1" type="stmt"/>
        <line num="19" count="1" type="stmt"/>
        <line num="29" count="1" type="stmt"/>
        <line num="35" count="2" type="stmt"/>
        <line num="46" count="1" type="stmt"/>
        <line num="47" count="0" type="stmt"/>
        <line num="53" count="1" type="stmt"/>
        <line num="54" count="0" type="stmt"/>
        <line num="60" count="1" type="stmt"/>
        <line num="61" count="1" type="stmt"/>
        <line num="67" count="1" type="stmt"/>
        <line num="78" count="1" type="stmt"/>
        <line num="84" count="1" type="stmt"/>
        <line num="94" count="1" type="stmt"/>
        <line num="100" count="1" type="stmt"/>
        <line num="101" count="1" type="stmt"/>
        <line num="107" count="1" type="stmt"/>
        <line num="108" count="1" type="stmt"/>
        <line num="114" count="1" type="stmt"/>
        <line num="115" count="1" type="stmt"/>
      </file>
      <file name="roles.service.ts" path="C:\Users\gabry\Documents\Projetos\nexus-system\server\src\roles\roles.service.ts">
        <metrics statements="41" coveredstatements="38" conditionals="26" coveredconditionals="21" methods="17" coveredmethods="15"/>
        <line num="1" count="2" type="stmt"/>
        <line num="3" count="2" type="stmt"/>
        <line num="29" count="2" type="stmt"/>
        <line num="30" count="14" type="cond" truecount="3" falsecount="1"/>
        <line num="33" count="1" type="stmt"/>
        <line num="43" count="2" type="cond" truecount="0" falsecount="2"/>
        <line num="44" count="2" type="stmt"/>
        <line num="46" count="2" type="stmt"/>
        <line num="48" count="2" type="cond" truecount="2" falsecount="0"/>
        <line num="49" count="1" type="stmt"/>
        <line num="52" count="2" type="cond" truecount="1" falsecount="1"/>
        <line num="53" count="0" type="stmt"/>
        <line num="56" count="2" type="stmt"/>
        <line num="73" count="2" type="stmt"/>
        <line num="74" count="1" type="stmt"/>
        <line num="85" count="3" type="stmt"/>
        <line num="96" count="3" type="cond" truecount="2" falsecount="0"/>
        <line num="98" count="1" type="stmt"/>
        <line num="105" count="1" type="stmt"/>
        <line num="122" count="2" type="stmt"/>
        <line num="123" count="2" type="cond" truecount="2" falsecount="0"/>
        <line num="125" count="1" type="stmt"/>
        <line num="136" count="0" type="stmt"/>
        <line num="142" count="0" type="stmt"/>
        <line num="148" count="2" type="stmt"/>
        <line num="149" count="2" type="stmt"/>
        <line num="150" count="2" type="cond" truecount="2" falsecount="0"/>
        <line num="151" count="1" type="stmt"/>
        <line num="152" count="3" type="stmt"/>
        <line num="156" count="2" type="stmt"/>
        <line num="163" count="3" type="stmt"/>
        <line num="167" count="3" type="cond" truecount="2" falsecount="0"/>
        <line num="168" count="2" type="stmt"/>
        <line num="172" count="2" type="stmt"/>
        <line num="173" count="2" type="cond" truecount="2" falsecount="0"/>
        <line num="174" count="1" type="stmt"/>
        <line num="175" count="1" type="stmt"/>
        <line num="176" count="1" type="cond" truecount="1" falsecount="1"/>
        <line num="177" count="1" type="stmt"/>
        <line num="178" count="2" type="stmt"/>
        <line num="182" count="1" type="stmt"/>
      </file>
    </package>
    <package name="src.tecnicos">
      <metrics statements="40" coveredstatements="40" conditionals="56" coveredconditionals="47" methods="10" coveredmethods="10"/>
      <file name="tecnicos.controller.ts" path="C:\Users\gabry\Documents\Projetos\nexus-system\server\src\tecnicos\tecnicos.controller.ts">
        <metrics statements="17" coveredstatements="17" conditionals="12" coveredconditionals="9" methods="5" coveredmethods="5"/>
        <line num="1" count="1" type="stmt"/>
        <line num="2" count="1" type="stmt"/>
        <line num="3" count="1" type="stmt"/>
        <line num="4" count="1" type="stmt"/>
        <line num="5" count="1" type="stmt"/>
        <line num="6" count="1" type="stmt"/>
        <line num="7" count="1" type="stmt"/>
        <line num="13" count="1" type="stmt"/>
        <line num="14" count="4" type="cond" truecount="3" falsecount="1"/>
        <line num="19" count="1" type="stmt"/>
        <line num="20" count="1" type="stmt"/>
        <line num="26" count="1" type="stmt"/>
        <line num="27" count="1" type="stmt"/>
        <line num="33" count="1" type="cond" truecount="3" falsecount="1"/>
        <line num="34" count="1" type="stmt"/>
        <line num="40" count="1" type="cond" truecount="3" falsecount="1"/>
        <line num="41" count="1" type="stmt"/>
      </file>
      <file name="tecnicos.service.ts" path="C:\Users\gabry\Documents\Projetos\nexus-system\server\src\tecnicos\tecnicos.service.ts">
        <metrics statements="23" coveredstatements="23" conditionals="44" coveredconditionals="38" methods="5" coveredmethods="5"/>
        <line num="1" count="2" type="stmt"/>
        <line num="2" count="2" type="stmt"/>
        <line num="8" count="2" type="stmt"/>
        <line num="9" count="10" type="cond" truecount="3" falsecount="1"/>
        <line num="12" count="1" type="stmt"/>
        <line num="19" count="13" type="stmt"/>
        <line num="23" count="13" type="cond" truecount="2" falsecount="0"/>
        <line num="24" count="10" type="stmt"/>
        <line num="28" count="3" type="stmt"/>
        <line num="45" count="3" type="cond" truecount="2" falsecount="0"/>
        <line num="46" count="1" type="stmt"/>
        <line num="47" count="1" type="stmt"/>
        <line num="58" count="3" type="stmt"/>
        <line num="62" count="4" type="stmt"/>
        <line num="63" count="3" type="stmt"/>
        <line num="81" count="3" type="cond" truecount="2" falsecount="0"/>
        <line num="82" count="2" type="stmt"/>
        <line num="83" count="2" type="stmt"/>
        <line num="86" count="2" type="stmt"/>
        <line num="93" count="2" type="cond" truecount="2" falsecount="0"/>
        <line num="94" count="1" type="stmt"/>
        <line num="99" count="1" type="stmt"/>
        <line num="104" count="3" type="stmt"/>
      </file>
    </package>
    <package name="src.tecnicos.dto">
      <metrics statements="50" coveredstatements="48" conditionals="0" coveredconditionals="0" methods="2" coveredmethods="0"/>
      <file name="create-tecnico.dto.ts" path="C:\Users\gabry\Documents\Projetos\nexus-system\server\src\tecnicos\dto\create-tecnico.dto.ts">
        <metrics statements="25" coveredstatements="24" conditionals="0" coveredconditionals="0" methods="1" coveredmethods="0"/>
        <line num="1" count="1" type="stmt"/>
        <line num="2" count="1" type="stmt"/>
        <line num="3" count="1" type="stmt"/>
        <line num="13" count="1" type="stmt"/>
        <line num="18" count="1" type="stmt"/>
        <line num="24" count="1" type="stmt"/>
        <line num="30" count="1" type="stmt"/>
        <line num="36" count="1" type="stmt"/>
        <line num="42" count="1" type="stmt"/>
        <line num="45" count="1" type="stmt"/>
        <line num="49" count="1" type="stmt"/>
        <line num="54" count="1" type="stmt"/>
        <line num="59" count="1" type="stmt"/>
        <line num="64" count="1" type="stmt"/>
        <line num="69" count="1" type="stmt"/>
        <line num="74" count="1" type="stmt"/>
        <line num="79" count="1" type="stmt"/>
        <line num="84" count="1" type="stmt"/>
        <line num="89" count="1" type="stmt"/>
        <line num="94" count="1" type="stmt"/>
        <line num="99" count="1" type="stmt"/>
        <line num="104" count="1" type="stmt"/>
        <line num="109" count="1" type="stmt"/>
        <line num="114" count="0" type="stmt"/>
        <line num="115" count="1" type="stmt"/>
      </file>
      <file name="update-tecnico.dto.ts" path="C:\Users\gabry\Documents\Projetos\nexus-system\server\src\tecnicos\dto\update-tecnico.dto.ts">
        <metrics statements="25" coveredstatements="24" conditionals="0" coveredconditionals="0" methods="1" coveredmethods="0"/>
        <line num="1" count="1" type="stmt"/>
        <line num="2" count="1" type="stmt"/>
        <line num="3" count="1" type="stmt"/>
        <line num="13" count="1" type="stmt"/>
        <line num="18" count="1" type="stmt"/>
        <line num="24" count="1" type="stmt"/>
        <line num="30" count="1" type="stmt"/>
        <line num="36" count="1" type="stmt"/>
        <line num="42" count="1" type="stmt"/>
        <line num="45" count="1" type="stmt"/>
        <line num="50" count="1" type="stmt"/>
        <line num="55" count="1" type="stmt"/>
        <line num="60" count="1" type="stmt"/>
        <line num="65" count="1" type="stmt"/>
        <line num="70" count="1" type="stmt"/>
        <line num="75" count="1" type="stmt"/>
        <line num="80" count="1" type="stmt"/>
        <line num="85" count="1" type="stmt"/>
        <line num="90" count="1" type="stmt"/>
        <line num="95" count="1" type="stmt"/>
        <line num="100" count="1" type="stmt"/>
        <line num="105" count="1" type="stmt"/>
        <line num="110" count="1" type="stmt"/>
        <line num="115" count="0" type="stmt"/>
        <line num="116" count="1" type="stmt"/>
      </file>
    </package>
    <package name="src.users">
      <metrics statements="73" coveredstatements="70" conditionals="46" coveredconditionals="35" methods="20" coveredmethods="17"/>
      <file name="users.controller.ts" path="C:\Users\gabry\Documents\Projetos\nexus-system\server\src\users\users.controller.ts">
        <metrics statements="21" coveredstatements="21" conditionals="18" coveredconditionals="15" methods="7" coveredmethods="7"/>
        <line num="1" count="1" type="stmt"/>
        <line num="2" count="1" type="stmt"/>
        <line num="3" count="1" type="stmt"/>
        <line num="4" count="1" type="stmt"/>
        <line num="5" count="1" type="stmt"/>
        <line num="6" count="1" type="stmt"/>
        <line num="7" count="1" type="stmt"/>
        <line num="13" count="1" type="stmt"/>
        <line num="14" count="8" type="cond" truecount="3" falsecount="1"/>
        <line num="19" count="1" type="stmt"/>
        <line num="20" count="1" type="stmt"/>
        <line num="30" count="1" type="stmt"/>
        <line num="36" count="3" type="stmt"/>
        <line num="47" count="1" type="stmt"/>
        <line num="48" count="1" type="stmt"/>
        <line num="54" count="1" type="cond" truecount="3" falsecount="1"/>
        <line num="55" count="1" type="stmt"/>
        <line num="61" count="1" type="cond" truecount="3" falsecount="1"/>
        <line num="62" count="1" type="stmt"/>
        <line num="68" count="1" type="stmt"/>
        <line num="69" count="1" type="stmt"/>
      </file>
      <file name="users.service.ts" path="C:\Users\gabry\Documents\Projetos\nexus-system\server\src\users\users.service.ts">
        <metrics statements="52" coveredstatements="49" conditionals="28" coveredconditionals="20" methods="13" coveredmethods="10"/>
        <line num="1" count="11" type="stmt"/>
        <line num="2" count="11" type="stmt"/>
        <line num="3" count="11" type="stmt"/>
        <line num="8" count="11" type="stmt"/>
        <line num="9" count="16" type="cond" truecount="3" falsecount="1"/>
        <line num="12" count="1" type="stmt"/>
        <line num="27" count="2" type="stmt"/>
        <line num="36" count="4" type="cond" truecount="0" falsecount="2"/>
        <line num="37" count="4" type="stmt"/>
        <line num="44" count="4" type="stmt"/>
        <line num="46" count="4" type="cond" truecount="2" falsecount="0"/>
        <line num="47" count="1" type="stmt"/>
        <line num="53" count="4" type="cond" truecount="2" falsecount="0"/>
        <line num="54" count="1" type="stmt"/>
        <line num="57" count="4" type="stmt"/>
        <line num="79" count="4" type="stmt"/>
        <line num="80" count="1" type="stmt"/>
        <line num="88" count="8" type="stmt"/>
        <line num="92" count="8" type="cond" truecount="2" falsecount="0"/>
        <line num="93" count="4" type="stmt"/>
        <line num="94" count="4" type="stmt"/>
        <line num="98" count="3" type="stmt"/>
        <line num="99" count="3" type="cond" truecount="2" falsecount="0"/>
        <line num="100" count="1" type="stmt"/>
        <line num="101" count="1" type="stmt"/>
        <line num="110" count="1" type="stmt"/>
        <line num="111" count="1" type="stmt"/>
        <line num="115" count="3" type="stmt"/>
        <line num="116" count="2" type="cond" truecount="2" falsecount="0"/>
        <line num="117" count="1" type="stmt"/>
        <line num="120" count="1" type="cond" truecount="1" falsecount="1"/>
        <line num="122" count="1" type="stmt"/>
        <line num="123" count="1" type="cond" truecount="1" falsecount="1"/>
        <line num="124" count="1" type="cond" truecount="1" falsecount="1"/>
        <line num="125" count="1" type="cond" truecount="1" falsecount="1"/>
        <line num="126" count="1" type="cond" truecount="1" falsecount="1"/>
        <line num="127" count="1" type="stmt"/>
        <line num="131" count="1" type="stmt"/>
        <line num="132" count="1" type="stmt"/>
        <line num="136" count="2" type="stmt"/>
        <line num="137" count="1" type="stmt"/>
        <line num="138" count="1" type="stmt"/>
        <line num="139" count="1" type="stmt"/>
        <line num="143" count="1" type="stmt"/>
        <line num="147" count="0" type="stmt"/>
        <line num="166" count="0" type="stmt"/>
        <line num="177" count="2" type="stmt"/>
        <line num="178" count="2" type="stmt"/>
        <line num="179" count="2" type="stmt"/>
        <line num="180" count="3" type="stmt"/>
        <line num="183" count="2" type="stmt"/>
        <line num="187" count="0" type="stmt"/>
      </file>
    </package>
    <package name="src.users.dto">
      <metrics statements="15" coveredstatements="15" conditionals="0" coveredconditionals="0" methods="0" coveredmethods="0"/>
      <file name="create-user.dto.ts" path="C:\Users\gabry\Documents\Projetos\nexus-system\server\src\users\dto\create-user.dto.ts">
        <metrics statements="8" coveredstatements="8" conditionals="0" coveredconditionals="0" methods="0" coveredmethods="0"/>
        <line num="1" count="1" type="stmt"/>
        <line num="2" count="1" type="stmt"/>
        <line num="4" count="1" type="stmt"/>
        <line num="8" count="1" type="stmt"/>
        <line num="12" count="1" type="stmt"/>
        <line num="17" count="1" type="stmt"/>
        <line num="22" count="1" type="stmt"/>
        <line num="27" count="1" type="stmt"/>
      </file>
      <file name="update-user.dto.ts" path="C:\Users\gabry\Documents\Projetos\nexus-system\server\src\users\dto\update-user.dto.ts">
        <metrics statements="7" coveredstatements="7" conditionals="0" coveredconditionals="0" methods="0" coveredmethods="0"/>
        <line num="1" count="1" type="stmt"/>
        <line num="2" count="1" type="stmt"/>
        <line num="4" count="1" type="stmt"/>
        <line num="9" count="1" type="stmt"/>
        <line num="14" count="1" type="stmt"/>
        <line num="19" count="1" type="stmt"/>
        <line num="24" count="1" type="stmt"/>
      </file>
    </package>
    <package name="src.veiculos">
      <metrics statements="15" coveredstatements="15" conditionals="10" coveredconditionals="8" methods="4" coveredmethods="4"/>
      <file name="veiculos.controller.ts" path="C:\Users\gabry\Documents\Projetos\nexus-system\server\src\veiculos\veiculos.controller.ts">
        <metrics statements="9" coveredstatements="9" conditionals="4" coveredconditionals="3" methods="2" coveredmethods="2"/>
        <line num="1" count="1" type="stmt"/>
        <line num="2" count="1" type="stmt"/>
        <line num="3" count="1" type="stmt"/>
        <line num="4" count="1" type="stmt"/>
        <line num="5" count="1" type="stmt"/>
        <line num="11" count="1" type="stmt"/>
        <line num="12" count="2" type="cond" truecount="3" falsecount="1"/>
        <line num="17" count="1" type="stmt"/>
        <line num="18" count="2" type="stmt"/>
      </file>
      <file name="veiculos.service.ts" path="C:\Users\gabry\Documents\Projetos\nexus-system\server\src\veiculos\veiculos.service.ts">
        <metrics statements="6" coveredstatements="6" conditionals="6" coveredconditionals="5" methods="2" coveredmethods="2"/>
        <line num="1" count="2" type="stmt"/>
        <line num="2" count="2" type="stmt"/>
        <line num="5" count="2" type="stmt"/>
        <line num="6" count="4" type="cond" truecount="3" falsecount="1"/>
        <line num="9" count="4" type="cond" truecount="2" falsecount="0"/>
        <line num="12" count="4" type="stmt"/>
      </file>
    </package>
  </project>
</coverage>
