{"C:\\Users\\gabry\\Documents\\Projetos\\nexus-system\\server\\src\\app.controller.ts": {"path":"C:\\Users\\gabry\\Documents\\Projetos\\nexus-system\\server\\src\\app.controller.ts","statementMap":{"0":{"start":{"line":1,"column":0},"end":{"line":1,"column":49}},"1":{"start":{"line":2,"column":0},"end":{"line":2,"column":60}},"2":{"start":{"line":3,"column":0},"end":{"line":3,"column":43}},"3":{"start":{"line":6,"column":7},"end":{"line":14,"column":null}},"4":{"start":{"line":7,"column":31},"end":{"line":7,"column":43}},"5":{"start":{"line":12,"column":4},"end":{"line":12,"column":38}},"6":{"start":{"line":6,"column":13},"end":{"line":6,"column":26}},"7":{"start":{"line":11,"column":2},"end":{"line":13,"column":null}},"8":{"start":{"line":6,"column":13},"end":{"line":14,"column":null}}},"fnMap":{"0":{"name":"(anonymous_2)","decl":{"start":{"line":7,"column":2},"end":{"line":7,"column":31}},"loc":{"start":{"line":7,"column":53},"end":{"line":7,"column":57}}},"1":{"name":"(anonymous_3)","decl":{"start":{"line":11,"column":2},"end":{"line":11,"column":10}},"loc":{"start":{"line":11,"column":10},"end":{"line":13,"column":3}}}},"branchMap":{"0":{"loc":{"start":{"line":7,"column":43},"end":{"line":7,"column":56}},"type":"cond-expr","locations":[{"start":{"line":7,"column":53},"end":{"line":7,"column":56}},{"start":{"line":7,"column":53},"end":{"line":7,"column":56}}]},"1":{"loc":{"start":{"line":7,"column":43},"end":{"line":7,"column":53}},"type":"binary-expr","locations":[{"start":{"line":7,"column":43},"end":{"line":7,"column":56}},{"start":{"line":7,"column":43},"end":{"line":7,"column":53}}]}},"s":{"0":1,"1":1,"2":1,"3":1,"4":1,"5":1,"6":1,"7":1,"8":1},"f":{"0":1,"1":1},"b":{"0":[1,0],"1":[1,1]}}
,"C:\\Users\\gabry\\Documents\\Projetos\\nexus-system\\server\\src\\app.service.ts": {"path":"C:\\Users\\gabry\\Documents\\Projetos\\nexus-system\\server\\src\\app.service.ts","statementMap":{"0":{"start":{"line":1,"column":0},"end":{"line":1,"column":44}},"1":{"start":{"line":4,"column":7},"end":{"line":8,"column":null}},"2":{"start":{"line":6,"column":4},"end":{"line":6,"column":26}},"3":{"start":{"line":4,"column":13},"end":{"line":4,"column":23}},"4":{"start":{"line":4,"column":13},"end":{"line":8,"column":null}}},"fnMap":{"0":{"name":"(anonymous_1)","decl":{"start":{"line":5,"column":2},"end":{"line":5,"column":10}},"loc":{"start":{"line":5,"column":10},"end":{"line":7,"column":3}}}},"branchMap":{},"s":{"0":1,"1":1,"2":1,"3":1,"4":1},"f":{"0":1},"b":{}}
,"C:\\Users\\gabry\\Documents\\Projetos\\nexus-system\\server\\src\\aparelhos\\aparelhos.controller.ts": {"path":"C:\\Users\\gabry\\Documents\\Projetos\\nexus-system\\server\\src\\aparelhos\\aparelhos.controller.ts","statementMap":{"0":{"start":{"line":1,"column":0},"end":{"line":1,"column":86}},"1":{"start":{"line":2,"column":0},"end":{"line":2,"column":71}},"2":{"start":{"line":3,"column":0},"end":{"line":3,"column":86}},"3":{"start":{"line":4,"column":0},"end":{"line":4,"column":68}},"4":{"start":{"line":5,"column":0},"end":{"line":5,"column":55}},"5":{"start":{"line":12,"column":7},"end":{"line":143,"column":null}},"6":{"start":{"line":13,"column":31},"end":{"line":13,"column":49}},"7":{"start":{"line":19,"column":4},"end":{"line":19,"column":43}},"8":{"start":{"line":26,"column":4},"end":{"line":26,"column":45}},"9":{"start":{"line":33,"column":4},"end":{"line":33,"column":70}},"10":{"start":{"line":40,"column":4},"end":{"line":40,"column":63}},"11":{"start":{"line":47,"column":4},"end":{"line":47,"column":46}},"12":{"start":{"line":54,"column":4},"end":{"line":54,"column":49}},"13":{"start":{"line":61,"column":4},"end":{"line":61,"column":55}},"14":{"start":{"line":71,"column":4},"end":{"line":71,"column":79}},"15":{"start":{"line":78,"column":4},"end":{"line":78,"column":68}},"16":{"start":{"line":96,"column":4},"end":{"line":96,"column":49}},"17":{"start":{"line":103,"column":4},"end":{"line":103,"column":43}},"18":{"start":{"line":110,"column":4},"end":{"line":110,"column":54}},"19":{"start":{"line":117,"column":4},"end":{"line":117,"column":49}},"20":{"start":{"line":127,"column":4},"end":{"line":127,"column":67}},"21":{"start":{"line":134,"column":4},"end":{"line":134,"column":66}},"22":{"start":{"line":141,"column":4},"end":{"line":141,"column":81}},"23":{"start":{"line":12,"column":13},"end":{"line":12,"column":32}},"24":{"start":{"line":18,"column":2},"end":{"line":20,"column":null}},"25":{"start":{"line":25,"column":2},"end":{"line":27,"column":null}},"26":{"start":{"line":32,"column":2},"end":{"line":34,"column":null}},"27":{"start":{"line":39,"column":2},"end":{"line":41,"column":null}},"28":{"start":{"line":46,"column":2},"end":{"line":48,"column":null}},"29":{"start":{"line":53,"column":2},"end":{"line":55,"column":null}},"30":{"start":{"line":60,"column":2},"end":{"line":62,"column":null}},"31":{"start":{"line":67,"column":2},"end":{"line":72,"column":null}},"32":{"start":{"line":77,"column":2},"end":{"line":79,"column":null}},"33":{"start":{"line":84,"column":2},"end":{"line":97,"column":null}},"34":{"start":{"line":102,"column":2},"end":{"line":104,"column":null}},"35":{"start":{"line":109,"column":2},"end":{"line":111,"column":null}},"36":{"start":{"line":116,"column":2},"end":{"line":118,"column":null}},"37":{"start":{"line":123,"column":2},"end":{"line":128,"column":null}},"38":{"start":{"line":133,"column":2},"end":{"line":135,"column":null}},"39":{"start":{"line":140,"column":2},"end":{"line":142,"column":null}},"40":{"start":{"line":12,"column":13},"end":{"line":143,"column":null}}},"fnMap":{"0":{"name":"(anonymous_4)","decl":{"start":{"line":13,"column":2},"end":{"line":13,"column":31}},"loc":{"start":{"line":13,"column":65},"end":{"line":13,"column":70}}},"1":{"name":"(anonymous_5)","decl":{"start":{"line":18,"column":2},"end":{"line":18,"column":9}},"loc":{"start":{"line":18,"column":9},"end":{"line":20,"column":3}}},"2":{"name":"(anonymous_6)","decl":{"start":{"line":25,"column":2},"end":{"line":25,"column":11}},"loc":{"start":{"line":25,"column":11},"end":{"line":27,"column":3}}},"3":{"name":"(anonymous_7)","decl":{"start":{"line":32,"column":2},"end":{"line":32,"column":22}},"loc":{"start":{"line":32,"column":22},"end":{"line":34,"column":3}}},"4":{"name":"(anonymous_8)","decl":{"start":{"line":39,"column":2},"end":{"line":39,"column":14}},"loc":{"start":{"line":39,"column":14},"end":{"line":41,"column":3}}},"5":{"name":"(anonymous_9)","decl":{"start":{"line":46,"column":2},"end":{"line":46,"column":9}},"loc":{"start":{"line":46,"column":33},"end":{"line":48,"column":3}}},"6":{"name":"(anonymous_10)","decl":{"start":{"line":53,"column":2},"end":{"line":53,"column":12}},"loc":{"start":{"line":53,"column":29},"end":{"line":55,"column":3}}},"7":{"name":"(anonymous_11)","decl":{"start":{"line":60,"column":2},"end":{"line":60,"column":18}},"loc":{"start":{"line":60,"column":35},"end":{"line":62,"column":3}}},"8":{"name":"(anonymous_12)","decl":{"start":{"line":67,"column":2},"end":{"line":67,"column":14}},"loc":{"start":{"line":69,"column":64},"end":{"line":72,"column":3}}},"9":{"name":"(anonymous_13)","decl":{"start":{"line":77,"column":2},"end":{"line":77,"column":19}},"loc":{"start":{"line":77,"column":77},"end":{"line":79,"column":3}}},"10":{"name":"(anonymous_14)","decl":{"start":{"line":84,"column":2},"end":{"line":84,"column":12}},"loc":{"start":{"line":94,"column":5},"end":{"line":97,"column":3}}},"11":{"name":"(anonymous_15)","decl":{"start":{"line":102,"column":2},"end":{"line":102,"column":9}},"loc":{"start":{"line":102,"column":9},"end":{"line":104,"column":3}}},"12":{"name":"(anonymous_16)","decl":{"start":{"line":109,"column":2},"end":{"line":109,"column":20}},"loc":{"start":{"line":109,"column":20},"end":{"line":111,"column":3}}},"13":{"name":"(anonymous_17)","decl":{"start":{"line":116,"column":2},"end":{"line":116,"column":12}},"loc":{"start":{"line":116,"column":36},"end":{"line":118,"column":3}}},"14":{"name":"(anonymous_18)","decl":{"start":{"line":123,"column":2},"end":{"line":123,"column":19}},"loc":{"start":{"line":125,"column":41},"end":{"line":128,"column":3}}},"15":{"name":"(anonymous_19)","decl":{"start":{"line":133,"column":2},"end":{"line":133,"column":32}},"loc":{"start":{"line":133,"column":32},"end":{"line":135,"column":3}}},"16":{"name":"(anonymous_20)","decl":{"start":{"line":140,"column":2},"end":{"line":140,"column":11}},"loc":{"start":{"line":140,"column":41},"end":{"line":142,"column":3}}}},"branchMap":{"0":{"loc":{"start":{"line":78,"column":51},"end":{"line":78,"column":66}},"type":"binary-expr","locations":[{"start":{"line":78,"column":51},"end":{"line":78,"column":60}},{"start":{"line":78,"column":64},"end":{"line":78,"column":66}}]},"1":{"loc":{"start":{"line":141,"column":57},"end":{"line":141,"column":79}},"type":"binary-expr","locations":[{"start":{"line":141,"column":57},"end":{"line":141,"column":73}},{"start":{"line":141,"column":77},"end":{"line":141,"column":79}}]},"2":{"loc":{"start":{"line":13,"column":49},"end":{"line":13,"column":69}},"type":"cond-expr","locations":[{"start":{"line":13,"column":65},"end":{"line":13,"column":69}},{"start":{"line":13,"column":65},"end":{"line":13,"column":69}}]},"3":{"loc":{"start":{"line":13,"column":49},"end":{"line":13,"column":65}},"type":"binary-expr","locations":[{"start":{"line":13,"column":49},"end":{"line":13,"column":69}},{"start":{"line":13,"column":49},"end":{"line":13,"column":65}}]}},"s":{"0":1,"1":1,"2":1,"3":1,"4":1,"5":1,"6":13,"7":1,"8":1,"9":1,"10":1,"11":1,"12":1,"13":1,"14":1,"15":2,"16":0,"17":1,"18":0,"19":1,"20":1,"21":0,"22":0,"23":1,"24":1,"25":1,"26":1,"27":1,"28":1,"29":1,"30":1,"31":1,"32":1,"33":1,"34":1,"35":1,"36":1,"37":1,"38":1,"39":1,"40":1},"f":{"0":13,"1":1,"2":1,"3":1,"4":1,"5":1,"6":1,"7":1,"8":1,"9":2,"10":0,"11":1,"12":0,"13":1,"14":1,"15":0,"16":0},"b":{"0":[2,1],"1":[0,0],"2":[1,0],"3":[1,1]}}
,"C:\\Users\\gabry\\Documents\\Projetos\\nexus-system\\server\\src\\aparelhos\\aparelhos.service.ts": {"path":"C:\\Users\\gabry\\Documents\\Projetos\\nexus-system\\server\\src\\aparelhos\\aparelhos.service.ts","statementMap":{"0":{"start":{"line":1,"column":0},"end":{"line":1,"column":84}},"1":{"start":{"line":2,"column":0},"end":{"line":2,"column":57}},"2":{"start":{"line":36,"column":7},"end":{"line":692,"column":null}},"3":{"start":{"line":37,"column":31},"end":{"line":37,"column":39}},"4":{"start":{"line":40,"column":4},"end":{"line":53,"column":7}},"5":{"start":{"line":57,"column":21},"end":{"line":67,"column":6}},"6":{"start":{"line":68,"column":4},"end":{"line":68,"column":74}},"7":{"start":{"line":68,"column":19},"end":{"line":68,"column":74}},"8":{"start":{"line":69,"column":4},"end":{"line":69,"column":20}},"9":{"start":{"line":86,"column":8},"end":{"line":86,"column":11}},"10":{"start":{"line":88,"column":4},"end":{"line":90,"column":5}},"11":{"start":{"line":89,"column":6},"end":{"line":89,"column":74}},"12":{"start":{"line":92,"column":31},"end":{"line":92,"column":76}},"13":{"start":{"line":93,"column":21},"end":{"line":93,"column":77}},"14":{"start":{"line":94,"column":23},"end":{"line":94,"column":47}},"15":{"start":{"line":96,"column":4},"end":{"line":157,"column":7}},"16":{"start":{"line":97,"column":19},"end":{"line":112,"column":8}},"17":{"start":{"line":114,"column":62},"end":{"line":114,"column":64}},"18":{"start":{"line":116,"column":6},"end":{"line":146,"column":7}},"19":{"start":{"line":117,"column":8},"end":{"line":130,"column":9}},"20":{"start":{"line":118,"column":10},"end":{"line":129,"column":13}},"21":{"start":{"line":132,"column":8},"end":{"line":145,"column":9}},"22":{"start":{"line":132,"column":21},"end":{"line":132,"column":22}},"23":{"start":{"line":133,"column":10},"end":{"line":144,"column":13}},"24":{"start":{"line":148,"column":6},"end":{"line":148,"column":60}},"25":{"start":{"line":150,"column":6},"end":{"line":156,"column":9}},"26":{"start":{"line":161,"column":21},"end":{"line":161,"column":43}},"27":{"start":{"line":163,"column":4},"end":{"line":170,"column":7}},"28":{"start":{"line":172,"column":4},"end":{"line":181,"column":7}},"29":{"start":{"line":185,"column":40},"end":{"line":195,"column":6}},"30":{"start":{"line":197,"column":4},"end":{"line":207,"column":6}},"31":{"start":{"line":200,"column":24},"end":{"line":200,"column":69}},"32":{"start":{"line":204,"column":24},"end":{"line":204,"column":65}},"33":{"start":{"line":224,"column":8},"end":{"line":224,"column":11}},"34":{"start":{"line":226,"column":22},"end":{"line":228,"column":6}},"35":{"start":{"line":230,"column":4},"end":{"line":234,"column":5}},"36":{"start":{"line":231,"column":6},"end":{"line":233,"column":8}},"37":{"start":{"line":236,"column":41},"end":{"line":236,"column":53}},"38":{"start":{"line":237,"column":4},"end":{"line":241,"column":5}},"39":{"start":{"line":238,"column":6},"end":{"line":238,"column":36}},"40":{"start":{"line":239,"column":11},"end":{"line":241,"column":5}},"41":{"start":{"line":240,"column":6},"end":{"line":240,"column":36}},"42":{"start":{"line":243,"column":21},"end":{"line":257,"column":6}},"43":{"start":{"line":259,"column":4},"end":{"line":277,"column":7}},"44":{"start":{"line":279,"column":4},"end":{"line":279,"column":20}},"45":{"start":{"line":284,"column":4},"end":{"line":284,"column":53}},"46":{"start":{"line":284,"column":43},"end":{"line":284,"column":53}},"47":{"start":{"line":285,"column":4},"end":{"line":288,"column":23}},"48":{"start":{"line":287,"column":18},"end":{"line":287,"column":84}},"49":{"start":{"line":298,"column":18},"end":{"line":298,"column":41}},"50":{"start":{"line":299,"column":4},"end":{"line":301,"column":5}},"51":{"start":{"line":300,"column":6},"end":{"line":300,"column":42}},"52":{"start":{"line":302,"column":23},"end":{"line":305,"column":6}},"53":{"start":{"line":306,"column":4},"end":{"line":306,"column":55}},"54":{"start":{"line":306,"column":21},"end":{"line":306,"column":55}},"55":{"start":{"line":307,"column":4},"end":{"line":309,"column":5}},"56":{"start":{"line":308,"column":6},"end":{"line":308,"column":74}},"57":{"start":{"line":310,"column":4},"end":{"line":315,"column":6}},"58":{"start":{"line":324,"column":18},"end":{"line":324,"column":42}},"59":{"start":{"line":325,"column":4},"end":{"line":327,"column":5}},"60":{"start":{"line":326,"column":6},"end":{"line":326,"column":42}},"61":{"start":{"line":328,"column":16},"end":{"line":331,"column":6}},"62":{"start":{"line":332,"column":4},"end":{"line":332,"column":48}},"63":{"start":{"line":332,"column":14},"end":{"line":332,"column":48}},"64":{"start":{"line":333,"column":24},"end":{"line":333,"column":59}},"65":{"start":{"line":334,"column":4},"end":{"line":336,"column":5}},"66":{"start":{"line":335,"column":6},"end":{"line":335,"column":63}},"67":{"start":{"line":337,"column":4},"end":{"line":341,"column":6}},"68":{"start":{"line":357,"column":9},"end":{"line":357,"column":11}},"69":{"start":{"line":359,"column":4},"end":{"line":393,"column":5}},"70":{"start":{"line":360,"column":35},"end":{"line":363,"column":8}},"71":{"start":{"line":365,"column":88},"end":{"line":365,"column":92}},"72":{"start":{"line":366,"column":6},"end":{"line":379,"column":7}},"73":{"start":{"line":372,"column":8},"end":{"line":372,"column":36}},"74":{"start":{"line":373,"column":13},"end":{"line":379,"column":7}},"75":{"start":{"line":374,"column":8},"end":{"line":374,"column":45}},"76":{"start":{"line":375,"column":13},"end":{"line":379,"column":7}},"77":{"start":{"line":376,"column":8},"end":{"line":376,"column":45}},"78":{"start":{"line":377,"column":13},"end":{"line":379,"column":7}},"79":{"start":{"line":378,"column":8},"end":{"line":378,"column":41}},"80":{"start":{"line":381,"column":6},"end":{"line":392,"column":9}},"81":{"start":{"line":395,"column":20},"end":{"line":395,"column":77}},"82":{"start":{"line":395,"column":45},"end":{"line":395,"column":69}},"83":{"start":{"line":396,"column":23},"end":{"line":399,"column":12}},"84":{"start":{"line":398,"column":8},"end":{"line":398,"column":88}},"85":{"start":{"line":400,"column":18},"end":{"line":400,"column":82}},"86":{"start":{"line":400,"column":43},"end":{"line":400,"column":74}},"87":{"start":{"line":402,"column":4},"end":{"line":405,"column":6}},"88":{"start":{"line":418,"column":96},"end":{"line":418,"column":99}},"89":{"start":{"line":419,"column":4},"end":{"line":421,"column":5}},"90":{"start":{"line":420,"column":6},"end":{"line":420,"column":60}},"91":{"start":{"line":423,"column":20},"end":{"line":423,"column":55}},"92":{"start":{"line":424,"column":30},"end":{"line":424,"column":95}},"93":{"start":{"line":424,"column":59},"end":{"line":424,"column":94}},"94":{"start":{"line":425,"column":26},"end":{"line":425,"column":87}},"95":{"start":{"line":425,"column":55},"end":{"line":425,"column":86}},"96":{"start":{"line":427,"column":27},"end":{"line":427,"column":45}},"97":{"start":{"line":428,"column":29},"end":{"line":428,"column":84}},"98":{"start":{"line":429,"column":23},"end":{"line":429,"column":34}},"99":{"start":{"line":430,"column":25},"end":{"line":430,"column":47}},"100":{"start":{"line":432,"column":4},"end":{"line":436,"column":5}},"101":{"start":{"line":433,"column":6},"end":{"line":435,"column":8}},"102":{"start":{"line":437,"column":4},"end":{"line":441,"column":5}},"103":{"start":{"line":438,"column":6},"end":{"line":440,"column":8}},"104":{"start":{"line":443,"column":21},"end":{"line":443,"column":26}},"105":{"start":{"line":444,"column":4},"end":{"line":447,"column":5}},"106":{"start":{"line":445,"column":18},"end":{"line":445,"column":68}},"107":{"start":{"line":446,"column":6},"end":{"line":446,"column":40}},"108":{"start":{"line":449,"column":4},"end":{"line":566,"column":7}},"109":{"start":{"line":450,"column":88},"end":{"line":450,"column":90}},"110":{"start":{"line":452,"column":6},"end":{"line":563,"column":7}},"111":{"start":{"line":457,"column":8},"end":{"line":494,"column":9}},"112":{"start":{"line":458,"column":10},"end":{"line":458,"column":41}},"113":{"start":{"line":459,"column":15},"end":{"line":494,"column":9}},"114":{"start":{"line":460,"column":32},"end":{"line":467,"column":12}},"115":{"start":{"line":468,"column":10},"end":{"line":472,"column":11}},"116":{"start":{"line":469,"column":12},"end":{"line":471,"column":14}},"117":{"start":{"line":473,"column":28},"end":{"line":473,"column":57}},"118":{"start":{"line":474,"column":10},"end":{"line":477,"column":13}},"119":{"start":{"line":478,"column":10},"end":{"line":478,"column":42}},"120":{"start":{"line":479,"column":15},"end":{"line":494,"column":9}},"121":{"start":{"line":480,"column":28},"end":{"line":480,"column":57}},"122":{"start":{"line":481,"column":23},"end":{"line":490,"column":12}},"123":{"start":{"line":491,"column":10},"end":{"line":491,"column":33}},"124":{"start":{"line":493,"column":10},"end":{"line":493,"column":19}},"125":{"start":{"line":497,"column":8},"end":{"line":533,"column":9}},"126":{"start":{"line":498,"column":10},"end":{"line":498,"column":30}},"127":{"start":{"line":499,"column":15},"end":{"line":533,"column":9}},"128":{"start":{"line":500,"column":32},"end":{"line":507,"column":12}},"129":{"start":{"line":508,"column":10},"end":{"line":512,"column":11}},"130":{"start":{"line":509,"column":12},"end":{"line":511,"column":14}},"131":{"start":{"line":513,"column":29},"end":{"line":513,"column":59}},"132":{"start":{"line":514,"column":10},"end":{"line":517,"column":13}},"133":{"start":{"line":518,"column":10},"end":{"line":518,"column":35}},"134":{"start":{"line":519,"column":15},"end":{"line":533,"column":9}},"135":{"start":{"line":520,"column":29},"end":{"line":520,"column":59}},"136":{"start":{"line":521,"column":23},"end":{"line":529,"column":12}},"137":{"start":{"line":530,"column":10},"end":{"line":530,"column":26}},"138":{"start":{"line":532,"column":10},"end":{"line":532,"column":19}},"139":{"start":{"line":536,"column":8},"end":{"line":543,"column":11}},"140":{"start":{"line":544,"column":8},"end":{"line":547,"column":11}},"141":{"start":{"line":549,"column":8},"end":{"line":556,"column":11}},"142":{"start":{"line":558,"column":8},"end":{"line":562,"column":11}},"143":{"start":{"line":565,"column":6},"end":{"line":565,"column":64}},"144":{"start":{"line":571,"column":17},"end":{"line":575,"column":6}},"145":{"start":{"line":576,"column":4},"end":{"line":576,"column":16}},"146":{"start":{"line":581,"column":17},"end":{"line":589,"column":6}},"147":{"start":{"line":590,"column":4},"end":{"line":605,"column":null}},"148":{"start":{"line":591,"column":22},"end":{"line":591,"column":39}},"149":{"start":{"line":592,"column":25},"end":{"line":592,"column":42}},"150":{"start":{"line":593,"column":6},"end":{"line":596,"column":null}},"151":{"start":{"line":594,"column":8},"end":{"line":594,"column":null}},"152":{"start":{"line":594,"column":33},"end":{"line":594,"column":null}},"153":{"start":{"line":595,"column":8},"end":{"line":595,"column":null}},"154":{"start":{"line":595,"column":25},"end":{"line":595,"column":null}},"155":{"start":{"line":597,"column":6},"end":{"line":604,"column":null}},"156":{"start":{"line":610,"column":16},"end":{"line":623,"column":6}},"157":{"start":{"line":624,"column":4},"end":{"line":624,"column":null}},"158":{"start":{"line":624,"column":14},"end":{"line":624,"column":null}},"159":{"start":{"line":625,"column":4},"end":{"line":625,"column":null}},"160":{"start":{"line":630,"column":21},"end":{"line":632,"column":6}},"161":{"start":{"line":633,"column":4},"end":{"line":633,"column":null}},"162":{"start":{"line":633,"column":19},"end":{"line":633,"column":null}},"163":{"start":{"line":634,"column":4},"end":{"line":636,"column":5}},"164":{"start":{"line":635,"column":6},"end":{"line":635,"column":null}},"165":{"start":{"line":637,"column":4},"end":{"line":640,"column":null}},"166":{"start":{"line":645,"column":45},"end":{"line":651,"column":null}},"167":{"start":{"line":652,"column":4},"end":{"line":659,"column":null}},"168":{"start":{"line":664,"column":20},"end":{"line":664,"column":31}},"169":{"start":{"line":665,"column":4},"end":{"line":665,"column":30}},"170":{"start":{"line":665,"column":18},"end":{"line":665,"column":30}},"171":{"start":{"line":666,"column":14},"end":{"line":666,"column":76}},"172":{"start":{"line":667,"column":4},"end":{"line":669,"column":5}},"173":{"start":{"line":668,"column":6},"end":{"line":668,"column":70}},"174":{"start":{"line":670,"column":4},"end":{"line":670,"column":15}},"175":{"start":{"line":675,"column":18},"end":{"line":683,"column":6}},"176":{"start":{"line":684,"column":4},"end":{"line":690,"column":10}},"177":{"start":{"line":685,"column":21},"end":{"line":685,"column":43}},"178":{"start":{"line":686,"column":19},"end":{"line":690,"column":8}},"179":{"start":{"line":36,"column":13},"end":{"line":36,"column":29}},"180":{"start":{"line":36,"column":13},"end":{"line":692,"column":null}}},"fnMap":{"0":{"name":"(anonymous_2)","decl":{"start":{"line":37,"column":2},"end":{"line":37,"column":31}},"loc":{"start":{"line":37,"column":52},"end":{"line":37,"column":57}}},"1":{"name":"(anonymous_3)","decl":{"start":{"line":39,"column":2},"end":{"line":39,"column":7}},"loc":{"start":{"line":39,"column":15},"end":{"line":54,"column":3}}},"2":{"name":"(anonymous_4)","decl":{"start":{"line":56,"column":2},"end":{"line":56,"column":7}},"loc":{"start":{"line":56,"column":26},"end":{"line":70,"column":3}}},"3":{"name":"(anonymous_5)","decl":{"start":{"line":72,"column":2},"end":{"line":72,"column":7}},"loc":{"start":{"line":72,"column":37},"end":{"line":158,"column":3}}},"4":{"name":"(anonymous_6)","decl":{"start":{"line":96,"column":36},"end":{"line":96,"column":41}},"loc":{"start":{"line":96,"column":49},"end":{"line":157,"column":5}}},"5":{"name":"(anonymous_7)","decl":{"start":{"line":160,"column":2},"end":{"line":160,"column":7}},"loc":{"start":{"line":160,"column":76},"end":{"line":182,"column":3}}},"6":{"name":"(anonymous_8)","decl":{"start":{"line":184,"column":2},"end":{"line":184,"column":7}},"loc":{"start":{"line":184,"column":17},"end":{"line":208,"column":3}}},"7":{"name":"(anonymous_9)","decl":{"start":{"line":200,"column":8},"end":{"line":200,"column":9}},"loc":{"start":{"line":200,"column":24},"end":{"line":200,"column":69}}},"8":{"name":"(anonymous_10)","decl":{"start":{"line":204,"column":8},"end":{"line":204,"column":9}},"loc":{"start":{"line":204,"column":24},"end":{"line":204,"column":65}}},"9":{"name":"(anonymous_11)","decl":{"start":{"line":210,"column":2},"end":{"line":210,"column":7}},"loc":{"start":{"line":210,"column":49},"end":{"line":280,"column":3}}},"10":{"name":"(anonymous_12)","decl":{"start":{"line":283,"column":10},"end":{"line":283,"column":18}},"loc":{"start":{"line":283,"column":31},"end":{"line":289,"column":3}}},"11":{"name":"(anonymous_13)","decl":{"start":{"line":287,"column":11},"end":{"line":287,"column":12}},"loc":{"start":{"line":287,"column":18},"end":{"line":287,"column":84}}},"12":{"name":"(anonymous_14)","decl":{"start":{"line":292,"column":10},"end":{"line":292,"column":15}},"loc":{"start":{"line":292,"column":46},"end":{"line":316,"column":3}}},"13":{"name":"(anonymous_15)","decl":{"start":{"line":319,"column":10},"end":{"line":319,"column":15}},"loc":{"start":{"line":319,"column":40},"end":{"line":342,"column":3}}},"14":{"name":"(anonymous_16)","decl":{"start":{"line":345,"column":2},"end":{"line":345,"column":7}},"loc":{"start":{"line":345,"column":66},"end":{"line":406,"column":3}}},"15":{"name":"(anonymous_17)","decl":{"start":{"line":395,"column":38},"end":{"line":395,"column":39}},"loc":{"start":{"line":395,"column":45},"end":{"line":395,"column":69}}},"16":{"name":"(anonymous_18)","decl":{"start":{"line":397,"column":6},"end":{"line":397,"column":7}},"loc":{"start":{"line":398,"column":8},"end":{"line":398,"column":88}}},"17":{"name":"(anonymous_19)","decl":{"start":{"line":400,"column":36},"end":{"line":400,"column":37}},"loc":{"start":{"line":400,"column":43},"end":{"line":400,"column":74}}},"18":{"name":"(anonymous_20)","decl":{"start":{"line":409,"column":2},"end":{"line":409,"column":7}},"loc":{"start":{"line":417,"column":3},"end":{"line":567,"column":3}}},"19":{"name":"(anonymous_21)","decl":{"start":{"line":424,"column":52},"end":{"line":424,"column":53}},"loc":{"start":{"line":424,"column":59},"end":{"line":424,"column":94}}},"20":{"name":"(anonymous_22)","decl":{"start":{"line":425,"column":48},"end":{"line":425,"column":49}},"loc":{"start":{"line":425,"column":55},"end":{"line":425,"column":86}}},"21":{"name":"(anonymous_23)","decl":{"start":{"line":449,"column":36},"end":{"line":449,"column":41}},"loc":{"start":{"line":449,"column":49},"end":{"line":566,"column":5}}},"22":{"name":"(anonymous_24)","decl":{"start":{"line":570,"column":2},"end":{"line":570,"column":7}},"loc":{"start":{"line":570,"column":15},"end":{"line":577,"column":3}}},"23":{"name":"(anonymous_25)","decl":{"start":{"line":580,"column":2},"end":{"line":580,"column":7}},"loc":{"start":{"line":580,"column":26},"end":{"line":606,"column":3}}},"24":{"name":"(anonymous_26)","decl":{"start":{"line":590,"column":20},"end":{"line":590,"column":21}},"loc":{"start":{"line":590,"column":26},"end":{"line":605,"column":5}}},"25":{"name":"(anonymous_27)","decl":{"start":{"line":593,"column":26},"end":{"line":593,"column":27}},"loc":{"start":{"line":593,"column":32},"end":{"line":596,"column":7}}},"26":{"name":"(anonymous_28)","decl":{"start":{"line":609,"column":2},"end":{"line":609,"column":7}},"loc":{"start":{"line":609,"column":29},"end":{"line":626,"column":3}}},"27":{"name":"(anonymous_29)","decl":{"start":{"line":629,"column":2},"end":{"line":629,"column":7}},"loc":{"start":{"line":629,"column":66},"end":{"line":641,"column":3}}},"28":{"name":"(anonymous_30)","decl":{"start":{"line":644,"column":2},"end":{"line":644,"column":7}},"loc":{"start":{"line":644,"column":38},"end":{"line":660,"column":3}}},"29":{"name":"(anonymous_31)","decl":{"start":{"line":663,"column":2},"end":{"line":663,"column":7}},"loc":{"start":{"line":663,"column":44},"end":{"line":671,"column":3}}},"30":{"name":"(anonymous_32)","decl":{"start":{"line":674,"column":2},"end":{"line":674,"column":7}},"loc":{"start":{"line":674,"column":49},"end":{"line":691,"column":3}}},"31":{"name":"(anonymous_33)","decl":{"start":{"line":685,"column":14},"end":{"line":685,"column":15}},"loc":{"start":{"line":685,"column":21},"end":{"line":685,"column":43}}},"32":{"name":"(anonymous_34)","decl":{"start":{"line":686,"column":11},"end":{"line":686,"column":12}},"loc":{"start":{"line":686,"column":19},"end":{"line":690,"column":8}}}},"branchMap":{"0":{"loc":{"start":{"line":68,"column":4},"end":{"line":68,"column":74}},"type":"if","locations":[{"start":{"line":68,"column":4},"end":{"line":68,"column":74}},{"start":{},"end":{}}]},"1":{"loc":{"start":{"line":88,"column":4},"end":{"line":90,"column":5}},"type":"if","locations":[{"start":{"line":88,"column":4},"end":{"line":90,"column":5}},{"start":{},"end":{}}]},"2":{"loc":{"start":{"line":92,"column":31},"end":{"line":92,"column":76}},"type":"binary-expr","locations":[{"start":{"line":92,"column":31},"end":{"line":92,"column":46}},{"start":{"line":92,"column":50},"end":{"line":92,"column":76}}]},"3":{"loc":{"start":{"line":93,"column":21},"end":{"line":93,"column":77}},"type":"cond-expr","locations":[{"start":{"line":93,"column":42},"end":{"line":93,"column":64}},{"start":{"line":93,"column":67},"end":{"line":93,"column":77}}]},"4":{"loc":{"start":{"line":104,"column":21},"end":{"line":104,"column":70}},"type":"cond-expr","locations":[{"start":{"line":104,"column":54},"end":{"line":104,"column":63}},{"start":{"line":104,"column":66},"end":{"line":104,"column":70}}]},"5":{"loc":{"start":{"line":105,"column":17},"end":{"line":105,"column":53}},"type":"cond-expr","locations":[{"start":{"line":105,"column":41},"end":{"line":105,"column":46}},{"start":{"line":105,"column":49},"end":{"line":105,"column":53}}]},"6":{"loc":{"start":{"line":106,"column":18},"end":{"line":106,"column":55}},"type":"cond-expr","locations":[{"start":{"line":106,"column":42},"end":{"line":106,"column":48}},{"start":{"line":106,"column":51},"end":{"line":106,"column":55}}]},"7":{"loc":{"start":{"line":107,"column":21},"end":{"line":107,"column":54}},"type":"cond-expr","locations":[{"start":{"line":107,"column":38},"end":{"line":107,"column":47}},{"start":{"line":107,"column":50},"end":{"line":107,"column":54}}]},"8":{"loc":{"start":{"line":116,"column":6},"end":{"line":146,"column":7}},"type":"if","locations":[{"start":{"line":116,"column":6},"end":{"line":146,"column":7}},{"start":{"line":131,"column":13},"end":{"line":146,"column":7}}]},"9":{"loc":{"start":{"line":123,"column":23},"end":{"line":123,"column":72}},"type":"cond-expr","locations":[{"start":{"line":123,"column":56},"end":{"line":123,"column":65}},{"start":{"line":123,"column":68},"end":{"line":123,"column":72}}]},"10":{"loc":{"start":{"line":124,"column":19},"end":{"line":124,"column":55}},"type":"cond-expr","locations":[{"start":{"line":124,"column":43},"end":{"line":124,"column":48}},{"start":{"line":124,"column":51},"end":{"line":124,"column":55}}]},"11":{"loc":{"start":{"line":125,"column":20},"end":{"line":125,"column":57}},"type":"cond-expr","locations":[{"start":{"line":125,"column":44},"end":{"line":125,"column":50}},{"start":{"line":125,"column":53},"end":{"line":125,"column":57}}]},"12":{"loc":{"start":{"line":126,"column":23},"end":{"line":126,"column":56}},"type":"cond-expr","locations":[{"start":{"line":126,"column":40},"end":{"line":126,"column":49}},{"start":{"line":126,"column":52},"end":{"line":126,"column":56}}]},"13":{"loc":{"start":{"line":138,"column":23},"end":{"line":138,"column":72}},"type":"cond-expr","locations":[{"start":{"line":138,"column":56},"end":{"line":138,"column":65}},{"start":{"line":138,"column":68},"end":{"line":138,"column":72}}]},"14":{"loc":{"start":{"line":139,"column":19},"end":{"line":139,"column":55}},"type":"cond-expr","locations":[{"start":{"line":139,"column":43},"end":{"line":139,"column":48}},{"start":{"line":139,"column":51},"end":{"line":139,"column":55}}]},"15":{"loc":{"start":{"line":140,"column":20},"end":{"line":140,"column":57}},"type":"cond-expr","locations":[{"start":{"line":140,"column":44},"end":{"line":140,"column":50}},{"start":{"line":140,"column":53},"end":{"line":140,"column":57}}]},"16":{"loc":{"start":{"line":141,"column":23},"end":{"line":141,"column":56}},"type":"cond-expr","locations":[{"start":{"line":141,"column":40},"end":{"line":141,"column":49}},{"start":{"line":141,"column":52},"end":{"line":141,"column":56}}]},"17":{"loc":{"start":{"line":230,"column":4},"end":{"line":234,"column":5}},"type":"if","locations":[{"start":{"line":230,"column":4},"end":{"line":234,"column":5}},{"start":{},"end":{}}]},"18":{"loc":{"start":{"line":237,"column":4},"end":{"line":241,"column":5}},"type":"if","locations":[{"start":{"line":237,"column":4},"end":{"line":241,"column":5}},{"start":{"line":239,"column":11},"end":{"line":241,"column":5}}]},"19":{"loc":{"start":{"line":239,"column":11},"end":{"line":241,"column":5}},"type":"if","locations":[{"start":{"line":239,"column":11},"end":{"line":241,"column":5}},{"start":{},"end":{}}]},"20":{"loc":{"start":{"line":249,"column":15},"end":{"line":249,"column":51}},"type":"cond-expr","locations":[{"start":{"line":249,"column":39},"end":{"line":249,"column":44}},{"start":{"line":249,"column":47},"end":{"line":249,"column":51}}]},"21":{"loc":{"start":{"line":250,"column":16},"end":{"line":250,"column":53}},"type":"cond-expr","locations":[{"start":{"line":250,"column":40},"end":{"line":250,"column":46}},{"start":{"line":250,"column":49},"end":{"line":250,"column":53}}]},"22":{"loc":{"start":{"line":251,"column":19},"end":{"line":251,"column":52}},"type":"cond-expr","locations":[{"start":{"line":251,"column":36},"end":{"line":251,"column":45}},{"start":{"line":251,"column":48},"end":{"line":251,"column":52}}]},"23":{"loc":{"start":{"line":252,"column":19},"end":{"line":252,"column":36}},"type":"binary-expr","locations":[{"start":{"line":252,"column":19},"end":{"line":252,"column":28}},{"start":{"line":252,"column":32},"end":{"line":252,"column":36}}]},"24":{"loc":{"start":{"line":266,"column":10},"end":{"line":266,"column":74}},"type":"cond-expr","locations":[{"start":{"line":266,"column":31},"end":{"line":266,"column":67}},{"start":{"line":266,"column":70},"end":{"line":266,"column":74}}]},"25":{"loc":{"start":{"line":267,"column":10},"end":{"line":271,"column":33}},"type":"cond-expr","locations":[{"start":{"line":268,"column":14},"end":{"line":268,"column":80}},{"start":{"line":269,"column":14},"end":{"line":271,"column":33}}]},"26":{"loc":{"start":{"line":269,"column":14},"end":{"line":271,"column":33}},"type":"cond-expr","locations":[{"start":{"line":270,"column":16},"end":{"line":270,"column":39}},{"start":{"line":271,"column":16},"end":{"line":271,"column":33}}]},"27":{"loc":{"start":{"line":272,"column":10},"end":{"line":272,"column":52}},"type":"cond-expr","locations":[{"start":{"line":272,"column":24},"end":{"line":272,"column":45}},{"start":{"line":272,"column":48},"end":{"line":272,"column":52}}]},"28":{"loc":{"start":{"line":284,"column":4},"end":{"line":284,"column":53}},"type":"if","locations":[{"start":{"line":284,"column":4},"end":{"line":284,"column":53}},{"start":{},"end":{}}]},"29":{"loc":{"start":{"line":284,"column":8},"end":{"line":284,"column":41}},"type":"binary-expr","locations":[{"start":{"line":284,"column":8},"end":{"line":284,"column":13}},{"start":{"line":284,"column":17},"end":{"line":284,"column":41}}]},"30":{"loc":{"start":{"line":299,"column":4},"end":{"line":301,"column":5}},"type":"if","locations":[{"start":{"line":299,"column":4},"end":{"line":301,"column":5}},{"start":{},"end":{}}]},"31":{"loc":{"start":{"line":299,"column":8},"end":{"line":299,"column":46}},"type":"binary-expr","locations":[{"start":{"line":299,"column":8},"end":{"line":299,"column":25}},{"start":{"line":299,"column":29},"end":{"line":299,"column":46}}]},"32":{"loc":{"start":{"line":306,"column":4},"end":{"line":306,"column":55}},"type":"if","locations":[{"start":{"line":306,"column":4},"end":{"line":306,"column":55}},{"start":{},"end":{}}]},"33":{"loc":{"start":{"line":307,"column":4},"end":{"line":309,"column":5}},"type":"if","locations":[{"start":{"line":307,"column":4},"end":{"line":309,"column":5}},{"start":{},"end":{}}]},"34":{"loc":{"start":{"line":313,"column":13},"end":{"line":313,"column":42}},"type":"binary-expr","locations":[{"start":{"line":313,"column":13},"end":{"line":313,"column":29}},{"start":{"line":313,"column":33},"end":{"line":313,"column":42}}]},"35":{"loc":{"start":{"line":314,"column":14},"end":{"line":314,"column":44}},"type":"binary-expr","locations":[{"start":{"line":314,"column":14},"end":{"line":314,"column":31}},{"start":{"line":314,"column":35},"end":{"line":314,"column":44}}]},"36":{"loc":{"start":{"line":325,"column":4},"end":{"line":327,"column":5}},"type":"if","locations":[{"start":{"line":325,"column":4},"end":{"line":327,"column":5}},{"start":{},"end":{}}]},"37":{"loc":{"start":{"line":325,"column":8},"end":{"line":325,"column":46}},"type":"binary-expr","locations":[{"start":{"line":325,"column":8},"end":{"line":325,"column":25}},{"start":{"line":325,"column":29},"end":{"line":325,"column":46}}]},"38":{"loc":{"start":{"line":332,"column":4},"end":{"line":332,"column":48}},"type":"if","locations":[{"start":{"line":332,"column":4},"end":{"line":332,"column":48}},{"start":{},"end":{}}]},"39":{"loc":{"start":{"line":334,"column":4},"end":{"line":336,"column":5}},"type":"if","locations":[{"start":{"line":334,"column":4},"end":{"line":336,"column":5}},{"start":{},"end":{}}]},"40":{"loc":{"start":{"line":340,"column":17},"end":{"line":340,"column":43}},"type":"binary-expr","locations":[{"start":{"line":340,"column":17},"end":{"line":340,"column":30}},{"start":{"line":340,"column":34},"end":{"line":340,"column":43}}]},"41":{"loc":{"start":{"line":366,"column":6},"end":{"line":379,"column":7}},"type":"if","locations":[{"start":{"line":366,"column":6},"end":{"line":379,"column":7}},{"start":{"line":373,"column":13},"end":{"line":379,"column":7}}]},"42":{"loc":{"start":{"line":367,"column":8},"end":{"line":370,"column":48}},"type":"binary-expr","locations":[{"start":{"line":367,"column":8},"end":{"line":367,"column":46}},{"start":{"line":368,"column":8},"end":{"line":368,"column":42}},{"start":{"line":369,"column":8},"end":{"line":369,"column":52}},{"start":{"line":370,"column":8},"end":{"line":370,"column":48}}]},"43":{"loc":{"start":{"line":373,"column":13},"end":{"line":379,"column":7}},"type":"if","locations":[{"start":{"line":373,"column":13},"end":{"line":379,"column":7}},{"start":{"line":375,"column":13},"end":{"line":379,"column":7}}]},"44":{"loc":{"start":{"line":373,"column":17},"end":{"line":373,"column":89}},"type":"binary-expr","locations":[{"start":{"line":373,"column":17},"end":{"line":373,"column":53}},{"start":{"line":373,"column":57},"end":{"line":373,"column":89}}]},"45":{"loc":{"start":{"line":375,"column":13},"end":{"line":379,"column":7}},"type":"if","locations":[{"start":{"line":375,"column":13},"end":{"line":379,"column":7}},{"start":{"line":377,"column":13},"end":{"line":379,"column":7}}]},"46":{"loc":{"start":{"line":377,"column":13},"end":{"line":379,"column":7}},"type":"if","locations":[{"start":{"line":377,"column":13},"end":{"line":379,"column":7}},{"start":{},"end":{}}]},"47":{"loc":{"start":{"line":398,"column":8},"end":{"line":398,"column":88}},"type":"binary-expr","locations":[{"start":{"line":398,"column":8},"end":{"line":398,"column":48}},{"start":{"line":398,"column":52},"end":{"line":398,"column":88}}]},"48":{"loc":{"start":{"line":419,"column":4},"end":{"line":421,"column":5}},"type":"if","locations":[{"start":{"line":419,"column":4},"end":{"line":421,"column":5}},{"start":{},"end":{}}]},"49":{"loc":{"start":{"line":428,"column":32},"end":{"line":428,"column":83}},"type":"binary-expr","locations":[{"start":{"line":428,"column":32},"end":{"line":428,"column":55}},{"start":{"line":428,"column":59},"end":{"line":428,"column":83}}]},"50":{"loc":{"start":{"line":432,"column":4},"end":{"line":436,"column":5}},"type":"if","locations":[{"start":{"line":432,"column":4},"end":{"line":436,"column":5}},{"start":{},"end":{}}]},"51":{"loc":{"start":{"line":432,"column":8},"end":{"line":432,"column":76}},"type":"binary-expr","locations":[{"start":{"line":432,"column":8},"end":{"line":432,"column":36}},{"start":{"line":432,"column":40},"end":{"line":432,"column":55}},{"start":{"line":432,"column":59},"end":{"line":432,"column":76}}]},"52":{"loc":{"start":{"line":437,"column":4},"end":{"line":441,"column":5}},"type":"if","locations":[{"start":{"line":437,"column":4},"end":{"line":441,"column":5}},{"start":{},"end":{}}]},"53":{"loc":{"start":{"line":437,"column":8},"end":{"line":437,"column":64}},"type":"binary-expr","locations":[{"start":{"line":437,"column":8},"end":{"line":437,"column":32}},{"start":{"line":437,"column":36},"end":{"line":437,"column":47}},{"start":{"line":437,"column":51},"end":{"line":437,"column":64}}]},"54":{"loc":{"start":{"line":444,"column":4},"end":{"line":447,"column":5}},"type":"if","locations":[{"start":{"line":444,"column":4},"end":{"line":447,"column":5}},{"start":{},"end":{}}]},"55":{"loc":{"start":{"line":446,"column":19},"end":{"line":446,"column":39}},"type":"binary-expr","locations":[{"start":{"line":446,"column":19},"end":{"line":446,"column":26}},{"start":{"line":446,"column":30},"end":{"line":446,"column":39}}]},"56":{"loc":{"start":{"line":457,"column":8},"end":{"line":494,"column":9}},"type":"if","locations":[{"start":{"line":457,"column":8},"end":{"line":494,"column":9}},{"start":{"line":459,"column":15},"end":{"line":494,"column":9}}]},"57":{"loc":{"start":{"line":457,"column":12},"end":{"line":457,"column":73}},"type":"binary-expr","locations":[{"start":{"line":457,"column":12},"end":{"line":457,"column":54}},{"start":{"line":457,"column":58},"end":{"line":457,"column":73}}]},"58":{"loc":{"start":{"line":459,"column":15},"end":{"line":494,"column":9}},"type":"if","locations":[{"start":{"line":459,"column":15},"end":{"line":494,"column":9}},{"start":{"line":479,"column":15},"end":{"line":494,"column":9}}]},"59":{"loc":{"start":{"line":459,"column":19},"end":{"line":459,"column":78}},"type":"binary-expr","locations":[{"start":{"line":459,"column":19},"end":{"line":459,"column":58}},{"start":{"line":459,"column":62},"end":{"line":459,"column":78}}]},"60":{"loc":{"start":{"line":468,"column":10},"end":{"line":472,"column":11}},"type":"if","locations":[{"start":{"line":468,"column":10},"end":{"line":472,"column":11}},{"start":{},"end":{}}]},"61":{"loc":{"start":{"line":479,"column":15},"end":{"line":494,"column":9}},"type":"if","locations":[{"start":{"line":479,"column":15},"end":{"line":494,"column":9}},{"start":{"line":492,"column":15},"end":{"line":494,"column":9}}]},"62":{"loc":{"start":{"line":479,"column":19},"end":{"line":479,"column":113}},"type":"binary-expr","locations":[{"start":{"line":479,"column":19},"end":{"line":479,"column":58}},{"start":{"line":479,"column":62},"end":{"line":479,"column":85}},{"start":{"line":479,"column":89},"end":{"line":479,"column":113}}]},"63":{"loc":{"start":{"line":497,"column":8},"end":{"line":533,"column":9}},"type":"if","locations":[{"start":{"line":497,"column":8},"end":{"line":533,"column":9}},{"start":{"line":499,"column":15},"end":{"line":533,"column":9}}]},"64":{"loc":{"start":{"line":497,"column":12},"end":{"line":497,"column":65}},"type":"binary-expr","locations":[{"start":{"line":497,"column":12},"end":{"line":497,"column":50}},{"start":{"line":497,"column":54},"end":{"line":497,"column":65}}]},"65":{"loc":{"start":{"line":499,"column":15},"end":{"line":533,"column":9}},"type":"if","locations":[{"start":{"line":499,"column":15},"end":{"line":533,"column":9}},{"start":{"line":519,"column":15},"end":{"line":533,"column":9}}]},"66":{"loc":{"start":{"line":499,"column":19},"end":{"line":499,"column":67}},"type":"binary-expr","locations":[{"start":{"line":499,"column":19},"end":{"line":499,"column":54}},{"start":{"line":499,"column":58},"end":{"line":499,"column":67}}]},"67":{"loc":{"start":{"line":508,"column":10},"end":{"line":512,"column":11}},"type":"if","locations":[{"start":{"line":508,"column":10},"end":{"line":512,"column":11}},{"start":{},"end":{}}]},"68":{"loc":{"start":{"line":519,"column":15},"end":{"line":533,"column":9}},"type":"if","locations":[{"start":{"line":519,"column":15},"end":{"line":533,"column":9}},{"start":{"line":531,"column":15},"end":{"line":533,"column":9}}]},"69":{"loc":{"start":{"line":519,"column":19},"end":{"line":519,"column":78}},"type":"binary-expr","locations":[{"start":{"line":519,"column":19},"end":{"line":519,"column":54}},{"start":{"line":519,"column":58},"end":{"line":519,"column":78}}]},"70":{"loc":{"start":{"line":541,"column":19},"end":{"line":541,"column":37}},"type":"binary-expr","locations":[{"start":{"line":541,"column":19},"end":{"line":541,"column":29}},{"start":{"line":541,"column":33},"end":{"line":541,"column":37}}]},"71":{"loc":{"start":{"line":594,"column":8},"end":{"line":594,"column":null}},"type":"if","locations":[{"start":{"line":594,"column":8},"end":{"line":594,"column":null}},{"start":{},"end":{}}]},"72":{"loc":{"start":{"line":594,"column":12},"end":{"line":594,"column":31}},"type":"binary-expr","locations":[{"start":{"line":594,"column":12},"end":{"line":594,"column":19}},{"start":{"line":594,"column":23},"end":{"line":594,"column":31}}]},"73":{"loc":{"start":{"line":595,"column":8},"end":{"line":595,"column":null}},"type":"if","locations":[{"start":{"line":595,"column":8},"end":{"line":595,"column":null}},{"start":{},"end":{}}]},"74":{"loc":{"start":{"line":603,"column":10},"end":{"line":603,"column":71}},"type":"binary-expr","locations":[{"start":{"line":603,"column":10},"end":{"line":603,"column":64}},{"start":{"line":603,"column":68},"end":{"line":603,"column":71}}]},"75":{"loc":{"start":{"line":624,"column":4},"end":{"line":624,"column":null}},"type":"if","locations":[{"start":{"line":624,"column":4},"end":{"line":624,"column":null}},{"start":{},"end":{}}]},"76":{"loc":{"start":{"line":633,"column":4},"end":{"line":633,"column":null}},"type":"if","locations":[{"start":{"line":633,"column":4},"end":{"line":633,"column":null}},{"start":{},"end":{}}]},"77":{"loc":{"start":{"line":634,"column":4},"end":{"line":636,"column":5}},"type":"if","locations":[{"start":{"line":634,"column":4},"end":{"line":636,"column":5}},{"start":{},"end":{}}]},"78":{"loc":{"start":{"line":665,"column":4},"end":{"line":665,"column":30}},"type":"if","locations":[{"start":{"line":665,"column":4},"end":{"line":665,"column":30}},{"start":{},"end":{}}]},"79":{"loc":{"start":{"line":667,"column":4},"end":{"line":669,"column":5}},"type":"if","locations":[{"start":{"line":667,"column":4},"end":{"line":669,"column":5}},{"start":{},"end":{}}]},"80":{"loc":{"start":{"line":37,"column":39},"end":{"line":37,"column":56}},"type":"cond-expr","locations":[{"start":{"line":37,"column":52},"end":{"line":37,"column":56}},{"start":{"line":37,"column":52},"end":{"line":37,"column":56}}]},"81":{"loc":{"start":{"line":37,"column":39},"end":{"line":37,"column":52}},"type":"binary-expr","locations":[{"start":{"line":37,"column":39},"end":{"line":37,"column":56}},{"start":{"line":37,"column":39},"end":{"line":37,"column":52}}]}},"s":{"0":2,"1":2,"2":2,"3":21,"4":1,"5":5,"6":5,"7":3,"8":2,"9":4,"10":4,"11":2,"12":2,"13":2,"14":2,"15":2,"16":2,"17":2,"18":2,"19":1,"20":1,"21":1,"22":1,"23":2,"24":2,"25":2,"26":2,"27":1,"28":1,"29":1,"30":1,"31":2,"32":2,"33":2,"34":2,"35":2,"36":1,"37":1,"38":1,"39":0,"40":1,"41":0,"42":1,"43":1,"44":1,"45":0,"46":0,"47":0,"48":0,"49":0,"50":0,"51":0,"52":0,"53":0,"54":0,"55":0,"56":0,"57":0,"58":0,"59":0,"60":0,"61":0,"62":0,"63":0,"64":0,"65":0,"66":0,"67":0,"68":0,"69":0,"70":0,"71":0,"72":0,"73":0,"74":0,"75":0,"76":0,"77":0,"78":0,"79":0,"80":0,"81":0,"82":0,"83":0,"84":0,"85":0,"86":0,"87":0,"88":0,"89":0,"90":0,"91":0,"92":0,"93":0,"94":0,"95":0,"96":0,"97":0,"98":0,"99":0,"100":0,"101":0,"102":0,"103":0,"104":0,"105":0,"106":0,"107":0,"108":0,"109":0,"110":0,"111":0,"112":0,"113":0,"114":0,"115":0,"116":0,"117":0,"118":0,"119":0,"120":0,"121":0,"122":0,"123":0,"124":0,"125":0,"126":0,"127":0,"128":0,"129":0,"130":0,"131":0,"132":0,"133":0,"134":0,"135":0,"136":0,"137":0,"138":0,"139":0,"140":0,"141":0,"142":0,"143":0,"144":1,"145":1,"146":0,"147":0,"148":0,"149":0,"150":0,"151":0,"152":0,"153":0,"154":0,"155":0,"156":3,"157":3,"158":2,"159":1,"160":4,"161":4,"162":1,"163":3,"164":2,"165":1,"166":0,"167":0,"168":3,"169":3,"170":1,"171":2,"172":2,"173":1,"174":2,"175":1,"176":1,"177":2,"178":1,"179":2,"180":2},"f":{"0":21,"1":1,"2":5,"3":4,"4":2,"5":2,"6":1,"7":2,"8":2,"9":2,"10":0,"11":0,"12":0,"13":0,"14":0,"15":0,"16":0,"17":0,"18":0,"19":0,"20":0,"21":0,"22":1,"23":0,"24":0,"25":0,"26":3,"27":4,"28":0,"29":3,"30":1,"31":2,"32":1},"b":{"0":[3,2],"1":[2,2],"2":[2,1],"3":[1,1],"4":[0,2],"5":[2,0],"6":[2,0],"7":[0,2],"8":[1,1],"9":[0,1],"10":[1,0],"11":[1,0],"12":[0,1],"13":[0,2],"14":[2,0],"15":[2,0],"16":[0,2],"17":[1,1],"18":[0,1],"19":[0,1],"20":[1,0],"21":[1,0],"22":[0,1],"23":[1,1],"24":[0,1],"25":[0,1],"26":[0,1],"27":[0,1],"28":[0,0],"29":[0,0],"30":[0,0],"31":[0,0],"32":[0,0],"33":[0,0],"34":[0,0],"35":[0,0],"36":[0,0],"37":[0,0],"38":[0,0],"39":[0,0],"40":[0,0],"41":[0,0],"42":[0,0,0,0],"43":[0,0],"44":[0,0],"45":[0,0],"46":[0,0],"47":[0,0],"48":[0,0],"49":[0,0],"50":[0,0],"51":[0,0,0],"52":[0,0],"53":[0,0,0],"54":[0,0],"55":[0,0],"56":[0,0],"57":[0,0],"58":[0,0],"59":[0,0],"60":[0,0],"61":[0,0],"62":[0,0,0],"63":[0,0],"64":[0,0],"65":[0,0],"66":[0,0],"67":[0,0],"68":[0,0],"69":[0,0],"70":[0,0],"71":[0,0],"72":[0,0],"73":[0,0],"74":[0,0],"75":[2,1],"76":[1,3],"77":[2,1],"78":[1,2],"79":[1,1],"80":[2,0],"81":[2,2]}}
,"C:\\Users\\gabry\\Documents\\Projetos\\nexus-system\\server\\src\\auth\\auth.controller.ts": {"path":"C:\\Users\\gabry\\Documents\\Projetos\\nexus-system\\server\\src\\auth\\auth.controller.ts","statementMap":{"0":{"start":{"line":1,"column":0},"end":{"line":1,"column":56}},"1":{"start":{"line":2,"column":0},"end":{"line":2,"column":56}},"2":{"start":{"line":3,"column":0},"end":{"line":3,"column":55}},"3":{"start":{"line":4,"column":0},"end":{"line":4,"column":45}},"4":{"start":{"line":5,"column":0},"end":{"line":5,"column":43}},"5":{"start":{"line":10,"column":7},"end":{"line":19,"column":null}},"6":{"start":{"line":11,"column":31},"end":{"line":11,"column":44}},"7":{"start":{"line":17,"column":4},"end":{"line":17,"column":59}},"8":{"start":{"line":10,"column":13},"end":{"line":10,"column":27}},"9":{"start":{"line":16,"column":8},"end":{"line":18,"column":null}},"10":{"start":{"line":10,"column":13},"end":{"line":19,"column":null}}},"fnMap":{"0":{"name":"(anonymous_4)","decl":{"start":{"line":11,"column":2},"end":{"line":11,"column":31}},"loc":{"start":{"line":11,"column":55},"end":{"line":11,"column":59}}},"1":{"name":"(anonymous_5)","decl":{"start":{"line":16,"column":8},"end":{"line":16,"column":13}},"loc":{"start":{"line":16,"column":35},"end":{"line":18,"column":3}}}},"branchMap":{"0":{"loc":{"start":{"line":16,"column":27},"end":{"line":16,"column":38}},"type":"cond-expr","locations":[{"start":{"line":16,"column":35},"end":{"line":16,"column":38}},{"start":{"line":16,"column":35},"end":{"line":16,"column":38}}]},"1":{"loc":{"start":{"line":16,"column":27},"end":{"line":16,"column":35}},"type":"binary-expr","locations":[{"start":{"line":16,"column":27},"end":{"line":16,"column":38}},{"start":{"line":16,"column":27},"end":{"line":16,"column":35}}]},"2":{"loc":{"start":{"line":16,"column":38},"end":{"line":16,"column":null}},"type":"cond-expr","locations":[{"start":{"line":16,"column":45},"end":{"line":16,"column":null}},{"start":{"line":16,"column":45},"end":{"line":16,"column":null}}]},"3":{"loc":{"start":{"line":16,"column":38},"end":{"line":16,"column":45}},"type":"binary-expr","locations":[{"start":{"line":16,"column":38},"end":{"line":16,"column":null}},{"start":{"line":16,"column":38},"end":{"line":16,"column":45}}]},"4":{"loc":{"start":{"line":11,"column":44},"end":{"line":11,"column":58}},"type":"cond-expr","locations":[{"start":{"line":11,"column":55},"end":{"line":11,"column":58}},{"start":{"line":11,"column":55},"end":{"line":11,"column":58}}]},"5":{"loc":{"start":{"line":11,"column":44},"end":{"line":11,"column":55}},"type":"binary-expr","locations":[{"start":{"line":11,"column":44},"end":{"line":11,"column":58}},{"start":{"line":11,"column":44},"end":{"line":11,"column":55}}]}},"s":{"0":1,"1":1,"2":1,"3":1,"4":1,"5":1,"6":2,"7":2,"8":1,"9":1,"10":1},"f":{"0":2,"1":2},"b":{"0":[1,0],"1":[1,1],"2":[1,0],"3":[1,1],"4":[1,0],"5":[1,1]}}
,"C:\\Users\\gabry\\Documents\\Projetos\\nexus-system\\server\\src\\auth\\auth.service.ts": {"path":"C:\\Users\\gabry\\Documents\\Projetos\\nexus-system\\server\\src\\auth\\auth.service.ts","statementMap":{"0":{"start":{"line":1,"column":0},"end":{"line":1,"column":67}},"1":{"start":{"line":2,"column":0},"end":{"line":2,"column":41}},"2":{"start":{"line":3,"column":0},"end":{"line":3,"column":33}},"3":{"start":{"line":4,"column":0},"end":{"line":4,"column":54}},"4":{"start":{"line":12,"column":7},"end":{"line":43,"column":null}},"5":{"start":{"line":14,"column":21},"end":{"line":14,"column":35}},"6":{"start":{"line":15,"column":21},"end":{"line":15,"column":33}},"7":{"start":{"line":19,"column":17},"end":{"line":19,"column":59}},"8":{"start":{"line":20,"column":4},"end":{"line":22,"column":5}},"9":{"start":{"line":21,"column":6},"end":{"line":21,"column":63}},"10":{"start":{"line":23,"column":18},"end":{"line":23,"column":64}},"11":{"start":{"line":24,"column":4},"end":{"line":26,"column":5}},"12":{"start":{"line":25,"column":6},"end":{"line":25,"column":63}},"13":{"start":{"line":28,"column":4},"end":{"line":28,"column":53}},"14":{"start":{"line":30,"column":24},"end":{"line":30,"column":62}},"15":{"start":{"line":31,"column":32},"end":{"line":31,"column":67}},"16":{"start":{"line":32,"column":24},"end":{"line":32,"column":53}},"17":{"start":{"line":33,"column":4},"end":{"line":37,"column":6}},"18":{"start":{"line":41,"column":4},"end":{"line":41,"column":46}},"19":{"start":{"line":12,"column":13},"end":{"line":12,"column":24}},"20":{"start":{"line":12,"column":13},"end":{"line":43,"column":null}}},"fnMap":{"0":{"name":"(anonymous_11)","decl":{"start":{"line":13,"column":2},"end":{"line":13,"column":null}},"loc":{"start":{"line":15,"column":43},"end":{"line":16,"column":6}}},"1":{"name":"(anonymous_12)","decl":{"start":{"line":18,"column":2},"end":{"line":18,"column":7}},"loc":{"start":{"line":18,"column":45},"end":{"line":38,"column":3}}},"2":{"name":"(anonymous_13)","decl":{"start":{"line":40,"column":2},"end":{"line":40,"column":7}},"loc":{"start":{"line":40,"column":35},"end":{"line":42,"column":3}}}},"branchMap":{"0":{"loc":{"start":{"line":20,"column":4},"end":{"line":22,"column":5}},"type":"if","locations":[{"start":{"line":20,"column":4},"end":{"line":22,"column":5}},{"start":{},"end":{}}]},"1":{"loc":{"start":{"line":20,"column":8},"end":{"line":20,"column":28}},"type":"binary-expr","locations":[{"start":{"line":20,"column":8},"end":{"line":20,"column":13}},{"start":{"line":20,"column":17},"end":{"line":20,"column":28}}]},"2":{"loc":{"start":{"line":24,"column":4},"end":{"line":26,"column":5}},"type":"if","locations":[{"start":{"line":24,"column":4},"end":{"line":26,"column":5}},{"start":{},"end":{}}]},"3":{"loc":{"start":{"line":14,"column":35},"end":{"line":14,"column":null}},"type":"cond-expr","locations":[{"start":{"line":14,"column":47},"end":{"line":14,"column":null}},{"start":{"line":14,"column":47},"end":{"line":14,"column":null}}]},"4":{"loc":{"start":{"line":14,"column":35},"end":{"line":14,"column":47}},"type":"binary-expr","locations":[{"start":{"line":14,"column":35},"end":{"line":14,"column":null}},{"start":{"line":14,"column":35},"end":{"line":14,"column":47}}]},"5":{"loc":{"start":{"line":14,"column":47},"end":{"line":15,"column":null}},"type":"cond-expr","locations":[{"start":{"line":15,"column":43},"end":{"line":15,"column":null}},{"start":{"line":15,"column":43},"end":{"line":15,"column":null}}]},"6":{"loc":{"start":{"line":14,"column":47},"end":{"line":15,"column":43}},"type":"binary-expr","locations":[{"start":{"line":14,"column":47},"end":{"line":15,"column":null}},{"start":{"line":15,"column":33},"end":{"line":15,"column":43}}]}},"s":{"0":2,"1":2,"2":2,"3":2,"4":2,"5":6,"6":6,"7":5,"8":5,"9":3,"10":2,"11":2,"12":1,"13":1,"14":1,"15":1,"16":1,"17":1,"18":2,"19":2,"20":2},"f":{"0":6,"1":5,"2":2},"b":{"0":[3,2],"1":[5,3],"2":[1,1],"3":[2,0],"4":[2,2],"5":[2,0],"6":[2,2]}}
,"C:\\Users\\gabry\\Documents\\Projetos\\nexus-system\\server\\src\\auth\\decorators\\current-user.decorator.ts": {"path":"C:\\Users\\gabry\\Documents\\Projetos\\nexus-system\\server\\src\\auth\\decorators\\current-user.decorator.ts","statementMap":{"0":{"start":{"line":1,"column":0},"end":{"line":1,"column":72}},"1":{"start":{"line":3,"column":13},"end":{"line":12,"column":2}},"2":{"start":{"line":5,"column":20},"end":{"line":5,"column":51}},"3":{"start":{"line":6,"column":17},"end":{"line":6,"column":29}},"4":{"start":{"line":7,"column":4},"end":{"line":9,"column":5}},"5":{"start":{"line":8,"column":6},"end":{"line":8,"column":24}},"6":{"start":{"line":10,"column":4},"end":{"line":10,"column":16}}},"fnMap":{"0":{"name":"(anonymous_0)","decl":{"start":{"line":4,"column":2},"end":{"line":4,"column":3}},"loc":{"start":{"line":4,"column":54},"end":{"line":11,"column":3}}}},"branchMap":{"0":{"loc":{"start":{"line":7,"column":4},"end":{"line":9,"column":5}},"type":"if","locations":[{"start":{"line":7,"column":4},"end":{"line":9,"column":5}},{"start":{},"end":{}}]},"1":{"loc":{"start":{"line":7,"column":8},"end":{"line":7,"column":20}},"type":"binary-expr","locations":[{"start":{"line":7,"column":8},"end":{"line":7,"column":12}},{"start":{"line":7,"column":16},"end":{"line":7,"column":20}}]}},"s":{"0":2,"1":2,"2":0,"3":0,"4":0,"5":0,"6":0},"f":{"0":0},"b":{"0":[0,0],"1":[0,0]}}
,"C:\\Users\\gabry\\Documents\\Projetos\\nexus-system\\server\\src\\auth\\decorators\\public.decorator.ts": {"path":"C:\\Users\\gabry\\Documents\\Projetos\\nexus-system\\server\\src\\auth\\decorators\\public.decorator.ts","statementMap":{"0":{"start":{"line":1,"column":0},"end":{"line":1,"column":45}},"1":{"start":{"line":3,"column":13},"end":{"line":3,"column":40}},"2":{"start":{"line":5,"column":22},"end":{"line":5,"column":60}},"3":{"start":{"line":5,"column":28},"end":{"line":5,"column":60}},"4":{"start":{"line":5,"column":13},"end":{"line":5,"column":22}}},"fnMap":{"0":{"name":"(anonymous_0)","decl":{"start":{"line":5,"column":22},"end":{"line":5,"column":25}},"loc":{"start":{"line":5,"column":28},"end":{"line":5,"column":60}}}},"branchMap":{},"s":{"0":2,"1":2,"2":2,"3":2,"4":2},"f":{"0":2},"b":{}}
,"C:\\Users\\gabry\\Documents\\Projetos\\nexus-system\\server\\src\\auth\\decorators\\require-permissions.decorator.ts": {"path":"C:\\Users\\gabry\\Documents\\Projetos\\nexus-system\\server\\src\\auth\\decorators\\require-permissions.decorator.ts","statementMap":{"0":{"start":{"line":1,"column":0},"end":{"line":1,"column":45}},"1":{"start":{"line":3,"column":13},"end":{"line":3,"column":45}},"2":{"start":{"line":5,"column":34},"end":{"line":6,"column":43}},"3":{"start":{"line":6,"column":2},"end":{"line":6,"column":43}},"4":{"start":{"line":5,"column":13},"end":{"line":5,"column":34}}},"fnMap":{"0":{"name":"(anonymous_0)","decl":{"start":{"line":5,"column":34},"end":{"line":5,"column":35}},"loc":{"start":{"line":6,"column":2},"end":{"line":6,"column":43}}}},"branchMap":{},"s":{"0":8,"1":8,"2":8,"3":55,"4":8},"f":{"0":55},"b":{}}
,"C:\\Users\\gabry\\Documents\\Projetos\\nexus-system\\server\\src\\auth\\dto\\login.dto.ts": {"path":"C:\\Users\\gabry\\Documents\\Projetos\\nexus-system\\server\\src\\auth\\dto\\login.dto.ts","statementMap":{"0":{"start":{"line":1,"column":0},"end":{"line":1,"column":46}},"1":{"start":{"line":2,"column":0},"end":{"line":2,"column":63}},"2":{"start":{"line":4,"column":0},"end":{"line":4,"column":13}},"3":{"start":{"line":7,"column":2},"end":{"line":7,"column":null}},"4":{"start":{"line":12,"column":2},"end":{"line":12,"column":null}}},"fnMap":{},"branchMap":{},"s":{"0":1,"1":1,"2":1,"3":1,"4":1},"f":{},"b":{}}
,"C:\\Users\\gabry\\Documents\\Projetos\\nexus-system\\server\\src\\auth\\guards\\permissions.guard.ts": {"path":"C:\\Users\\gabry\\Documents\\Projetos\\nexus-system\\server\\src\\auth\\guards\\permissions.guard.ts","statementMap":{"0":{"start":{"line":1,"column":0},"end":{"line":1,"column":null}},"1":{"start":{"line":7,"column":0},"end":{"line":7,"column":41}},"2":{"start":{"line":8,"column":0},"end":{"line":8,"column":78}},"3":{"start":{"line":9,"column":0},"end":{"line":9,"column":57}},"4":{"start":{"line":12,"column":7},"end":{"line":39,"column":null}},"5":{"start":{"line":14,"column":12},"end":{"line":14,"column":23}},"6":{"start":{"line":15,"column":12},"end":{"line":15,"column":26}},"7":{"start":{"line":19,"column":21},"end":{"line":22,"column":6}},"8":{"start":{"line":23,"column":4},"end":{"line":23,"column":56}},"9":{"start":{"line":23,"column":44},"end":{"line":23,"column":56}},"10":{"start":{"line":25,"column":20},"end":{"line":25,"column":55}},"11":{"start":{"line":26,"column":17},"end":{"line":26,"column":29}},"12":{"start":{"line":27,"column":4},"end":{"line":27,"column":28}},"13":{"start":{"line":27,"column":15},"end":{"line":27,"column":28}},"14":{"start":{"line":29,"column":21},"end":{"line":29,"column":68}},"15":{"start":{"line":30,"column":4},"end":{"line":30,"column":32}},"16":{"start":{"line":30,"column":19},"end":{"line":30,"column":32}},"17":{"start":{"line":32,"column":24},"end":{"line":32,"column":66}},"18":{"start":{"line":33,"column":19},"end":{"line":33,"column":65}},"19":{"start":{"line":33,"column":41},"end":{"line":33,"column":64}},"20":{"start":{"line":34,"column":4},"end":{"line":36,"column":5}},"21":{"start":{"line":35,"column":6},"end":{"line":35,"column":67}},"22":{"start":{"line":37,"column":4},"end":{"line":37,"column":16}},"23":{"start":{"line":12,"column":13},"end":{"line":12,"column":29}},"24":{"start":{"line":12,"column":13},"end":{"line":39,"column":null}}},"fnMap":{"0":{"name":"(anonymous_2)","decl":{"start":{"line":13,"column":2},"end":{"line":13,"column":null}},"loc":{"start":{"line":15,"column":38},"end":{"line":16,"column":6}}},"1":{"name":"(anonymous_3)","decl":{"start":{"line":18,"column":2},"end":{"line":18,"column":7}},"loc":{"start":{"line":18,"column":45},"end":{"line":38,"column":3}}},"2":{"name":"(anonymous_4)","decl":{"start":{"line":33,"column":34},"end":{"line":33,"column":35}},"loc":{"start":{"line":33,"column":41},"end":{"line":33,"column":64}}}},"branchMap":{"0":{"loc":{"start":{"line":23,"column":4},"end":{"line":23,"column":56}},"type":"if","locations":[{"start":{"line":23,"column":4},"end":{"line":23,"column":56}},{"start":{},"end":{}}]},"1":{"loc":{"start":{"line":23,"column":8},"end":{"line":23,"column":42}},"type":"binary-expr","locations":[{"start":{"line":23,"column":8},"end":{"line":23,"column":17}},{"start":{"line":23,"column":21},"end":{"line":23,"column":42}}]},"2":{"loc":{"start":{"line":27,"column":4},"end":{"line":27,"column":28}},"type":"if","locations":[{"start":{"line":27,"column":4},"end":{"line":27,"column":28}},{"start":{},"end":{}}]},"3":{"loc":{"start":{"line":30,"column":4},"end":{"line":30,"column":32}},"type":"if","locations":[{"start":{"line":30,"column":4},"end":{"line":30,"column":32}},{"start":{},"end":{}}]},"4":{"loc":{"start":{"line":34,"column":4},"end":{"line":36,"column":5}},"type":"if","locations":[{"start":{"line":34,"column":4},"end":{"line":36,"column":5}},{"start":{},"end":{}}]},"5":{"loc":{"start":{"line":14,"column":23},"end":{"line":14,"column":null}},"type":"cond-expr","locations":[{"start":{"line":14,"column":32},"end":{"line":14,"column":null}},{"start":{"line":14,"column":32},"end":{"line":14,"column":null}}]},"6":{"loc":{"start":{"line":14,"column":23},"end":{"line":14,"column":32}},"type":"binary-expr","locations":[{"start":{"line":14,"column":23},"end":{"line":14,"column":null}},{"start":{"line":14,"column":23},"end":{"line":14,"column":32}}]},"7":{"loc":{"start":{"line":14,"column":32},"end":{"line":15,"column":null}},"type":"cond-expr","locations":[{"start":{"line":15,"column":38},"end":{"line":15,"column":null}},{"start":{"line":15,"column":38},"end":{"line":15,"column":null}}]},"8":{"loc":{"start":{"line":14,"column":32},"end":{"line":15,"column":38}},"type":"binary-expr","locations":[{"start":{"line":14,"column":32},"end":{"line":15,"column":null}},{"start":{"line":15,"column":26},"end":{"line":15,"column":38}}]}},"s":{"0":8,"1":8,"2":8,"3":8,"4":8,"5":0,"6":0,"7":0,"8":0,"9":0,"10":0,"11":0,"12":0,"13":0,"14":0,"15":0,"16":0,"17":0,"18":0,"19":0,"20":0,"21":0,"22":0,"23":8,"24":8},"f":{"0":0,"1":0,"2":0},"b":{"0":[0,0],"1":[0,0],"2":[0,0],"3":[0,0],"4":[0,0],"5":[8,0],"6":[8,8],"7":[8,0],"8":[8,8]}}
,"C:\\Users\\gabry\\Documents\\Projetos\\nexus-system\\server\\src\\clientes\\clientes.controller.ts": {"path":"C:\\Users\\gabry\\Documents\\Projetos\\nexus-system\\server\\src\\clientes\\clientes.controller.ts","statementMap":{"0":{"start":{"line":1,"column":0},"end":{"line":1,"column":93}},"1":{"start":{"line":2,"column":0},"end":{"line":2,"column":71}},"2":{"start":{"line":3,"column":0},"end":{"line":3,"column":86}},"3":{"start":{"line":4,"column":0},"end":{"line":4,"column":68}},"4":{"start":{"line":5,"column":0},"end":{"line":5,"column":53}},"5":{"start":{"line":6,"column":0},"end":{"line":6,"column":60}},"6":{"start":{"line":7,"column":0},"end":{"line":7,"column":60}},"7":{"start":{"line":13,"column":7},"end":{"line":45,"column":null}},"8":{"start":{"line":14,"column":31},"end":{"line":14,"column":48}},"9":{"start":{"line":20,"column":4},"end":{"line":22,"column":7}},"10":{"start":{"line":29,"column":4},"end":{"line":29,"column":45}},"11":{"start":{"line":36,"column":4},"end":{"line":36,"column":44}},"12":{"start":{"line":43,"column":4},"end":{"line":43,"column":49}},"13":{"start":{"line":13,"column":13},"end":{"line":13,"column":31}},"14":{"start":{"line":19,"column":2},"end":{"line":23,"column":null}},"15":{"start":{"line":28,"column":2},"end":{"line":30,"column":null}},"16":{"start":{"line":35,"column":2},"end":{"line":37,"column":null}},"17":{"start":{"line":42,"column":2},"end":{"line":44,"column":null}},"18":{"start":{"line":13,"column":13},"end":{"line":45,"column":null}}},"fnMap":{"0":{"name":"(anonymous_4)","decl":{"start":{"line":14,"column":2},"end":{"line":14,"column":31}},"loc":{"start":{"line":14,"column":63},"end":{"line":14,"column":67}}},"1":{"name":"(anonymous_5)","decl":{"start":{"line":19,"column":2},"end":{"line":19,"column":9}},"loc":{"start":{"line":19,"column":52},"end":{"line":23,"column":3}}},"2":{"name":"(anonymous_6)","decl":{"start":{"line":28,"column":2},"end":{"line":28,"column":9}},"loc":{"start":{"line":28,"column":33},"end":{"line":30,"column":3}}},"3":{"name":"(anonymous_7)","decl":{"start":{"line":35,"column":2},"end":{"line":35,"column":8}},"loc":{"start":{"line":35,"column":38},"end":{"line":37,"column":3}}},"4":{"name":"(anonymous_8)","decl":{"start":{"line":42,"column":2},"end":{"line":42,"column":8}},"loc":{"start":{"line":42,"column":63},"end":{"line":44,"column":3}}}},"branchMap":{"0":{"loc":{"start":{"line":21,"column":26},"end":{"line":21,"column":71}},"type":"binary-expr","locations":[{"start":{"line":21,"column":26},"end":{"line":21,"column":45}},{"start":{"line":21,"column":49},"end":{"line":21,"column":71}}]},"1":{"loc":{"start":{"line":35,"column":22},"end":{"line":35,"column":null}},"type":"cond-expr","locations":[{"start":{"line":35,"column":38},"end":{"line":35,"column":null}},{"start":{"line":35,"column":38},"end":{"line":35,"column":null}}]},"2":{"loc":{"start":{"line":35,"column":22},"end":{"line":35,"column":38}},"type":"binary-expr","locations":[{"start":{"line":35,"column":22},"end":{"line":35,"column":null}},{"start":{"line":35,"column":22},"end":{"line":35,"column":38}}]},"3":{"loc":{"start":{"line":42,"column":47},"end":{"line":42,"column":null}},"type":"cond-expr","locations":[{"start":{"line":42,"column":63},"end":{"line":42,"column":null}},{"start":{"line":42,"column":63},"end":{"line":42,"column":null}}]},"4":{"loc":{"start":{"line":42,"column":47},"end":{"line":42,"column":63}},"type":"binary-expr","locations":[{"start":{"line":42,"column":47},"end":{"line":42,"column":null}},{"start":{"line":42,"column":47},"end":{"line":42,"column":63}}]},"5":{"loc":{"start":{"line":14,"column":48},"end":{"line":14,"column":66}},"type":"cond-expr","locations":[{"start":{"line":14,"column":63},"end":{"line":14,"column":66}},{"start":{"line":14,"column":63},"end":{"line":14,"column":66}}]},"6":{"loc":{"start":{"line":14,"column":48},"end":{"line":14,"column":63}},"type":"binary-expr","locations":[{"start":{"line":14,"column":48},"end":{"line":14,"column":66}},{"start":{"line":14,"column":48},"end":{"line":14,"column":63}}]}},"s":{"0":1,"1":1,"2":1,"3":1,"4":1,"5":1,"6":1,"7":1,"8":6,"9":3,"10":1,"11":1,"12":1,"13":1,"14":1,"15":1,"16":1,"17":1,"18":1},"f":{"0":6,"1":3,"2":1,"3":1,"4":1},"b":{"0":[3,2],"1":[1,0],"2":[1,1],"3":[1,0],"4":[1,1],"5":[1,0],"6":[1,1]}}
,"C:\\Users\\gabry\\Documents\\Projetos\\nexus-system\\server\\src\\clientes\\clientes.service.ts": {"path":"C:\\Users\\gabry\\Documents\\Projetos\\nexus-system\\server\\src\\clientes\\clientes.service.ts","statementMap":{"0":{"start":{"line":1,"column":0},"end":{"line":1,"column":63}},"1":{"start":{"line":2,"column":0},"end":{"line":2,"column":57}},"2":{"start":{"line":7,"column":7},"end":{"line":96,"column":null}},"3":{"start":{"line":8,"column":31},"end":{"line":8,"column":39}},"4":{"start":{"line":11,"column":4},"end":{"line":18,"column":7}},"5":{"start":{"line":22,"column":20},"end":{"line":25,"column":6}},"6":{"start":{"line":26,"column":4},"end":{"line":26,"column":72}},"7":{"start":{"line":26,"column":18},"end":{"line":26,"column":72}},"8":{"start":{"line":27,"column":4},"end":{"line":27,"column":19}},"9":{"start":{"line":31,"column":41},"end":{"line":31,"column":44}},"10":{"start":{"line":33,"column":4},"end":{"line":47,"column":7}},"11":{"start":{"line":38,"column":43},"end":{"line":42,"column":16}},"12":{"start":{"line":51,"column":4},"end":{"line":51,"column":27}},"13":{"start":{"line":53,"column":41},"end":{"line":53,"column":44}},"14":{"start":{"line":55,"column":4},"end":{"line":88,"column":5}},"15":{"start":{"line":56,"column":26},"end":{"line":56,"column":81}},"16":{"start":{"line":56,"column":49},"end":{"line":56,"column":53}},"17":{"start":{"line":56,"column":66},"end":{"line":56,"column":80}},"18":{"start":{"line":58,"column":6},"end":{"line":87,"column":9}},"19":{"start":{"line":59,"column":8},"end":{"line":64,"column":11}},"20":{"start":{"line":66,"column":8},"end":{"line":86,"column":9}},"21":{"start":{"line":67,"column":10},"end":{"line":85,"column":11}},"22":{"start":{"line":68,"column":12},"end":{"line":75,"column":15}},"23":{"start":{"line":77,"column":12},"end":{"line":84,"column":15}},"24":{"start":{"line":90,"column":4},"end":{"line":94,"column":7}},"25":{"start":{"line":7,"column":13},"end":{"line":7,"column":28}},"26":{"start":{"line":7,"column":13},"end":{"line":96,"column":null}}},"fnMap":{"0":{"name":"(anonymous_2)","decl":{"start":{"line":8,"column":2},"end":{"line":8,"column":31}},"loc":{"start":{"line":8,"column":52},"end":{"line":8,"column":56}}},"1":{"name":"(anonymous_3)","decl":{"start":{"line":10,"column":2},"end":{"line":10,"column":7}},"loc":{"start":{"line":10,"column":55},"end":{"line":19,"column":3}}},"2":{"name":"(anonymous_4)","decl":{"start":{"line":21,"column":2},"end":{"line":21,"column":7}},"loc":{"start":{"line":21,"column":26},"end":{"line":28,"column":3}}},"3":{"name":"(anonymous_5)","decl":{"start":{"line":30,"column":2},"end":{"line":30,"column":7}},"loc":{"start":{"line":30,"column":36},"end":{"line":48,"column":3}}},"4":{"name":"(anonymous_6)","decl":{"start":{"line":38,"column":35},"end":{"line":38,"column":36}},"loc":{"start":{"line":38,"column":43},"end":{"line":42,"column":16}}},"5":{"name":"(anonymous_7)","decl":{"start":{"line":50,"column":2},"end":{"line":50,"column":7}},"loc":{"start":{"line":50,"column":48},"end":{"line":95,"column":3}}},"6":{"name":"(anonymous_8)","decl":{"start":{"line":56,"column":42},"end":{"line":56,"column":43}},"loc":{"start":{"line":56,"column":49},"end":{"line":56,"column":53}}},"7":{"name":"(anonymous_9)","decl":{"start":{"line":56,"column":59},"end":{"line":56,"column":60}},"loc":{"start":{"line":56,"column":66},"end":{"line":56,"column":80}}},"8":{"name":"(anonymous_10)","decl":{"start":{"line":58,"column":37},"end":{"line":58,"column":42}},"loc":{"start":{"line":58,"column":50},"end":{"line":87,"column":7}}}},"branchMap":{"0":{"loc":{"start":{"line":16,"column":12},"end":{"line":16,"column":65}},"type":"cond-expr","locations":[{"start":{"line":16,"column":39},"end":{"line":16,"column":60}},{"start":{"line":16,"column":63},"end":{"line":16,"column":65}}]},"1":{"loc":{"start":{"line":26,"column":4},"end":{"line":26,"column":72}},"type":"if","locations":[{"start":{"line":26,"column":4},"end":{"line":26,"column":72}},{"start":{},"end":{}}]},"2":{"loc":{"start":{"line":36,"column":18},"end":{"line":44,"column":21}},"type":"cond-expr","locations":[{"start":{"line":37,"column":12},"end":{"line":43,"column":null}},{"start":{"line":44,"column":12},"end":{"line":44,"column":21}}]},"3":{"loc":{"start":{"line":55,"column":4},"end":{"line":88,"column":5}},"type":"if","locations":[{"start":{"line":55,"column":4},"end":{"line":88,"column":5}},{"start":{},"end":{}}]},"4":{"loc":{"start":{"line":67,"column":10},"end":{"line":85,"column":11}},"type":"if","locations":[{"start":{"line":67,"column":10},"end":{"line":85,"column":11}},{"start":{"line":76,"column":17},"end":{"line":85,"column":11}}]},"5":{"loc":{"start":{"line":8,"column":39},"end":{"line":8,"column":55}},"type":"cond-expr","locations":[{"start":{"line":8,"column":52},"end":{"line":8,"column":55}},{"start":{"line":8,"column":52},"end":{"line":8,"column":55}}]},"6":{"loc":{"start":{"line":8,"column":39},"end":{"line":8,"column":52}},"type":"binary-expr","locations":[{"start":{"line":8,"column":39},"end":{"line":8,"column":55}},{"start":{"line":8,"column":39},"end":{"line":8,"column":52}}]}},"s":{"0":2,"1":2,"2":2,"3":9,"4":2,"5":6,"6":6,"7":3,"8":3,"9":2,"10":2,"11":1,"12":3,"13":2,"14":2,"15":1,"16":1,"17":0,"18":1,"19":1,"20":1,"21":1,"22":0,"23":1,"24":2,"25":2,"26":2},"f":{"0":9,"1":2,"2":6,"3":2,"4":1,"5":3,"6":1,"7":0,"8":1},"b":{"0":[1,1],"1":[3,3],"2":[1,1],"3":[1,1],"4":[0,1],"5":[2,0],"6":[2,2]}}
,"C:\\Users\\gabry\\Documents\\Projetos\\nexus-system\\server\\src\\clientes\\dto\\create-cliente.dto.ts": {"path":"C:\\Users\\gabry\\Documents\\Projetos\\nexus-system\\server\\src\\clientes\\dto\\create-cliente.dto.ts","statementMap":{"0":{"start":{"line":1,"column":0},"end":{"line":1,"column":67}},"1":{"start":{"line":2,"column":0},"end":{"line":2,"column":41}},"2":{"start":{"line":3,"column":0},"end":{"line":3,"column":null}},"3":{"start":{"line":14,"column":0},"end":{"line":14,"column":null}},"4":{"start":{"line":15,"column":2},"end":{"line":15,"column":null}},"5":{"start":{"line":16,"column":2},"end":{"line":16,"column":null}},"6":{"start":{"line":19,"column":0},"end":{"line":19,"column":null}},"7":{"start":{"line":20,"column":2},"end":{"line":20,"column":null}},"8":{"start":{"line":21,"column":2},"end":{"line":21,"column":null}},"9":{"start":{"line":22,"column":2},"end":{"line":22,"column":null}},"10":{"start":{"line":25,"column":0},"end":{"line":25,"column":13}},"11":{"start":{"line":29,"column":2},"end":{"line":29,"column":null}},"12":{"start":{"line":34,"column":2},"end":{"line":34,"column":null}},"13":{"start":{"line":39,"column":2},"end":{"line":39,"column":null}},"14":{"start":{"line":42,"column":0},"end":{"line":42,"column":13}},"15":{"start":{"line":46,"column":2},"end":{"line":46,"column":null}},"16":{"start":{"line":51,"column":2},"end":{"line":51,"column":null}},"17":{"start":{"line":56,"column":2},"end":{"line":56,"column":null}},"18":{"start":{"line":61,"column":2},"end":{"line":61,"column":null}},"19":{"start":{"line":66,"column":2},"end":{"line":66,"column":null}},"20":{"start":{"line":71,"column":2},"end":{"line":71,"column":null}},"21":{"start":{"line":76,"column":2},"end":{"line":76,"column":null}},"22":{"start":{"line":81,"column":2},"end":{"line":81,"column":null}},"23":{"start":{"line":86,"column":2},"end":{"line":86,"column":null}},"24":{"start":{"line":91,"column":2},"end":{"line":91,"column":null}},"25":{"start":{"line":96,"column":2},"end":{"line":96,"column":null}},"26":{"start":{"line":101,"column":2},"end":{"line":101,"column":null}},"27":{"start":{"line":106,"column":2},"end":{"line":106,"column":null}},"28":{"start":{"line":113,"column":2},"end":{"line":113,"column":null}},"29":{"start":{"line":112,"column":14},"end":{"line":112,"column":24}}},"fnMap":{"0":{"name":"(anonymous_2)","decl":{"start":{"line":14,"column":0},"end":{"line":14,"column":12}},"loc":{"start":{"line":14,"column":24},"end":{"line":17,"column":1}}},"1":{"name":"(anonymous_3)","decl":{"start":{"line":19,"column":0},"end":{"line":19,"column":12}},"loc":{"start":{"line":19,"column":25},"end":{"line":23,"column":1}}},"2":{"name":"(anonymous_4)","decl":{"start":{"line":112,"column":8},"end":{"line":112,"column":11}},"loc":{"start":{"line":112,"column":14},"end":{"line":112,"column":24}}}},"branchMap":{"0":{"loc":{"start":{"line":14,"column":12},"end":{"line":14,"column":null}},"type":"binary-expr","locations":[{"start":{"line":14,"column":12},"end":{"line":14,"column":24}},{"start":{"line":14,"column":24},"end":{"line":14,"column":null}}]},"1":{"loc":{"start":{"line":19,"column":12},"end":{"line":19,"column":null}},"type":"binary-expr","locations":[{"start":{"line":19,"column":12},"end":{"line":19,"column":25}},{"start":{"line":19,"column":25},"end":{"line":19,"column":null}}]}},"s":{"0":1,"1":1,"2":1,"3":1,"4":1,"5":1,"6":1,"7":1,"8":1,"9":1,"10":1,"11":1,"12":1,"13":1,"14":1,"15":1,"16":1,"17":1,"18":1,"19":1,"20":1,"21":1,"22":1,"23":1,"24":1,"25":1,"26":1,"27":1,"28":1,"29":0},"f":{"0":1,"1":1,"2":0},"b":{"0":[1,1],"1":[1,1]}}
[...]
olumn":60}},"50":{"start":{"line":139,"column":4},"end":{"line":142,"column":7}},"51":{"start":{"line":143,"column":4},"end":{"line":143,"column":53}},"52":{"start":{"line":147,"column":4},"end":{"line":162,"column":7}},"53":{"start":{"line":166,"column":4},"end":{"line":173,"column":7}},"54":{"start":{"line":177,"column":18},"end":{"line":177,"column":35}},"55":{"start":{"line":178,"column":4},"end":{"line":182,"column":5}},"56":{"start":{"line":179,"column":6},"end":{"line":181,"column":7}},"57":{"start":{"line":180,"column":8},"end":{"line":180,"column":37}},"58":{"start":{"line":183,"column":4},"end":{"line":183,"column":29}},"59":{"start":{"line":187,"column":4},"end":{"line":190,"column":7}},"60":{"start":{"line":8,"column":13},"end":{"line":8,"column":25}},"61":{"start":{"line":8,"column":13},"end":{"line":192,"column":null}}},"fnMap":{"0":{"name":"(anonymous_11)","decl":{"start":{"line":9,"column":2},"end":{"line":9,"column":31}},"loc":{"start":{"line":9,"column":52},"end":{"line":9,"column":56}}},"1":{"name":"(anonymous_12)","decl":{"start":{"line":11,"column":2},"end":{"line":11,"column":7}},"loc":{"start":{"line":11,"column":15},"end":{"line":28,"column":3}}},"2":{"name":"(anonymous_13)","decl":{"start":{"line":27,"column":21},"end":{"line":27,"column":22}},"loc":{"start":{"line":27,"column":49},"end":{"line":27,"column":50}}},"3":{"name":"(anonymous_14)","decl":{"start":{"line":30,"column":2},"end":{"line":30,"column":7}},"loc":{"start":{"line":35,"column":3},"end":{"line":85,"column":3}}},"4":{"name":"(anonymous_15)","decl":{"start":{"line":80,"column":22},"end":{"line":80,"column":23}},"loc":{"start":{"line":80,"column":50},"end":{"line":80,"column":51}}},"5":{"name":"(anonymous_16)","decl":{"start":{"line":87,"column":2},"end":{"line":87,"column":7}},"loc":{"start":{"line":87,"column":26},"end":{"line":95,"column":3}}},"6":{"name":"(anonymous_17)","decl":{"start":{"line":97,"column":2},"end":{"line":97,"column":7}},"loc":{"start":{"line":97,"column":33},"end":{"line":112,"column":3}}},"7":{"name":"(anonymous_18)","decl":{"start":{"line":114,"column":2},"end":{"line":114,"column":7}},"loc":{"start":{"line":114,"column":45},"end":{"line":133,"column":3}}},"8":{"name":"(anonymous_19)","decl":{"start":{"line":135,"column":2},"end":{"line":135,"column":7}},"loc":{"start":{"line":135,"column":32},"end":{"line":144,"column":3}}},"9":{"name":"(anonymous_20)","decl":{"start":{"line":146,"column":2},"end":{"line":146,"column":7}},"loc":{"start":{"line":146,"column":33},"end":{"line":163,"column":3}}},"10":{"name":"(anonymous_21)","decl":{"start":{"line":165,"column":2},"end":{"line":165,"column":7}},"loc":{"start":{"line":165,"column":27},"end":{"line":174,"column":3}}},"11":{"name":"(anonymous_22)","decl":{"start":{"line":176,"column":2},"end":{"line":176,"column":16}},"loc":{"start":{"line":176,"column":80},"end":{"line":184,"column":3}}},"12":{"name":"(anonymous_23)","decl":{"start":{"line":186,"column":2},"end":{"line":186,"column":7}},"loc":{"start":{"line":186,"column":34},"end":{"line":191,"column":3}}}},"branchMap":{"0":{"loc":{"start":{"line":36,"column":27},"end":{"line":36,"column":35}},"type":"default-arg","locations":[{"start":{"line":36,"column":34},"end":{"line":36,"column":35}}]},"1":{"loc":{"start":{"line":36,"column":37},"end":{"line":36,"column":47}},"type":"default-arg","locations":[{"start":{"line":36,"column":45},"end":{"line":36,"column":47}}]},"2":{"loc":{"start":{"line":46,"column":4},"end":{"line":51,"column":5}},"type":"if","locations":[{"start":{"line":46,"column":4},"end":{"line":51,"column":5}},{"start":{},"end":{}}]},"3":{"loc":{"start":{"line":53,"column":4},"end":{"line":55,"column":5}},"type":"if","locations":[{"start":{"line":53,"column":4},"end":{"line":55,"column":5}},{"start":{},"end":{}}]},"4":{"loc":{"start":{"line":92,"column":4},"end":{"line":92,"column":69}},"type":"if","locations":[{"start":{"line":92,"column":4},"end":{"line":92,"column":69}},{"start":{},"end":{}}]},"5":{"loc":{"start":{"line":99,"column":4},"end":{"line":99,"column":67}},"type":"if","locations":[{"start":{"line":99,"column":4},"end":{"line":99,"column":67}},{"start":{},"end":{}}]},"6":{"loc":{"start":{"line":106,"column":15},"end":{"line":106,"column":32}},"type":"binary-expr","locations":[{"start":{"line":106,"column":15},"end":{"line":106,"column":24}},{"start":{"line":106,"column":28},"end":{"line":106,"column":32}}]},"7":{"loc":{"start":{"line":116,"column":4},"end":{"line":121,"column":5}},"type":"if","locations":[{"start":{"line":116,"column":4},"end":{"line":121,"column":5}},{"start":{},"end":{}}]},"8":{"loc":{"start":{"line":120,"column":6},"end":{"line":120,"column":69}},"type":"if","locations":[{"start":{"line":120,"column":6},"end":{"line":120,"column":69}},{"start":{},"end":{}}]},"9":{"loc":{"start":{"line":123,"column":4},"end":{"line":123,"column":53}},"type":"if","locations":[{"start":{"line":123,"column":4},"end":{"line":123,"column":53}},{"start":{},"end":{}}]},"10":{"loc":{"start":{"line":124,"column":4},"end":{"line":124,"column":56}},"type":"if","locations":[{"start":{"line":124,"column":4},"end":{"line":124,"column":56}},{"start":{},"end":{}}]},"11":{"loc":{"start":{"line":125,"column":4},"end":{"line":125,"column":56}},"type":"if","locations":[{"start":{"line":125,"column":4},"end":{"line":125,"column":56}},{"start":{},"end":{}}]},"12":{"loc":{"start":{"line":126,"column":4},"end":{"line":126,"column":56}},"type":"if","locations":[{"start":{"line":126,"column":4},"end":{"line":126,"column":56}},{"start":{},"end":{}}]},"13":{"loc":{"start":{"line":9,"column":39},"end":{"line":9,"column":55}},"type":"cond-expr","locations":[{"start":{"line":9,"column":52},"end":{"line":9,"column":55}},{"start":{"line":9,"column":52},"end":{"line":9,"column":55}}]},"14":{"loc":{"start":{"line":9,"column":39},"end":{"line":9,"column":52}},"type":"binary-expr","locations":[{"start":{"line":9,"column":39},"end":{"line":9,"column":55}},{"start":{"line":9,"column":39},"end":{"line":9,"column":52}}]}},"s":{"0":11,"1":11,"2":11,"3":11,"4":16,"5":1,"6":1,"7":2,"8":4,"9":4,"10":4,"11":4,"12":1,"13":4,"14":1,"15":4,"16":4,"17":1,"18":8,"19":8,"20":4,"21":4,"22":4,"23":3,"24":3,"25":2,"26":1,"27":1,"28":1,"29":1,"30":3,"31":2,"32":1,"33":1,"34":1,"35":1,"36":1,"37":1,"38":1,"39":0,"40":1,"41":0,"42":1,"43":0,"44":1,"45":1,"46":1,"47":2,"48":1,"49":1,"50":1,"51":1,"52":0,"53":0,"54":2,"55":2,"56":2,"57":3,"58":2,"59":0,"60":11,"61":11},"f":{"0":16,"1":1,"2":2,"3":4,"4":1,"5":8,"6":3,"7":3,"8":2,"9":0,"10":0,"11":2,"12":0},"b":{"0":[0],"1":[0],"2":[1,3],"3":[1,3],"4":[4,4],"5":[2,1],"6":[1,1],"7":[1,1],"8":[1,0],"9":[1,0],"10":[0,1],"11":[0,1],"12":[0,1],"13":[11,0],"14":[11,11]}}
,"C:\\Users\\gabry\\Documents\\Projetos\\nexus-system\\server\\src\\users\\dto\\create-user.dto.ts": {"path":"C:\\Users\\gabry\\Documents\\Projetos\\nexus-system\\server\\src\\users\\dto\\create-user.dto.ts","statementMap":{"0":{"start":{"line":1,"column":0},"end":{"line":1,"column":67}},"1":{"start":{"line":2,"column":0},"end":{"line":2,"column":94}},"2":{"start":{"line":4,"column":0},"end":{"line":4,"column":13}},"3":{"start":{"line":8,"column":2},"end":{"line":8,"column":null}},"4":{"start":{"line":12,"column":2},"end":{"line":12,"column":null}},"5":{"start":{"line":17,"column":2},"end":{"line":17,"column":null}},"6":{"start":{"line":22,"column":2},"end":{"line":22,"column":null}},"7":{"start":{"line":27,"column":2},"end":{"line":27,"column":null}}},"fnMap":{},"branchMap":{},"s":{"0":1,"1":1,"2":1,"3":1,"4":1,"5":1,"6":1,"7":1},"f":{},"b":{}}
,"C:\\Users\\gabry\\Documents\\Projetos\\nexus-system\\server\\src\\users\\dto\\update-user.dto.ts": {"path":"C:\\Users\\gabry\\Documents\\Projetos\\nexus-system\\server\\src\\users\\dto\\update-user.dto.ts","statementMap":{"0":{"start":{"line":1,"column":0},"end":{"line":1,"column":54}},"1":{"start":{"line":2,"column":0},"end":{"line":2,"column":94}},"2":{"start":{"line":4,"column":0},"end":{"line":4,"column":13}},"3":{"start":{"line":9,"column":2},"end":{"line":9,"column":null}},"4":{"start":{"line":14,"column":2},"end":{"line":14,"column":null}},"5":{"start":{"line":19,"column":2},"end":{"line":19,"column":null}},"6":{"start":{"line":24,"column":2},"end":{"line":24,"column":null}}},"fnMap":{},"branchMap":{},"s":{"0":1,"1":1,"2":1,"3":1,"4":1,"5":1,"6":1},"f":{},"b":{}}
,"C:\\Users\\gabry\\Documents\\Projetos\\nexus-system\\server\\src\\veiculos\\veiculos.controller.ts": {"path":"C:\\Users\\gabry\\Documents\\Projetos\\nexus-system\\server\\src\\veiculos\\veiculos.controller.ts","statementMap":{"0":{"start":{"line":1,"column":0},"end":{"line":1,"column":86}},"1":{"start":{"line":2,"column":0},"end":{"line":2,"column":71}},"2":{"start":{"line":3,"column":0},"end":{"line":3,"column":86}},"3":{"start":{"line":4,"column":0},"end":{"line":4,"column":68}},"4":{"start":{"line":5,"column":0},"end":{"line":5,"column":53}},"5":{"start":{"line":6,"column":0},"end":{"line":6,"column":76}},"6":{"start":{"line":12,"column":7},"end":{"line":41,"column":null}},"7":{"start":{"line":13,"column":31},"end":{"line":13,"column":40}},"8":{"start":{"line":19,"column":4},"end":{"line":25,"column":7}},"9":{"start":{"line":32,"column":4},"end":{"line":32,"column":45}},"10":{"start":{"line":39,"column":4},"end":{"line":39,"column":40}},"11":{"start":{"line":12,"column":13},"end":{"line":12,"column":31}},"12":{"start":{"line":18,"column":2},"end":{"line":26,"column":null}},"13":{"start":{"line":31,"column":2},"end":{"line":33,"column":null}},"14":{"start":{"line":38,"column":2},"end":{"line":40,"column":null}},"15":{"start":{"line":12,"column":13},"end":{"line":41,"column":null}}},"fnMap":{"0":{"name":"(anonymous_4)","decl":{"start":{"line":13,"column":2},"end":{"line":13,"column":31}},"loc":{"start":{"line":13,"column":55},"end":{"line":13,"column":59}}},"1":{"name":"(anonymous_5)","decl":{"start":{"line":18,"column":2},"end":{"line":18,"column":15}},"loc":{"start":{"line":18,"column":52},"end":{"line":26,"column":3}}},"2":{"name":"(anonymous_6)","decl":{"start":{"line":31,"column":2},"end":{"line":31,"column":15}},"loc":{"start":{"line":31,"column":45},"end":{"line":33,"column":3}}},"3":{"name":"(anonymous_7)","decl":{"start":{"line":38,"column":2},"end":{"line":38,"column":9}},"loc":{"start":{"line":38,"column":42},"end":{"line":40,"column":3}}}},"branchMap":{"0":{"loc":{"start":{"line":18,"column":29},"end":{"line":18,"column":null}},"type":"cond-expr","locations":[{"start":{"line":18,"column":52},"end":{"line":18,"column":null}},{"start":{"line":18,"column":52},"end":{"line":18,"column":null}}]},"1":{"loc":{"start":{"line":18,"column":29},"end":{"line":18,"column":52}},"type":"binary-expr","locations":[{"start":{"line":18,"column":29},"end":{"line":18,"column":null}},{"start":{"line":18,"column":29},"end":{"line":18,"column":52}}]},"2":{"loc":{"start":{"line":13,"column":40},"end":{"line":13,"column":58}},"type":"cond-expr","locations":[{"start":{"line":13,"column":55},"end":{"line":13,"column":58}},{"start":{"line":13,"column":55},"end":{"line":13,"column":58}}]},"3":{"loc":{"start":{"line":13,"column":40},"end":{"line":13,"column":55}},"type":"binary-expr","locations":[{"start":{"line":13,"column":40},"end":{"line":13,"column":58}},{"start":{"line":13,"column":40},"end":{"line":13,"column":55}}]}},"s":{"0":1,"1":1,"2":1,"3":1,"4":1,"5":1,"6":1,"7":4,"8":0,"9":2,"10":2,"11":1,"12":1,"13":1,"14":1,"15":1},"f":{"0":4,"1":0,"2":2,"3":2},"b":{"0":[1,0],"1":[1,1],"2":[1,0],"3":[1,1]}}
,"C:\\Users\\gabry\\Documents\\Projetos\\nexus-system\\server\\src\\veiculos\\veiculos.service.ts": {"path":"C:\\Users\\gabry\\Documents\\Projetos\\nexus-system\\server\\src\\veiculos\\veiculos.service.ts","statementMap":{"0":{"start":{"line":1,"column":0},"end":{"line":1,"column":44}},"1":{"start":{"line":2,"column":0},"end":{"line":2,"column":57}},"2":{"start":{"line":3,"column":0},"end":{"line":3,"column":48}},"3":{"start":{"line":6,"column":2},"end":{"line":6,"column":70}},"4":{"start":{"line":10,"column":7},"end":{"line":62,"column":null}},"5":{"start":{"line":11,"column":31},"end":{"line":11,"column":39}},"6":{"start":{"line":20,"column":16},"end":{"line":20,"column":44}},"7":{"start":{"line":21,"column":4},"end":{"line":21,"column":36}},"8":{"start":{"line":21,"column":24},"end":{"line":21,"column":36}},"9":{"start":{"line":22,"column":19},"end":{"line":22,"column":107}},"10":{"start":{"line":23,"column":21},"end":{"line":25,"column":6}},"11":{"start":{"line":26,"column":4},"end":{"line":26,"column":34}},"12":{"start":{"line":26,"column":18},"end":{"line":26,"column":34}},"13":{"start":{"line":27,"column":4},"end":{"line":35,"column":7}},"14":{"start":{"line":39,"column":16},"end":{"line":39,"column":76}},"15":{"start":{"line":40,"column":4},"end":{"line":40,"column":null}},"16":{"start":{"line":40,"column":24},"end":{"line":40,"column":null}},"17":{"start":{"line":41,"column":22},"end":{"line":41,"column":47}},"18":{"start":{"line":42,"column":4},"end":{"line":42,"column":null}},"19":{"start":{"line":42,"column":20},"end":{"line":42,"column":null}},"20":{"start":{"line":43,"column":4},"end":{"line":49,"column":null}},"21":{"start":{"line":53,"column":18},"end":{"line":55,"column":10}},"22":{"start":{"line":56,"column":4},"end":{"line":60,"column":7}},"23":{"start":{"line":10,"column":13},"end":{"line":10,"column":28}},"24":{"start":{"line":10,"column":13},"end":{"line":62,"column":null}}},"fnMap":{"0":{"name":"normalizarPlaca","decl":{"start":{"line":5,"column":9},"end":{"line":5,"column":24}},"loc":{"start":{"line":5,"column":38},"end":{"line":7,"column":1}}},"1":{"name":"(anonymous_3)","decl":{"start":{"line":11,"column":2},"end":{"line":11,"column":31}},"loc":{"start":{"line":11,"column":52},"end":{"line":11,"column":56}}},"2":{"name":"(anonymous_4)","decl":{"start":{"line":13,"column":2},"end":{"line":13,"column":7}},"loc":{"start":{"line":19,"column":3},"end":{"line":36,"column":3}}},"3":{"name":"(anonymous_5)","decl":{"start":{"line":38,"column":2},"end":{"line":38,"column":7}},"loc":{"start":{"line":38,"column":35},"end":{"line":50,"column":3}}},"4":{"name":"(anonymous_6)","decl":{"start":{"line":52,"column":2},"end":{"line":52,"column":7}},"loc":{"start":{"line":52,"column":31},"end":{"line":61,"column":3}}}},"branchMap":{"0":{"loc":{"start":{"line":21,"column":4},"end":{"line":21,"column":36}},"type":"if","locations":[{"start":{"line":21,"column":4},"end":{"line":21,"column":36}},{"start":{},"end":{}}]},"1":{"loc":{"start":{"line":22,"column":19},"end":{"line":22,"column":107}},"type":"cond-expr","locations":[{"start":{"line":22,"column":32},"end":{"line":22,"column":99}},{"start":{"line":22,"column":103},"end":{"line":22,"column":107}}]},"2":{"loc":{"start":{"line":22,"column":32},"end":{"line":22,"column":99}},"type":"cond-expr","locations":[{"start":{"line":22,"column":64},"end":{"line":22,"column":87}},{"start":{"line":22,"column":90},"end":{"line":22,"column":99}}]},"3":{"loc":{"start":{"line":26,"column":4},"end":{"line":26,"column":34}},"type":"if","locations":[{"start":{"line":26,"column":4},"end":{"line":26,"column":34}},{"start":{},"end":{}}]},"4":{"loc":{"start":{"line":30,"column":15},"end":{"line":30,"column":45}},"type":"binary-expr","locations":[{"start":{"line":30,"column":15},"end":{"line":30,"column":26}},{"start":{"line":30,"column":30},"end":{"line":30,"column":45}}]},"5":{"loc":{"start":{"line":31,"column":16},"end":{"line":31,"column":47}},"type":"binary-expr","locations":[{"start":{"line":31,"column":16},"end":{"line":31,"column":28}},{"start":{"line":31,"column":32},"end":{"line":31,"column":47}}]},"6":{"loc":{"start":{"line":32,"column":13},"end":{"line":32,"column":67}},"type":"cond-expr","locations":[{"start":{"line":32,"column":54},"end":{"line":32,"column":58}},{"start":{"line":32,"column":61},"end":{"line":32,"column":67}}]},"7":{"loc":{"start":{"line":32,"column":13},"end":{"line":32,"column":51}},"type":"binary-expr","locations":[{"start":{"line":32,"column":13},"end":{"line":32,"column":33}},{"start":{"line":32,"column":37},"end":{"line":32,"column":51}}]},"8":{"loc":{"start":{"line":33,"column":13},"end":{"line":33,"column":30}},"type":"binary-expr","locations":[{"start":{"line":33,"column":13},"end":{"line":33,"column":22}},{"start":{"line":33,"column":26},"end":{"line":33,"column":30}}]},"9":{"loc":{"start":{"line":40,"column":4},"end":{"line":40,"column":null}},"type":"if","locations":[{"start":{"line":40,"column":4},"end":{"line":40,"column":null}},{"start":{},"end":{}}]},"10":{"loc":{"start":{"line":42,"column":4},"end":{"line":42,"column":null}},"type":"if","locations":[{"start":{"line":42,"column":4},"end":{"line":42,"column":null}},{"start":{},"end":{}}]},"11":{"loc":{"start":{"line":44,"column":13},"end":{"line":44,"column":34}},"type":"binary-expr","locations":[{"start":{"line":44,"column":13},"end":{"line":44,"column":28}},{"start":{"line":44,"column":32},"end":{"line":44,"column":34}}]},"12":{"loc":{"start":{"line":45,"column":14},"end":{"line":45,"column":36}},"type":"binary-expr","locations":[{"start":{"line":45,"column":14},"end":{"line":45,"column":30}},{"start":{"line":45,"column":34},"end":{"line":45,"column":36}}]},"13":{"loc":{"start":{"line":46,"column":11},"end":{"line":46,"column":63}},"type":"binary-expr","locations":[{"start":{"line":46,"column":11},"end":{"line":46,"column":30}},{"start":{"line":46,"column":34},"end":{"line":46,"column":57}},{"start":{"line":46,"column":61},"end":{"line":46,"column":63}}]},"14":{"loc":{"start":{"line":47,"column":11},"end":{"line":47,"column":30}},"type":"binary-expr","locations":[{"start":{"line":47,"column":11},"end":{"line":47,"column":24}},{"start":{"line":47,"column":28},"end":{"line":47,"column":30}}]},"15":{"loc":{"start":{"line":48,"column":12},"end":{"line":48,"column":39}},"type":"binary-expr","locations":[{"start":{"line":48,"column":12},"end":{"line":48,"column":33}},{"start":{"line":48,"column":37},"end":{"line":48,"column":39}}]},"16":{"loc":{"start":{"line":53,"column":18},"end":{"line":55,"column":10}},"type":"cond-expr","locations":[{"start":{"line":54,"column":8},"end":{"line":54,"column":46}},{"start":{"line":55,"column":8},"end":{"line":55,"column":10}}]},"17":{"loc":{"start":{"line":11,"column":39},"end":{"line":11,"column":55}},"type":"cond-expr","locations":[{"start":{"line":11,"column":52},"end":{"line":11,"column":55}},{"start":{"line":11,"column":52},"end":{"line":11,"column":55}}]},"18":{"loc":{"start":{"line":11,"column":39},"end":{"line":11,"column":52}},"type":"binary-expr","locations":[{"start":{"line":11,"column":39},"end":{"line":11,"column":55}},{"start":{"line":11,"column":39},"end":{"line":11,"column":52}}]}},"s":{"0":2,"1":2,"2":2,"3":4,"4":2,"5":15,"6":4,"7":4,"8":1,"9":3,"10":3,"11":3,"12":1,"13":2,"14":7,"15":7,"16":2,"17":5,"18":5,"19":2,"20":3,"21":4,"22":4,"23":2,"24":2},"f":{"0":4,"1":15,"2":4,"3":7,"4":4},"b":{"0":[1,3],"1":[1,2],"2":[1,0],"3":[1,2],"4":[2,1],"5":[2,1],"6":[1,1],"7":[2,2],"8":[2,1],"9":[2,5],"10":[2,3],"11":[3,1],"12":[3,1],"13":[3,2,1],"14":[3,1],"15":[3,1],"16":[2,2],"17":[2,0],"18":[2,2]}}
,"C:\\Users\\gabry\\Documents\\Projetos\\nexus-system\\server\\src\\veiculos\\dto\\criar-ou-buscar-veiculo.dto.ts": {"path":"C:\\Users\\gabry\\Documents\\Projetos\\nexus-system\\server\\src\\veiculos\\dto\\criar-ou-buscar-veiculo.dto.ts","statementMap":{"0":{"start":{"line":1,"column":0},"end":{"line":1,"column":67}},"1":{"start":{"line":2,"column":0},"end":{"line":2,"column":66}},"2":{"start":{"line":4,"column":0},"end":{"line":4,"column":13}},"3":{"start":{"line":8,"column":2},"end":{"line":8,"column":null}},"4":{"start":{"line":12,"column":2},"end":{"line":12,"column":null}},"5":{"start":{"line":16,"column":2},"end":{"line":16,"column":null}},"6":{"start":{"line":21,"column":2},"end":{"line":21,"column":null}},"7":{"start":{"line":26,"column":2},"end":{"line":26,"column":null}}},"fnMap":{},"branchMap":{},"s":{"0":1,"1":1,"2":1,"3":1,"4":1,"5":1,"6":1,"7":1},"f":{},"b":{}}
}
