TN:
SF:src\app.controller.ts
FN:7,(anonymous_2)
FN:11,(anonymous_3)
FNF:2
FNH:2
FNDA:1,(anonymous_2)
FNDA:1,(anonymous_3)
DA:1,1
DA:2,1
DA:3,1
DA:6,1
DA:7,1
DA:11,1
DA:12,1
LF:7
LH:7
BRDA:7,0,0,1
BRDA:7,0,1,0
BRDA:7,1,0,1
BRDA:7,1,1,1
BRF:4
BRH:3
end_of_record
TN:
SF:src\app.service.ts
FN:5,(anonymous_1)
FNF:1
FNH:1
FNDA:1,(anonymous_1)
DA:1,1
DA:4,1
DA:6,1
LF:3
LH:3
BRF:0
BRH:0
end_of_record
TN:
SF:src\aparelhos\aparelhos.controller.ts
FN:13,(anonymous_4)
FN:18,(anonymous_5)
FN:25,(anonymous_6)
FN:32,(anonymous_7)
FN:39,(anonymous_8)
FN:46,(anonymous_9)
FN:53,(anonymous_10)
FN:60,(anonymous_11)
FN:67,(anonymous_12)
FN:77,(anonymous_13)
FN:84,(anonymous_14)
FN:102,(anonymous_15)
FN:109,(anonymous_16)
FN:116,(anonymous_17)
FN:123,(anonymous_18)
FN:133,(anonymous_19)
FN:140,(anonymous_20)
FNF:17
FNH:13
FNDA:13,(anonymous_4)
FNDA:1,(anonymous_5)
FNDA:1,(anonymous_6)
FNDA:1,(anonymous_7)
FNDA:1,(anonymous_8)
FNDA:1,(anonymous_9)
FNDA:1,(anonymous_10)
FNDA:1,(anonymous_11)
FNDA:1,(anonymous_12)
FNDA:2,(anonymous_13)
FNDA:0,(anonymous_14)
FNDA:1,(anonymous_15)
FNDA:0,(anonymous_16)
FNDA:1,(anonymous_17)
FNDA:1,(anonymous_18)
FNDA:0,(anonymous_19)
FNDA:0,(anonymous_20)
DA:1,1
DA:2,1
DA:3,1
DA:4,1
DA:5,1
DA:12,1
DA:13,13
DA:18,1
DA:19,1
DA:25,1
DA:26,1
DA:32,1
DA:33,1
DA:39,1
DA:40,1
DA:46,1
DA:47,1
DA:53,1
DA:54,1
DA:60,1
DA:61,1
DA:67,1
DA:71,1
DA:77,1
DA:78,2
DA:84,1
DA:96,0
DA:102,1
DA:103,1
DA:109,1
DA:110,0
DA:116,1
DA:117,1
DA:123,1
DA:127,1
DA:133,1
DA:134,0
DA:140,1
DA:141,0
LF:39
LH:35
BRDA:78,0,0,2
BRDA:78,0,1,1
BRDA:141,1,0,0
BRDA:141,1,1,0
BRDA:13,2,0,1
BRDA:13,2,1,0
BRDA:13,3,0,1
BRDA:13,3,1,1
BRF:8
BRH:5
end_of_record
TN:
SF:src\aparelhos\aparelhos.service.ts
FN:37,(anonymous_2)
FN:39,(anonymous_3)
FN:56,(anonymous_4)
FN:72,(anonymous_5)
FN:96,(anonymous_6)
FN:160,(anonymous_7)
FN:184,(anonymous_8)
FN:200,(anonymous_9)
FN:204,(anonymous_10)
FN:210,(anonymous_11)
FN:283,(anonymous_12)
FN:287,(anonymous_13)
FN:292,(anonymous_14)
FN:319,(anonymous_15)
FN:345,(anonymous_16)
FN:395,(anonymous_17)
FN:397,(anonymous_18)
FN:400,(anonymous_19)
FN:409,(anonymous_20)
FN:424,(anonymous_21)
FN:425,(anonymous_22)
FN:449,(anonymous_23)
FN:570,(anonymous_24)
FN:580,(anonymous_25)
FN:590,(anonymous_26)
FN:593,(anonymous_27)
FN:609,(anonymous_28)
FN:629,(anonymous_29)
FN:644,(anonymous_30)
FN:663,(anonymous_31)
FN:674,(anonymous_32)
FN:685,(anonymous_33)
FN:686,(anonymous_34)
FNF:33
FNH:17
FNDA:21,(anonymous_2)
FNDA:1,(anonymous_3)
FNDA:5,(anonymous_4)
FNDA:4,(anonymous_5)
FNDA:2,(anonymous_6)
FNDA:2,(anonymous_7)
FNDA:1,(anonymous_8)
FNDA:2,(anonymous_9)
FNDA:2,(anonymous_10)
FNDA:2,(anonymous_11)
FNDA:0,(anonymous_12)
FNDA:0,(anonymous_13)
FNDA:0,(anonymous_14)
FNDA:0,(anonymous_15)
FNDA:0,(anonymous_16)
FNDA:0,(anonymous_17)
FNDA:0,(anonymous_18)
FNDA:0,(anonymous_19)
FNDA:0,(anonymous_20)
FNDA:0,(anonymous_21)
FNDA:0,(anonymous_22)
FNDA:0,(anonymous_23)
FNDA:1,(anonymous_24)
FNDA:0,(anonymous_25)
FNDA:0,(anonymous_26)
FNDA:0,(anonymous_27)
FNDA:3,(anonymous_28)
FNDA:4,(anonymous_29)
FNDA:0,(anonymous_30)
FNDA:3,(anonymous_31)
FNDA:1,(anonymous_32)
FNDA:2,(anonymous_33)
FNDA:1,(anonymous_34)
DA:1,2
DA:2,2
DA:36,2
DA:37,21
DA:40,1
DA:57,5
DA:68,5
DA:69,2
DA:86,4
DA:88,4
DA:89,2
DA:92,2
DA:93,2
DA:94,2
DA:96,2
DA:97,2
DA:114,2
DA:116,2
DA:117,1
DA:118,1
DA:132,1
DA:133,2
DA:148,2
DA:150,2
DA:161,2
DA:163,1
DA:172,1
DA:185,1
DA:197,1
DA:200,2
DA:204,2
DA:224,2
DA:226,2
DA:230,2
DA:231,1
DA:236,1
DA:237,1
DA:238,0
DA:239,1
DA:240,0
DA:243,1
DA:259,1
DA:279,1
DA:284,0
DA:285,0
DA:287,0
DA:298,0
DA:299,0
DA:300,0
DA:302,0
DA:306,0
DA:307,0
DA:308,0
DA:310,0
DA:324,0
DA:325,0
DA:326,0
DA:328,0
DA:332,0
DA:333,0
DA:334,0
DA:335,0
DA:337,0
DA:357,0
DA:359,0
DA:360,0
DA:365,0
DA:366,0
DA:372,0
DA:373,0
DA:374,0
DA:375,0
DA:376,0
DA:377,0
DA:378,0
DA:381,0
DA:395,0
DA:396,0
DA:398,0
DA:400,0
DA:402,0
DA:418,0
DA:419,0
DA:420,0
DA:423,0
DA:424,0
DA:425,0
DA:427,0
DA:428,0
DA:429,0
DA:430,0
DA:432,0
DA:433,0
DA:437,0
DA:438,0
DA:443,0
DA:444,0
DA:445,0
DA:446,0
DA:449,0
DA:450,0
DA:452,0
DA:457,0
DA:458,0
DA:459,0
DA:460,0
DA:468,0
DA:469,0
DA:473,0
DA:474,0
DA:478,0
DA:479,0
DA:480,0
DA:481,0
DA:491,0
DA:493,0
DA:497,0
DA:498,0
DA:499,0
DA:500,0
DA:508,0
DA:509,0
DA:513,0
DA:514,0
DA:518,0
DA:519,0
DA:520,0
DA:521,0
DA:530,0
DA:532,0
DA:536,0
DA:544,0
DA:549,0
DA:558,0
DA:565,0
DA:571,1
DA:576,1
DA:581,0
DA:590,0
DA:591,0
DA:592,0
DA:593,0
DA:594,0
DA:595,0
DA:597,0
DA:610,3
DA:624,3
DA:625,1
DA:630,4
DA:633,4
DA:634,3
DA:635,2
DA:637,1
DA:645,0
DA:652,0
DA:664,3
DA:665,3
DA:666,2
DA:667,2
DA:668,1
DA:670,2
DA:675,1
DA:684,1
DA:685,2
DA:686,1
LF:165
LH:61
BRDA:68,0,0,3
BRDA:68,0,1,2
BRDA:88,1,0,2
BRDA:88,1,1,2
BRDA:92,2,0,2
BRDA:92,2,1,1
BRDA:93,3,0,1
BRDA:93,3,1,1
BRDA:104,4,0,0
BRDA:104,4,1,2
BRDA:105,5,0,2
BRDA:105,5,1,0
BRDA:106,6,0,2
BRDA:106,6,1,0
BRDA:107,7,0,0
BRDA:107,7,1,2
BRDA:116,8,0,1
BRDA:116,8,1,1
BRDA:123,9,0,0
BRDA:123,9,1,1
BRDA:124,10,0,1
BRDA:124,10,1,0
BRDA:125,11,0,1
BRDA:125,11,1,0
BRDA:126,12,0,0
BRDA:126,12,1,1
BRDA:138,13,0,0
BRDA:138,13,1,2
BRDA:139,14,0,2
BRDA:139,14,1,0
BRDA:140,15,0,2
BRDA:140,15,1,0
BRDA:141,16,0,0
BRDA:141,16,1,2
BRDA:230,17,0,1
BRDA:230,17,1,1
BRDA:237,18,0,0
BRDA:237,18,1,1
BRDA:239,19,0,0
BRDA:239,19,1,1
BRDA:249,20,0,1
BRDA:249,20,1,0
BRDA:250,21,0,1
BRDA:250,21,1,0
BRDA:251,22,0,0
BRDA:251,22,1,1
BRDA:252,23,0,1
BRDA:252,23,1,1
BRDA:266,24,0,0
BRDA:266,24,1,1
BRDA:267,25,0,0
BRDA:267,25,1,1
BRDA:269,26,0,0
BRDA:269,26,1,1
BRDA:272,27,0,0
BRDA:272,27,1,1
BRDA:284,28,0,0
BRDA:284,28,1,0
BRDA:284,29,0,0
BRDA:284,29,1,0
BRDA:299,30,0,0
BRDA:299,30,1,0
BRDA:299,31,0,0
BRDA:299,31,1,0
BRDA:306,32,0,0
BRDA:306,32,1,0
BRDA:307,33,0,0
BRDA:307,33,1,0
BRDA:313,34,0,0
BRDA:313,34,1,0
BRDA:314,35,0,0
BRDA:314,35,1,0
BRDA:325,36,0,0
BRDA:325,36,1,0
BRDA:325,37,0,0
BRDA:325,37,1,0
BRDA:332,38,0,0
BRDA:332,38,1,0
BRDA:334,39,0,0
BRDA:334,39,1,0
BRDA:340,40,0,0
BRDA:340,40,1,0
BRDA:366,41,0,0
BRDA:366,41,1,0
BRDA:367,42,0,0
BRDA:367,42,1,0
BRDA:367,42,2,0
BRDA:367,42,3,0
BRDA:373,43,0,0
BRDA:373,43,1,0
BRDA:373,44,0,0
BRDA:373,44,1,0
BRDA:375,45,0,0
BRDA:375,45,1,0
BRDA:377,46,0,0
BRDA:377,46,1,0
BRDA:398,47,0,0
BRDA:398,47,1,0
BRDA:419,48,0,0
BRDA:419,48,1,0
BRDA:428,49,0,0
BRDA:428,49,1,0
BRDA:432,50,0,0
BRDA:432,50,1,0
BRDA:432,51,0,0
BRDA:432,51,1,0
BRDA:432,51,2,0
BRDA:437,52,0,0
BRDA:437,52,1,0
BRDA:437,53,0,0
BRDA:437,53,1,0
BRDA:437,53,2,0
BRDA:444,54,0,0
BRDA:444,54,1,0
BRDA:446,55,0,0
BRDA:446,55,1,0
BRDA:457,56,0,0
BRDA:457,56,1,0
BRDA:457,57,0,0
BRDA:457,57,1,0
BRDA:459,58,0,0
BRDA:459,58,1,0
BRDA:459,59,0,0
BRDA:459,59,1,0
BRDA:468,60,0,0
BRDA:468,60,1,0
BRDA:479,61,0,0
BRDA:479,61,1,0
BRDA:479,62,0,0
BRDA:479,62,1,0
BRDA:479,62,2,0
BRDA:497,63,0,0
BRDA:497,63,1,0
BRDA:497,64,0,0
BRDA:497,64,1,0
BRDA:499,65,0,0
BRDA:499,65,1,0
BRDA:499,66,0,0
BRDA:499,66,1,0
BRDA:508,67,0,0
BRDA:508,67,1,0
BRDA:519,68,0,0
BRDA:519,68,1,0
BRDA:519,69,0,0
BRDA:519,69,1,0
BRDA:541,70,0,0
BRDA:541,70,1,0
BRDA:594,71,0,0
BRDA:594,71,1,0
BRDA:594,72,0,0
BRDA:594,72,1,0
BRDA:595,73,0,0
BRDA:595,73,1,0
BRDA:603,74,0,0
BRDA:603,74,1,0
BRDA:624,75,0,2
BRDA:624,75,1,1
BRDA:633,76,0,1
BRDA:633,76,1,3
BRDA:634,77,0,2
BRDA:634,77,1,1
BRDA:665,78,0,1
BRDA:665,78,1,2
BRDA:667,79,0,1
BRDA:667,79,1,1
BRDA:37,80,0,2
BRDA:37,80,1,0
BRDA:37,81,0,2
BRDA:37,81,1,2
BRF:169
BRH:48
end_of_record
TN:
SF:src\auth\auth.controller.ts
FN:11,(anonymous_4)
FN:16,(anonymous_5)
FNF:2
FNH:2
FNDA:2,(anonymous_4)
FNDA:2,(anonymous_5)
DA:1,1
DA:2,1
DA:3,1
DA:4,1
DA:5,1
DA:10,1
DA:11,2
DA:16,1
DA:17,2
LF:9
LH:9
BRDA:16,0,0,1
BRDA:16,0,1,0
BRDA:16,1,0,1
BRDA:16,1,1,1
BRDA:16,2,0,1
BRDA:16,2,1,0
BRDA:16,3,0,1
BRDA:16,3,1,1
BRDA:11,4,0,1
BRDA:11,4,1,0
BRDA:11,5,0,1
BRDA:11,5,1,1
BRF:12
BRH:9
end_of_record
TN:
SF:src\auth\auth.service.ts
FN:13,(anonymous_11)
FN:18,(anonymous_12)
FN:40,(anonymous_13)
FNF:3
FNH:3
FNDA:6,(anonymous_11)
FNDA:5,(anonymous_12)
FNDA:2,(anonymous_13)
DA:1,2
DA:2,2
DA:3,2
DA:4,2
DA:12,2
DA:14,6
DA:15,6
DA:19,5
DA:20,5
DA:21,3
DA:23,2
DA:24,2
DA:25,1
DA:28,1
DA:30,1
DA:31,1
DA:32,1
DA:33,1
DA:41,2
LF:19
LH:19
BRDA:20,0,0,3
BRDA:20,0,1,2
BRDA:20,1,0,5
BRDA:20,1,1,3
BRDA:24,2,0,1
BRDA:24,2,1,1
BRDA:14,3,0,2
BRDA:14,3,1,0
BRDA:14,4,0,2
BRDA:14,4,1,2
BRDA:14,5,0,2
BRDA:14,5,1,0
BRDA:14,6,0,2
BRDA:14,6,1,2
BRF:14
BRH:12
end_of_record
TN:
SF:src\auth\decorators\current-user.decorator.ts
FN:4,(anonymous_0)
FNF:1
FNH:0
FNDA:0,(anonymous_0)
DA:1,2
DA:3,2
DA:5,0
DA:6,0
DA:7,0
DA:8,0
DA:10,0
LF:7
LH:2
BRDA:7,0,0,0
BRDA:7,0,1,0
BRDA:7,1,0,0
BRDA:7,1,1,0
BRF:4
BRH:0
end_of_record
TN:
SF:src\auth\decorators\public.decorator.ts
FN:5,(anonymous_0)
FNF:1
FNH:1
FNDA:2,(anonymous_0)
DA:1,2
DA:3,2
DA:5,2
LF:3
LH:3
BRF:0
BRH:0
end_of_record
TN:
SF:src\auth\decorators\require-permissions.decorator.ts
FN:5,(anonymous_0)
FNF:1
FNH:1
FNDA:53,(anonymous_0)
DA:1,8
DA:3,8
DA:5,8
DA:6,53
LF:4
LH:4
BRF:0
BRH:0
end_of_record
TN:
SF:src\auth\dto\login.dto.ts
FNF:0
FNH:0
DA:1,1
DA:2,1
DA:4,1
DA:7,1
DA:12,1
LF:5
LH:5
BRF:0
BRH:0
end_of_record
TN:
SF:src\auth\guards\permissions.guard.ts
FN:13,(anonymous_2)
FN:18,(anonymous_3)
FN:33,(anonymous_4)
FNF:3
FNH:0
FNDA:0,(anonymous_2)
FNDA:0,(anonymous_3)
FNDA:0,(anonymous_4)
DA:1,8
DA:7,8
DA:8,8
DA:9,8
DA:12,8
DA:14,0
DA:15,0
DA:19,0
DA:23,0
DA:25,0
DA:26,0
DA:27,0
DA:29,0
DA:30,0
DA:32,0
DA:33,0
DA:34,0
DA:35,0
DA:37,0
LF:19
LH:5
BRDA:23,0,0,0
BRDA:23,0,1,0
BRDA:23,1,0,0
BRDA:23,1,1,0
BRDA:27,2,0,0
BRDA:27,2,1,0
BRDA:30,3,0,0
BRDA:30,3,1,0
BRDA:34,4,0,0
BRDA:34,4,1,0
BRDA:14,5,0,8
BRDA:14,5,1,0
BRDA:14,6,0,8
BRDA:14,6,1,8
BRDA:14,7,0,8
BRDA:14,7,1,0
BRDA:14,8,0,8
BRDA:14,8,1,8
BRF:18
BRH:6
end_of_record
TN:
SF:src\clientes\clientes.controller.ts
FN:14,(anonymous_4)
FN:19,(anonymous_5)
FN:28,(anonymous_6)
FN:35,(anonymous_7)
FN:42,(anonymous_8)
FNF:5
FNH:5
FNDA:6,(anonymous_4)
FNDA:3,(anonymous_5)
FNDA:1,(anonymous_6)
FNDA:1,(anonymous_7)
FNDA:1,(anonymous_8)
DA:1,1
DA:2,1
DA:3,1
DA:4,1
DA:5,1
DA:6,1
DA:7,1
DA:13,1
DA:14,6
DA:19,1
DA:20,3
DA:28,1
DA:29,1
DA:35,1
DA:36,1
DA:42,1
DA:43,1
LF:17
LH:17
BRDA:21,0,0,3
BRDA:21,0,1,2
BRDA:35,1,0,1
BRDA:35,1,1,0
BRDA:35,2,0,1
BRDA:35,2,1,1
BRDA:42,3,0,1
BRDA:42,3,1,0
BRDA:42,4,0,1
BRDA:42,4,1,1
BRDA:14,5,0,1
BRDA:14,5,1,0
BRDA:14,6,0,1
BRDA:14,6,1,1
BRF:14
BRH:11
end_of_record
TN:
SF:src\clientes\clientes.service.ts
FN:8,(anonymous_2)
FN:10,(anonymous_3)
FN:21,(anonymous_4)
FN:30,(anonymous_5)
FN:38,(anonymous_6)
FN:50,(anonymous_7)
FN:56,(anonymous_8)
FN:56,(anonymous_9)
FN:58,(anonymous_10)
FNF:9
FNH:8
FNDA:9,(anonymous_2)
FNDA:2,(anonymous_3)
FNDA:6,(anonymous_4)
FNDA:2,(anonymous_5)
FNDA:1,(anonymous_6)
FNDA:3,(anonymous_7)
FNDA:1,(anonymous_8)
FNDA:0,(anonymous_9)
FNDA:1,(anonymous_10)
DA:1,2
DA:2,2
DA:7,2
DA:8,9
DA:11,2
DA:22,6
DA:26,6
DA:27,3
DA:31,2
DA:33,2
DA:38,1
DA:51,3
DA:53,2
DA:55,2
DA:56,1
DA:58,1
DA:59,1
DA:66,1
DA:67,1
DA:68,0
DA:77,1
DA:90,2
LF:22
LH:21
BRDA:16,0,0,1
BRDA:16,0,1,1
BRDA:26,1,0,3
BRDA:26,1,1,3
BRDA:36,2,0,1
BRDA:36,2,1,1
BRDA:55,3,0,1
BRDA:55,3,1,1
BRDA:67,4,0,0
BRDA:67,4,1,1
BRDA:8,5,0,2
BRDA:8,5,1,0
BRDA:8,6,0,2
BRDA:8,6,1,2
BRF:14
BRH:12
end_of_record
TN:
SF:src\clientes\dto\create-cliente.dto.ts
FN:14,(anonymous_2)
FN:19,(anonymous_3)
FN:112,(anonymous_4)
FNF:3
FNH:2
FNDA:1,(anonymous_2)
FNDA:1,(anonymous_3)
FNDA:0,(anonymous_4)
DA:1,1
DA:2,1
DA:3,1
DA:14,1
DA:15,1
DA:16,1
DA:19,1
DA:20,1
DA:21,1
DA:22,1
DA:25,1
DA:29,1
DA:34,1
DA:39,1
DA:42,1
DA:46,1
DA:51,1
DA:56,1
DA:61,1
DA:66,1
DA:71,1
DA:76,1
DA:81,1
DA:86,1
DA:91,1
DA:96,1
DA:101,1
DA:106,1
DA:112,0
DA:113,1
LF:30
LH:29
BRDA:14,0,0,1
BRDA:14,0,1,1
BRDA:19,1,0,1
BRDA:19,1,1,1
BRF:4
BRH:4
end_of_record
TN:
SF:src\clientes\dto\update-cliente.dto.ts
FN:109,(anonymous_2)
FNF:1
FNH:0
FNDA:0,(anonymous_2)
DA:1,1
DA:2,1
DA:3,1
DA:14,1
DA:16,1
DA:20,1
DA:25,1
DA:30,1
DA:35,1
DA:38,1
DA:43,1
DA:48,1
DA:53,1
DA:58,1
DA:63,1
DA:68,1
DA:73,1
DA:78,1
DA:83,1
DA:88,1
DA:93,1
DA:98,1
DA:103,1
DA:109,0
DA:110,1
LF:25
LH:24
BRDA:58,0,0,0
BRDA:58,0,1,1
BRDA:58,1,0,1
BRDA:58,1,1,1
BRDA:68,2,0,0
BRDA:68,2,1,1
BRDA:68,3,0,1
BRDA:68,3,1,1
BRF:8
BRH:6
end_of_record
TN:
SF:src\equipamentos\equipamentos.controller.ts
FN:15,(anonymous_4)
FN:21,(anonymous_5)
FN:27,(anonymous_6)
FN:33,(anonymous_7)
FN:39,(anonymous_8)
FN:45,(anonymous_9)
FN:54,(anonymous_10)
FN:60,(anonymous_11)
FN:66,(anonymous_12)
FN:72,(anonymous_13)
FN:78,(anonymous_14)
FN:86,(anonymous_15)
FN:92,(anonymous_16)
FN:98,(anonymous_17)
FN:104,(anonymous_18)
FN:110,(anonymous_19)
FNF:16
FNH:15
FNDA:15,(anonymous_4)
FNDA:1,(anonymous_5)
FNDA:1,(anonymous_6)
FNDA:1,(anonymous_7)
FNDA:1,(anonymous_8)
FNDA:1,(anonymous_9)
FNDA:2,(anonymous_10)
FNDA:1,(anonymous_11)
FNDA:1,(anonymous_12)
FNDA:0,(anonymous_13)
FNDA:1,(anonymous_14)
FNDA:1,(anonymous_15)
FNDA:1,(anonymous_16)
FNDA:1,(anonymous_17)
FNDA:1,(anonymous_18)
FNDA:1,(anonymous_19)
DA:1,1
DA:2,1
DA:3,1
DA:4,1
DA:5,1
DA:6,1
DA:7,1
DA:8,1
DA:9,1
DA:14,1
DA:15,15
DA:21,1
DA:22,1
DA:27,1
DA:28,1
DA:33,1
DA:34,1
DA:39,1
DA:40,1
DA:45,1
DA:46,1
DA:54,1
DA:55,2
DA:60,1
DA:61,1
DA:66,1
DA:67,1
DA:72,1
DA:73,0
DA:78,1
DA:79,1
DA:86,1
DA:87,1
DA:92,1
DA:93,1
DA:98,1
DA:99,1
DA:104,1
DA:105,1
DA:110,1
DA:111,1
LF:41
LH:40
BRDA:55,0,0,1
BRDA:55,0,1,1
BRDA:33,1,0,1
BRDA:33,1,1,0
BRDA:33,2,0,1
BRDA:33,2,1,1
BRDA:39,3,0,1
BRDA:39,3,1,0
BRDA:39,4,0,1
BRDA:39,4,1,1
BRDA:66,5,0,1
BRDA:66,5,1,0
BRDA:66,6,0,1
BRDA:66,6,1,1
BRDA:72,7,0,1
BRDA:72,7,1,0
BRDA:72,8,0,1
BRDA:72,8,1,1
BRDA:98,9,0,1
BRDA:98,9,1,0
BRDA:98,10,0,1
BRDA:98,10,1,1
BRDA:104,11,0,1
BRDA:104,11,1,0
BRDA:104,12,0,1
BRDA:104,12,1,1
BRDA:15,13,0,1
BRDA:15,13,1,0
BRDA:15,14,0,1
BRDA:15,14,1,1
BRF:30
BRH:23
end_of_record
TN:
SF:src\equipamentos\equipamentos.service.ts
FN:12,(anonymous_2)
FN:16,(anonymous_3)
FN:25,(anonymous_4)
FN:34,(anonymous_5)
FN:45,(anonymous_6)
FN:61,(anonymous_7)
FN:68,(anonymous_8)
FN:76,(anonymous_9)
FN:85,(anonymous_10)
FN:102,(anonymous_11)
FN:119,(anonymous_12)
FN:126,(anonymous_13)
FN:132,(anonymous_14)
FN:140,(anonymous_15)
FN:151,(anonymous_16)
FN:167,(anonymous_17)
FNF:16
FNH:15
FNDA:26,(anonymous_2)
FNDA:1,(anonymous_3)
FNDA:8,(anonymous_4)
FNDA:3,(anonymous_5)
FNDA:3,(anonymous_6)
FNDA:2,(anonymous_7)
FNDA:2,(anonymous_8)
FNDA:4,(anonymous_9)
FNDA:3,(anonymous_10)
FNDA:0,(anonymous_11)
FNDA:2,(anonymous_12)
FNDA:1,(anonymous_13)
FNDA:6,(anonymous_14)
FNDA:2,(anonymous_15)
FNDA:2,(anonymous_16)
FNDA:2,(anonymous_17)
DA:1,2
DA:2,2
DA:11,2
DA:12,26
DA:17,1
DA:26,8
DA:30,8
DA:31,4
DA:35,3
DA:38,3
DA:40,1
DA:46,3
DA:48,2
DA:49,2
DA:52,2
DA:55,1
DA:62,2
DA:63,1
DA:69,2
DA:77,4
DA:81,4
DA:82,1
DA:86,3
DA:89,3
DA:91,2
DA:94,2
DA:96,1
DA:103,0
DA:105,0
DA:106,0
DA:109,0
DA:112,0
DA:120,2
DA:121,1
DA:127,1
DA:133,6
DA:136,6
DA:137,2
DA:141,2
DA:144,2
DA:146,1
DA:152,2
DA:154,1
DA:155,1
DA:158,1
DA:161,0
DA:168,2
DA:169,1
LF:48
LH:42
BRDA:30,0,0,4
BRDA:30,0,1,4
BRDA:38,1,0,2
BRDA:38,1,1,1
BRDA:48,2,0,2
BRDA:48,2,1,0
BRDA:52,3,0,1
BRDA:52,3,1,1
BRDA:70,4,0,1
BRDA:70,4,1,1
BRDA:81,5,0,3
BRDA:81,5,1,1
BRDA:89,6,0,1
BRDA:89,6,1,2
BRDA:94,7,0,1
BRDA:94,7,1,1
BRDA:105,8,0,0
BRDA:105,8,1,0
BRDA:109,9,0,0
BRDA:109,9,1,0
BRDA:136,10,0,4
BRDA:136,10,1,2
BRDA:144,11,0,1
BRDA:144,11,1,1
BRDA:154,12,0,1
BRDA:154,12,1,0
BRDA:158,13,0,1
BRDA:158,13,1,0
BRDA:12,14,0,2
BRDA:12,14,1,0
BRDA:12,15,0,2
BRDA:12,15,1,2
BRF:32
BRH:24
end_of_record
TN:
SF:src\equipamentos\dto\create-marca.dto.ts
FNF:0
FNH:0
DA:1,1
DA:2,1
DA:4,1
DA:9,1
LF:4
LH:4
BRF:0
BRH:0
end_of_record
TN:
SF:src\equipamentos\dto\create-modelo.dto.ts
FNF:0
FNH:0
DA:1,1
DA:2,1
DA:4,1
DA:9,1
DA:13,1
LF:5
LH:5
BRF:0
BRH:0
end_of_record
TN:
SF:src\equipamentos\dto\create-operadora.dto.ts
FNF:0
FNH:0
DA:1,1
DA:2,1
DA:4,1
DA:9,1
LF:4
LH:4
BRF:0
BRH:0
end_of_record
TN:
SF:src\equipamentos\dto\update-marca.dto.ts
FNF:0
FNH:0
DA:1,1
DA:2,1
DA:4,1
DA:9,1
DA:14,1
LF:5
LH:5
BRF:0
BRH:0
end_of_record
TN:
SF:src\equipamentos\dto\update-modelo.dto.ts
FNF:0
FNH:0
DA:1,1
DA:2,1
DA:4,1
DA:9,1
DA:14,1
LF:5
LH:5
BRF:0
BRH:0
end_of_record
TN:
SF:src\equipamentos\dto\update-operadora.dto.ts
FNF:0
FNH:0
DA:1,1
DA:2,1
DA:4,1
DA:9,1
DA:14,1
LF:5
LH:5
BRF:0
BRH:0
end_of_record
TN:
SF:src\ordens-servico\ordens-servico.controller.ts
FN:16,(anonymous_4)
FN:21,(anonymous_5)
FN:28,(anonymous_6)
FN:45,(anonymous_7)
FN:52,(anonymous_8)
FN:59,(anonymous_9)
FNF:6
FNH:6
FNDA:6,(anonymous_4)
FNDA:1,(anonymous_5)
FNDA:2,(anonymous_6)
FNDA:1,(anonymous_7)
FNDA:1,(anonymous_8)
FNDA:1,(anonymous_9)
DA:1,1
DA:2,1
DA:3,1
DA:4,1
DA:5,1
DA:6,1
DA:7,1
DA:8,1
DA:9,1
DA:15,1
DA:16,6
DA:21,1
DA:22,1
DA:28,1
DA:34,2
DA:45,1
DA:46,1
DA:52,1
DA:53,1
DA:59,1
DA:60,1
LF:21
LH:21
BRDA:35,0,0,1
BRDA:35,0,1,1
BRDA:36,1,0,1
BRDA:36,1,1,1
BRDA:31,2,0,0
BRDA:31,2,1,1
BRDA:31,3,0,1
BRDA:31,3,1,1
BRDA:52,4,0,1
BRDA:52,4,1,0
BRDA:52,5,0,1
BRDA:52,5,1,1
BRDA:59,6,0,1
BRDA:59,6,1,0
BRDA:59,7,0,1
BRDA:59,7,1,1
BRDA:16,8,0,1
BRDA:16,8,1,0
BRDA:16,9,0,1
BRDA:16,9,1,1
BRF:20
BRH:16
end_of_record
TN:
SF:src\ordens-servico\ordens-servico.service.ts
FN:9,(anonymous_2)
FN:11,(anonymous_3)
FN:28,(anonymous_4)
FN:72,(anonymous_5)
FN:87,(anonymous_6)
FN:96,(anonymous_7)
FN:148,(anonymous_8)
FNF:7
FNH:7
FNDA:18,(anonymous_2)
FNDA:1,(anonymous_3)
FNDA:6,(anonymous_4)
FNDA:8,(anonymous_5)
FNDA:6,(anonymous_6)
FNDA:1,(anonymous_7)
FNDA:3,(anonymous_8)
DA:1,2
DA:2,2
DA:3,2
DA:8,2
DA:9,18
DA:12,1
DA:19,1
DA:29,6
DA:30,6
DA:31,6
DA:33,6
DA:34,6
DA:35,6
DA:36,2
DA:37,2
DA:38,2
DA:47,6
DA:63,6
DA:73,8
DA:83,8
DA:84,5
DA:88,6
DA:95,6
DA:96,1
DA:97,1
DA:110,1
DA:111,1
DA:112,1
DA:129,5
DA:130,5
DA:132,5
DA:149,3
DA:150,2
DA:151,2
DA:153,1
DA:168,1
LF:36
LH:36
BRDA:29,0,0,6
BRDA:29,0,1,5
BRDA:30,1,0,6
BRDA:30,1,1,5
BRDA:34,2,0,1
BRDA:34,2,1,5
BRDA:35,3,0,2
BRDA:35,3,1,4
BRDA:39,4,0,1
BRDA:39,4,1,1
BRDA:83,5,0,3
BRDA:83,5,1,5
BRDA:95,6,0,1
BRDA:95,6,1,5
BRDA:104,7,0,1
BRDA:104,7,1,1
BRDA:105,8,0,1
BRDA:105,8,1,1
BRDA:106,9,0,1
BRDA:106,9,1,0
BRDA:107,10,0,1
BRDA:107,10,1,0
BRDA:111,11,0,1
BRDA:111,11,1,0
BRDA:116,12,0,1
BRDA:116,12,1,1
BRDA:130,13,0,5
BRDA:130,13,1,1
BRDA:136,14,0,5
BRDA:136,14,1,5
BRDA:151,15,0,1
BRDA:151,15,1,1
BRDA:9,16,0,2
BRDA:9,16,1,0
BRDA:9,17,0,2
BRDA:9,17,1,2
BRF:36
BRH:32
end_of_record
TN:
SF:src\ordens-servico\dto\create-ordem-servico.dto.ts
FN:90,(anonymous_2)
FNF:1
FNH:0
FNDA:0,(anonymous_2)
DA:1,1
DA:2,1
DA:3,1
DA:4,1
DA:15,1
DA:20,1
DA:25,1
DA:31,1
DA:37,1
DA:43,1
DA:49,1
DA:55,1
DA:61,1
DA:64,1
DA:67,1
DA:72,1
DA:77,1
DA:83,1
DA:90,0
DA:91,1
DA:97,1
DA:103,1
DA:108,1
LF:23
LH:22
BRDA:67,0,0,0
BRDA:67,0,1,1
BRDA:67,1,0,1
BRDA:67,1,1,1
BRDA:72,2,0,0
BRDA:72,2,1,1
BRDA:72,3,0,1
BRDA:72,3,1,1
BRF:8
BRH:6
end_of_record
TN:
SF:src\ordens-servico\dto\update-status.dto.ts
FNF:0
FNH:0
DA:1,1
DA:2,1
DA:3,1
DA:5,1
DA:8,1
DA:13,1
LF:6
LH:6
BRDA:8,0,0,0
BRDA:8,0,1,1
BRDA:8,1,0,1
BRDA:8,1,1,1
BRF:4
BRH:3
end_of_record
TN:
SF:src\pedidos-rastreadores\pedidos-rastreadores.controller.ts
FN:16,(anonymous_4)
FN:21,(anonymous_5)
FN:38,(anonymous_6)
FN:45,(anonymous_7)
FN:55,(anonymous_8)
FN:62,(anonymous_9)
FNF:6
FNH:5
FNDA:6,(anonymous_4)
FNDA:2,(anonymous_5)
FNDA:2,(anonymous_6)
FNDA:1,(anonymous_7)
FNDA:1,(anonymous_8)
FNDA:0,(anonymous_9)
DA:1,1
DA:2,1
DA:3,1
DA:4,1
DA:5,1
DA:6,1
DA:7,1
DA:8,1
DA:9,1
DA:15,1
DA:16,6
DA:21,1
DA:27,2
DA:38,1
DA:39,2
DA:45,1
DA:49,1
DA:55,1
DA:56,1
DA:62,1
DA:63,0
LF:21
LH:20
BRDA:28,0,0,1
BRDA:28,0,1,1
BRDA:29,1,0,1
BRDA:29,1,1,1
BRDA:24,2,0,0
BRDA:24,2,1,1
BRDA:24,3,0,1
BRDA:24,3,1,1
BRDA:46,4,0,1
BRDA:46,4,1,0
BRDA:46,5,0,1
BRDA:46,5,1,1
BRDA:55,6,0,1
BRDA:55,6,1,0
BRDA:55,7,0,1
BRDA:55,7,1,1
BRDA:16,8,0,1
BRDA:16,8,1,0
BRDA:16,9,0,1
BRDA:16,9,1,1
BRF:20
BRH:16
end_of_record
TN:
SF:src\pedidos-rastreadores\pedidos-rastreadores.service.ts
FN:26,(anonymous_2)
FN:28,(anonymous_3)
FN:78,(anonymous_4)
FN:92,(anonymous_5)
FN:133,(anonymous_6)
FN:162,(anonymous_7)
FN:168,(anonymous_8)
FN:190,(anonymous_9)
FN:202,(anonymous_10)
FN:207,(anonymous_11)
FN:248,(anonymous_12)
FN:314,(anonymous_13)
FNF:12
FNH:9
FNDA:12,(anonymous_2)
FNDA:3,(anonymous_3)
FNDA:11,(anonymous_4)
FNDA:3,(anonymous_5)
FNDA:4,(anonymous_6)
FNDA:0,(anonymous_7)
FNDA:3,(anonymous_8)
FNDA:4,(anonymous_9)
FNDA:3,(anonymous_10)
FNDA:4,(anonymous_11)
FNDA:0,(anonymous_12)
FNDA:0,(anonymous_13)
DA:1,2
DA:2,2
DA:5,2
DA:13,2
DA:25,2
DA:26,12
DA:34,3
DA:35,3
DA:36,3
DA:38,3
DA:39,3
DA:40,3
DA:41,1
DA:42,1
DA:59,3
DA:70,3
DA:79,11
DA:86,11
DA:87,2
DA:89,9
DA:93,3
DA:97,3
DA:100,3
DA:102,3
DA:103,3
DA:104,3
DA:106,3
DA:107,3
DA:108,3
DA:109,3
DA:110,3
DA:112,3
DA:134,4
DA:135,4
DA:136,4
DA:138,4
DA:141,4
DA:142,1
DA:143,3
DA:144,2
DA:150,4
DA:161,4
DA:162,0
DA:165,4
DA:166,3
DA:167,3
DA:168,3
DA:174,4
DA:179,3
DA:180,1
DA:181,1
DA:184,4
DA:190,4
DA:191,4
DA:193,2
DA:194,0
DA:195,0
DA:197,0
DA:200,2
DA:202,3
DA:205,4
DA:207,4
DA:208,4
DA:216,4
DA:222,4
DA:228,2
DA:235,4
DA:239,0
DA:247,0
DA:248,0
DA:250,0
DA:251,0
DA:252,0
DA:257,4
DA:258,2
DA:269,2
DA:272,2
DA:273,0
DA:276,0
DA:280,0
DA:281,0
DA:285,0
DA:286,0
DA:287,0
DA:289,2
DA:290,2
DA:291,2
DA:294,2
DA:295,3
DA:303,3
DA:311,4
DA:315,0
DA:316,0
LF:93
LH:74
BRDA:34,0,0,3
BRDA:34,0,1,0
BRDA:35,1,0,3
BRDA:35,1,1,0
BRDA:39,2,0,1
BRDA:39,2,1,2
BRDA:40,3,0,1
BRDA:40,3,1,2
BRDA:86,4,0,2
BRDA:86,4,1,9
BRDA:97,5,0,1
BRDA:97,5,1,2
BRDA:102,6,0,1
BRDA:102,6,1,2
BRDA:103,7,0,2
BRDA:103,7,1,1
BRDA:103,8,0,2
BRDA:103,8,1,1
BRDA:104,9,0,2
BRDA:104,9,1,1
BRDA:104,10,0,2
BRDA:104,10,1,1
BRDA:106,11,0,0
BRDA:106,11,1,3
BRDA:107,12,0,3
BRDA:107,12,1,3
BRDA:108,13,0,3
BRDA:108,13,1,3
BRDA:109,14,0,3
BRDA:109,14,1,3
BRDA:110,15,0,3
BRDA:110,15,1,3
BRDA:121,16,0,3
BRDA:121,16,1,2
BRDA:136,17,0,0
BRDA:136,17,1,4
BRDA:141,18,0,1
BRDA:141,18,1,3
BRDA:143,19,0,2
BRDA:143,19,1,1
BRDA:150,20,0,0
BRDA:150,20,1,4
BRDA:152,21,0,1
BRDA:152,21,1,3
BRDA:154,22,0,2
BRDA:154,22,1,1
BRDA:154,23,0,3
BRDA:154,23,1,2
BRDA:154,23,2,2
BRDA:161,24,0,0
BRDA:161,24,1,4
BRDA:161,25,0,4
BRDA:161,25,1,0
BRDA:165,26,0,3
BRDA:165,26,1,1
BRDA:165,27,0,4
BRDA:165,27,1,4
BRDA:167,28,0,2
BRDA:167,28,1,1
BRDA:167,29,0,3
BRDA:167,29,1,2
BRDA:174,30,0,3
BRDA:174,30,1,1
BRDA:175,31,0,4
BRDA:175,31,1,2
BRDA:175,31,2,2
BRDA:179,32,0,2
BRDA:179,32,1,1
BRDA:180,33,0,1
BRDA:180,33,1,0
BRDA:180,34,0,1
BRDA:180,34,1,1
BRDA:191,35,0,2
BRDA:191,35,1,2
BRDA:193,36,0,0
BRDA:193,36,1,2
BRDA:202,37,0,2
BRDA:202,37,1,0
BRDA:222,38,0,2
BRDA:222,38,1,2
BRDA:223,39,0,4
BRDA:223,39,1,2
BRDA:223,39,2,2
BRDA:223,39,3,3
BRDA:235,40,0,0
BRDA:235,40,1,4
BRDA:236,41,0,4
BRDA:236,41,1,4
BRDA:236,41,2,1
BRDA:251,42,0,0
BRDA:251,42,1,0
BRDA:257,43,0,2
BRDA:257,43,1,2
BRDA:257,44,0,4
BRDA:257,44,1,3
BRDA:272,45,0,0
BRDA:272,45,1,2
BRDA:273,46,0,0
BRDA:273,46,1,0
BRDA:276,47,0,0
BRDA:276,47,1,0
BRDA:277,48,0,0
BRDA:277,48,1,0
BRDA:277,49,0,0
BRDA:277,49,1,0
BRDA:280,50,0,0
BRDA:280,50,1,0
BRDA:285,51,0,0
BRDA:285,51,1,0
BRDA:285,51,2,0
BRDA:286,52,0,0
BRDA:286,52,1,0
BRDA:289,53,0,2
BRDA:289,53,1,0
BRDA:289,54,0,2
BRDA:289,54,1,0
BRDA:26,55,0,2
BRDA:26,55,1,0
BRDA:26,56,0,2
BRDA:26,56,1,2
BRF:120
BRH:88
end_of_record
TN:
SF:src\pedidos-rastreadores\dto\create-pedido-rastreador.dto.ts
FN:19,(anonymous_2)
FN:24,(anonymous_3)
FN:35,(anonymous_4)
FN:41,(anonymous_5)
FN:48,(anonymous_6)
FNF:5
FNH:0
FNDA:0,(anonymous_2)
FNDA:0,(anonymous_3)
FNDA:0,(anonymous_4)
FNDA:0,(anonymous_5)
FNDA:0,(anonymous_6)
DA:1,1
DA:2,1
DA:15,1
DA:18,1
DA:20,0
DA:21,0
DA:22,0
DA:25,0
DA:29,1
DA:32,1
DA:35,0
DA:38,1
DA:41,0
DA:45,1
DA:48,0
DA:52,1
DA:55,1
DA:60,1
DA:66,1
DA:72,1
DA:78,1
DA:84,1
DA:89,1
DA:94,1
DA:99,1
LF:25
LH:18
BRDA:21,0,0,0
BRDA:21,0,1,0
BRDA:22,1,0,0
BRDA:22,1,1,0
BRDA:32,2,0,0
BRDA:32,2,1,1
BRDA:32,3,0,1
BRDA:32,3,1,1
BRDA:94,4,0,0
BRDA:94,4,1,1
BRDA:94,5,0,1
BRDA:94,5,1,1
BRF:12
BRH:6
end_of_record
TN:
SF:src\pedidos-rastreadores\dto\update-status-pedido.dto.ts
FN:19,(anonymous_2)
FN:26,(anonymous_3)
FNF:2
FNH:0
FNDA:0,(anonymous_2)
FNDA:0,(anonymous_3)
DA:1,1
DA:2,1
DA:3,1
DA:4,1
DA:6,1
DA:9,1
DA:14,1
DA:19,0
DA:21,1
DA:26,0
DA:27,1
LF:11
LH:9
BRDA:9,0,0,0
BRDA:9,0,1,1
BRDA:9,1,0,1
BRDA:9,1,1,1
BRF:4
BRH:3
end_of_record
TN:
SF:src\prisma\prisma.service.ts
FN:6,parseDatabaseUrl
FN:32,(anonymous_3)
FN:42,(anonymous_4)
FN:46,(anonymous_5)
FNF:4
FNH:0
FNDA:0,parseDatabaseUrl
FNDA:0,(anonymous_3)
FNDA:0,(anonymous_4)
FNDA:0,(anonymous_5)
DA:1,20
DA:2,20
DA:3,20
DA:4,20
DA:13,0
DA:16,0
DA:17,0
DA:18,0
DA:28,20
DA:33,0
DA:34,0
DA:35,0
DA:39,0
DA:43,0
DA:47,0
LF:15
LH:5
BRDA:13,0,0,0
BRDA:13,0,1,0
BRDA:17,1,0,0
BRDA:17,1,1,0
BRDA:19,2,0,0
BRDA:19,2,1,0
BRDA:20,3,0,0
BRDA:20,3,1,0
BRDA:21,4,0,0
BRDA:21,4,1,0
BRDA:22,5,0,0
BRDA:22,5,1,0
BRDA:23,6,0,0
BRDA:23,6,1,0
BRDA:32,7,0,20
BRDA:32,7,1,0
BRDA:32,8,0,20
BRDA:32,8,1,20
BRF:18
BRH:3
end_of_record
TN:
SF:src\roles\roles.controller.ts
FN:13,(anonymous_4)
FN:18,(anonymous_5)
FN:29,(anonymous_6)
FN:46,(anonymous_7)
FN:53,(anonymous_8)
FN:60,(anonymous_9)
FN:67,(anonymous_10)
FN:84,(anonymous_11)
FN:100,(anonymous_12)
FN:107,(anonymous_13)
FN:114,(anonymous_14)
FNF:11
FNH:9
FNDA:9,(anonymous_4)
FNDA:1,(anonymous_5)
FNDA:2,(anonymous_6)
FNDA:0,(anonymous_7)
FNDA:0,(anonymous_8)
FNDA:1,(anonymous_9)
FNDA:1,(anonymous_10)
FNDA:1,(anonymous_11)
FNDA:1,(anonymous_12)
FNDA:1,(anonymous_13)
FNDA:1,(anonymous_14)
DA:1,1
DA:2,1
DA:3,1
DA:4,1
DA:5,1
DA:6,1
DA:12,1
DA:13,9
DA:18,1
DA:19,1
DA:29,1
DA:35,2
DA:46,1
DA:47,0
DA:53,1
DA:54,0
DA:60,1
DA:61,1
DA:67,1
DA:78,1
DA:84,1
DA:94,1
DA:100,1
DA:101,1
DA:107,1
DA:108,1
DA:114,1
DA:115,1
LF:28
LH:26
BRDA:38,0,0,1
BRDA:38,0,1,1
BRDA:39,1,0,1
BRDA:39,1,1,1
BRDA:31,2,0,0
BRDA:31,2,1,1
BRDA:31,3,0,1
BRDA:31,3,1,1
BRDA:13,4,0,1
BRDA:13,4,1,0
BRDA:13,5,0,1
BRDA:13,5,1,1
BRF:12
BRH:10
end_of_record
TN:
SF:src\roles\roles.service.ts
FN:30,(anonymous_2)
FN:32,(anonymous_3)
FN:42,(anonymous_4)
FN:74,(anonymous_5)
FN:84,(anonymous_6)
FN:104,(anonymous_7)
FN:121,(anonymous_8)
FN:135,(anonymous_9)
FN:141,(anonymous_10)
FN:147,(anonymous_11)
FN:148,(anonymous_12)
FN:152,(anonymous_13)
FN:162,(anonymous_14)
FN:168,(anonymous_15)
FN:171,(anonymous_16)
FN:174,(anonymous_17)
FN:178,(anonymous_18)
FNF:17
FNH:15
FNDA:14,(anonymous_2)
FNDA:1,(anonymous_3)
FNDA:2,(anonymous_4)
FNDA:1,(anonymous_5)
FNDA:3,(anonymous_6)
FNDA:1,(anonymous_7)
FNDA:2,(anonymous_8)
FNDA:0,(anonymous_9)
FNDA:0,(anonymous_10)
FNDA:2,(anonymous_11)
FNDA:2,(anonymous_12)
FNDA:3,(anonymous_13)
FNDA:3,(anonymous_14)
FNDA:2,(anonymous_15)
FNDA:2,(anonymous_16)
FNDA:1,(anonymous_17)
FNDA:2,(anonymous_18)
DA:1,2
DA:3,2
DA:29,2
DA:30,14
DA:33,1
DA:43,2
DA:44,2
DA:46,2
DA:48,2
DA:49,1
DA:52,2
DA:53,0
DA:56,2
DA:73,2
DA:74,1
DA:85,3
DA:96,3
DA:98,1
DA:105,1
DA:122,2
DA:123,2
DA:125,1
DA:136,0
DA:142,0
DA:148,2
DA:149,2
DA:150,2
DA:151,1
DA:152,3
DA:156,2
DA:163,3
DA:167,3
DA:168,2
DA:172,2
DA:173,2
DA:174,1
DA:175,1
DA:176,1
DA:177,1
DA:178,2
DA:182,1
LF:41
LH:38
BRDA:43,0,0,0
BRDA:43,1,0,0
BRDA:48,2,0,1
BRDA:48,2,1,1
BRDA:52,3,0,0
BRDA:52,3,1,2
BRDA:96,4,0,2
BRDA:96,4,1,1
BRDA:111,5,0,1
BRDA:111,5,1,1
BRDA:112,6,0,1
BRDA:112,6,1,1
BRDA:123,7,0,1
BRDA:123,7,1,1
BRDA:150,8,0,1
BRDA:150,8,1,1
BRDA:167,9,0,2
BRDA:167,9,1,1
BRDA:173,10,0,1
BRDA:173,10,1,1
BRDA:176,11,0,1
BRDA:176,11,1,0
BRDA:30,12,0,2
BRDA:30,12,1,0
BRDA:30,13,0,2
BRDA:30,13,1,2
BRF:26
BRH:21
end_of_record
TN:
SF:src\tecnicos\tecnicos.controller.ts
FN:14,(anonymous_4)
FN:19,(anonymous_5)
FN:26,(anonymous_6)
FN:33,(anonymous_7)
FN:40,(anonymous_8)
FNF:5
FNH:5
FNDA:4,(anonymous_4)
FNDA:1,(anonymous_5)
FNDA:1,(anonymous_6)
FNDA:1,(anonymous_7)
FNDA:1,(anonymous_8)
DA:1,1
DA:2,1
DA:3,1
DA:4,1
DA:5,1
DA:6,1
DA:7,1
DA:13,1
DA:14,4
DA:19,1
DA:20,1
DA:26,1
DA:27,1
DA:33,1
DA:34,1
DA:40,1
DA:41,1
LF:17
LH:17
BRDA:33,0,0,1
BRDA:33,0,1,0
BRDA:33,1,0,1
BRDA:33,1,1,1
BRDA:40,2,0,1
BRDA:40,2,1,0
BRDA:40,3,0,1
BRDA:40,3,1,1
BRDA:14,4,0,1
BRDA:14,4,1,0
BRDA:14,5,0,1
BRDA:14,5,1,1
BRF:12
BRH:9
end_of_record
TN:
SF:src\tecnicos\tecnicos.service.ts
FN:9,(anonymous_2)
FN:11,(anonymous_3)
FN:18,(anonymous_4)
FN:27,(anonymous_5)
FN:61,(anonymous_6)
FNF:5
FNH:5
FNDA:10,(anonymous_2)
FNDA:1,(anonymous_3)
FNDA:13,(anonymous_4)
FNDA:3,(anonymous_5)
FNDA:4,(anonymous_6)
DA:1,2
DA:2,2
DA:8,2
DA:9,10
DA:12,1
DA:19,13
DA:23,13
DA:24,10
DA:28,3
DA:45,3
DA:46,1
DA:47,1
DA:58,3
DA:62,4
DA:63,3
DA:81,3
DA:82,2
DA:83,2
DA:86,2
DA:93,2
DA:94,1
DA:99,1
DA:104,3
LF:23
LH:23
BRDA:23,0,0,3
BRDA:23,0,1,10
BRDA:42,1,0,3
BRDA:42,1,1,1
BRDA:45,2,0,1
BRDA:45,2,1,2
BRDA:50,3,0,1
BRDA:50,3,1,0
BRDA:51,4,0,1
BRDA:51,4,1,0
BRDA:52,5,0,1
BRDA:52,5,1,1
BRDA:53,6,0,1
BRDA:53,6,1,1
BRDA:54,7,0,1
BRDA:54,7,1,1
BRDA:81,8,0,2
BRDA:81,8,1,1
BRDA:87,9,0,2
BRDA:87,9,1,0
BRDA:87,10,0,0
BRDA:87,10,1,0
BRDA:88,11,0,2
BRDA:88,11,1,2
BRDA:88,12,0,2
BRDA:88,12,1,2
BRDA:89,13,0,2
BRDA:89,13,1,2
BRDA:89,14,0,2
BRDA:89,14,1,2
BRDA:90,15,0,2
BRDA:90,15,1,2
BRDA:90,16,0,2
BRDA:90,16,1,2
BRDA:91,17,0,2
BRDA:91,17,1,2
BRDA:91,18,0,2
BRDA:91,18,1,2
BRDA:93,19,0,1
BRDA:93,19,1,1
BRDA:9,20,0,2
BRDA:9,20,1,0
BRDA:9,21,0,2
BRDA:9,21,1,2
BRF:44
BRH:38
end_of_record
TN:
SF:src\tecnicos\dto\create-tecnico.dto.ts
FN:114,(anonymous_2)
FNF:1
FNH:0
FNDA:0,(anonymous_2)
DA:1,1
DA:2,1
DA:3,1
DA:13,1
DA:18,1
DA:24,1
DA:30,1
DA:36,1
DA:42,1
DA:45,1
DA:49,1
DA:54,1
DA:59,1
DA:64,1
DA:69,1
DA:74,1
DA:79,1
DA:84,1
DA:89,1
DA:94,1
DA:99,1
DA:104,1
DA:109,1
DA:114,0
DA:115,1
LF:25
LH:24
BRF:0
BRH:0
end_of_record
TN:
SF:src\tecnicos\dto\update-tecnico.dto.ts
FN:115,(anonymous_2)
FNF:1
FNH:0
FNDA:0,(anonymous_2)
DA:1,1
DA:2,1
DA:3,1
DA:13,1
DA:18,1
DA:24,1
DA:30,1
DA:36,1
DA:42,1
DA:45,1
DA:50,1
DA:55,1
DA:60,1
DA:65,1
DA:70,1
DA:75,1
DA:80,1
DA:85,1
DA:90,1
DA:95,1
DA:100,1
DA:105,1
DA:110,1
DA:115,0
DA:116,1
LF:25
LH:24
BRF:0
BRH:0
end_of_record
TN:
SF:src\users\users.controller.ts
FN:14,(anonymous_4)
FN:19,(anonymous_5)
FN:30,(anonymous_6)
FN:47,(anonymous_7)
FN:54,(anonymous_8)
FN:61,(anonymous_9)
FN:68,(anonymous_10)
FNF:7
FNH:7
FNDA:8,(anonymous_4)
FNDA:1,(anonymous_5)
FNDA:3,(anonymous_6)
FNDA:1,(anonymous_7)
FNDA:1,(anonymous_8)
FNDA:1,(anonymous_9)
FNDA:1,(anonymous_10)
DA:1,1
DA:2,1
DA:3,1
DA:4,1
DA:5,1
DA:6,1
DA:7,1
DA:13,1
DA:14,8
DA:19,1
DA:20,1
DA:30,1
DA:36,3
DA:47,1
DA:48,1
DA:54,1
DA:55,1
DA:61,1
DA:62,1
DA:68,1
DA:69,1
LF:21
LH:21
BRDA:38,0,0,1
BRDA:38,0,1,2
BRDA:39,1,0,1
BRDA:39,1,1,2
BRDA:40,2,0,1
BRDA:40,2,1,2
BRDA:54,3,0,1
BRDA:54,3,1,0
BRDA:54,4,0,1
BRDA:54,4,1,1
BRDA:61,5,0,1
BRDA:61,5,1,0
BRDA:61,6,0,1
BRDA:61,6,1,1
BRDA:14,7,0,1
BRDA:14,7,1,0
BRDA:14,8,0,1
BRDA:14,8,1,1
BRF:18
BRH:15
end_of_record
TN:
SF:src\users\users.service.ts
FN:9,(anonymous_11)
FN:11,(anonymous_12)
FN:27,(anonymous_13)
FN:30,(anonymous_14)
FN:80,(anonymous_15)
FN:87,(anonymous_16)
FN:97,(anonymous_17)
FN:114,(anonymous_18)
FN:135,(anonymous_19)
FN:146,(anonymous_20)
FN:165,(anonymous_21)
FN:176,(anonymous_22)
FN:186,(anonymous_23)
FNF:13
FNH:10
FNDA:16,(anonymous_11)
FNDA:1,(anonymous_12)
FNDA:2,(anonymous_13)
FNDA:4,(anonymous_14)
FNDA:1,(anonymous_15)
FNDA:8,(anonymous_16)
FNDA:3,(anonymous_17)
FNDA:3,(anonymous_18)
FNDA:2,(anonymous_19)
FNDA:0,(anonymous_20)
FNDA:0,(anonymous_21)
FNDA:2,(anonymous_22)
FNDA:0,(anonymous_23)
DA:1,11
DA:2,11
DA:3,11
DA:8,11
DA:9,16
DA:12,1
DA:27,2
DA:36,4
DA:37,4
DA:44,4
DA:46,4
DA:47,1
DA:53,4
DA:54,1
DA:57,4
DA:79,4
DA:80,1
DA:88,8
DA:92,8
DA:93,4
DA:94,4
DA:98,3
DA:99,3
DA:100,1
DA:101,1
DA:110,1
DA:111,1
DA:115,3
DA:116,2
DA:117,1
DA:120,1
DA:122,1
DA:123,1
DA:124,1
DA:125,1
DA:126,1
DA:127,1
DA:131,1
DA:132,1
DA:136,2
DA:137,1
DA:138,1
DA:139,1
DA:143,1
DA:147,0
DA:166,0
DA:177,2
DA:178,2
DA:179,2
DA:180,3
DA:183,2
DA:187,0
LF:52
LH:49
BRDA:36,0,0,0
BRDA:36,1,0,0
BRDA:46,2,0,1
BRDA:46,2,1,3
BRDA:53,3,0,1
BRDA:53,3,1,3
BRDA:92,4,0,4
BRDA:92,4,1,4
BRDA:99,5,0,2
BRDA:99,5,1,1
BRDA:106,6,0,1
BRDA:106,6,1,1
BRDA:116,7,0,1
BRDA:116,7,1,1
BRDA:120,8,0,1
BRDA:120,8,1,0
BRDA:123,9,0,1
BRDA:123,9,1,0
BRDA:124,10,0,0
BRDA:124,10,1,1
BRDA:125,11,0,0
BRDA:125,11,1,1
BRDA:126,12,0,0
BRDA:126,12,1,1
BRDA:9,13,0,11
BRDA:9,13,1,0
BRDA:9,14,0,11
BRDA:9,14,1,11
BRF:28
BRH:20
end_of_record
TN:
SF:src\users\dto\create-user.dto.ts
FNF:0
FNH:0
DA:1,1
DA:2,1
DA:4,1
DA:8,1
DA:12,1
DA:17,1
DA:22,1
DA:27,1
LF:8
LH:8
BRF:0
BRH:0
end_of_record
TN:
SF:src\users\dto\update-user.dto.ts
FNF:0
FNH:0
DA:1,1
DA:2,1
DA:4,1
DA:9,1
DA:14,1
DA:19,1
DA:24,1
LF:7
LH:7
BRF:0
BRH:0
end_of_record
TN:
SF:src\veiculos\veiculos.controller.ts
FN:13,(anonymous_4)
FN:18,(anonymous_5)
FN:31,(anonymous_6)
FN:38,(anonymous_7)
FNF:4
FNH:3
FNDA:4,(anonymous_4)
FNDA:0,(anonymous_5)
FNDA:2,(anonymous_6)
FNDA:2,(anonymous_7)
DA:1,1
DA:2,1
DA:3,1
DA:4,1
DA:5,1
DA:6,1
DA:12,1
DA:13,4
DA:18,1
DA:19,0
DA:31,1
DA:32,2
DA:38,1
DA:39,2
LF:14
LH:13
BRDA:18,0,0,1
BRDA:18,0,1,0
BRDA:18,1,0,1
BRDA:18,1,1,1
BRDA:13,2,0,1
BRDA:13,2,1,0
BRDA:13,3,0,1
BRDA:13,3,1,1
BRF:8
BRH:6
end_of_record
TN:
SF:src\veiculos\veiculos.service.ts
FN:5,normalizarPlaca
FN:11,(anonymous_3)
FN:13,(anonymous_4)
FN:38,(anonymous_5)
FN:52,(anonymous_6)
FNF:5
FNH:5
FNDA:4,normalizarPlaca
FNDA:15,(anonymous_3)
FNDA:4,(anonymous_4)
FNDA:7,(anonymous_5)
FNDA:4,(anonymous_6)
DA:1,2
DA:2,2
DA:3,2
DA:6,4
DA:10,2
DA:11,15
DA:20,4
DA:21,4
DA:22,3
DA:23,3
DA:26,3
DA:27,2
DA:39,7
DA:40,7
DA:41,5
DA:42,5
DA:43,3
DA:53,4
DA:56,4
LF:19
LH:19
BRDA:21,0,0,1
BRDA:21,0,1,3
BRDA:22,1,0,1
BRDA:22,1,1,2
BRDA:22,2,0,1
BRDA:22,2,1,0
BRDA:26,3,0,1
BRDA:26,3,1,2
BRDA:30,4,0,2
BRDA:30,4,1,1
BRDA:31,5,0,2
BRDA:31,5,1,1
BRDA:32,6,0,1
BRDA:32,6,1,1
BRDA:32,7,0,2
BRDA:32,7,1,2
BRDA:33,8,0,2
BRDA:33,8,1,1
BRDA:40,9,0,2
BRDA:40,9,1,5
BRDA:42,10,0,2
BRDA:42,10,1,3
BRDA:44,11,0,3
BRDA:44,11,1,1
BRDA:45,12,0,3
BRDA:45,12,1,1
BRDA:46,13,0,3
BRDA:46,13,1,2
BRDA:46,13,2,1
BRDA:47,14,0,3
BRDA:47,14,1,1
BRDA:48,15,0,3
BRDA:48,15,1,1
BRDA:53,16,0,2
BRDA:53,16,1,2
BRDA:11,17,0,2
BRDA:11,17,1,0
BRDA:11,18,0,2
BRDA:11,18,1,2
BRF:39
BRH:37
end_of_record
TN:
SF:src\veiculos\dto\criar-ou-buscar-veiculo.dto.ts
FNF:0
FNH:0
DA:1,1
DA:2,1
DA:4,1
DA:8,1
DA:12,1
DA:16,1
DA:21,1
DA:26,1
LF:8
LH:8
BRF:0
BRH:0
end_of_record
