{"C:\\Users\\gabry\\Documents\\Projetos\\nexus-system\\client\\src\\components\\InputCEP.tsx": {"path":"C:\\Users\\gabry\\Documents\\Projetos\\nexus-system\\client\\src\\components\\InputCEP.tsx","statementMap":{"0":{"start":{"line":26,"column":32},"end":{"line":26,"column":null}},"1":{"start":{"line":28,"column":8},"end":{"line":47,"column":null}},"2":{"start":{"line":30,"column":12},"end":{"line":30,"column":null}},"3":{"start":{"line":31,"column":12},"end":{"line":31,"column":null}},"4":{"start":{"line":32,"column":6},"end":{"line":32,"column":null}},"5":{"start":{"line":34,"column":6},"end":{"line":44,"column":null}},"6":{"start":{"line":35,"column":8},"end":{"line":35,"column":null}},"7":{"start":{"line":36,"column":8},"end":{"line":43,"column":null}},"8":{"start":{"line":37,"column":27},"end":{"line":37,"column":null}},"9":{"start":{"line":38,"column":10},"end":{"line":40,"column":null}},"10":{"start":{"line":39,"column":12},"end":{"line":39,"column":null}},"11":{"start":{"line":42,"column":10},"end":{"line":42,"column":null}},"12":{"start":{"line":49,"column":2},"end":{"line":65,"column":null}}},"fnMap":{"0":{"name":"InputCEP","decl":{"start":{"line":18,"column":16},"end":{"line":18,"column":25}},"loc":{"start":{"line":25,"column":18},"end":{"line":67,"column":null}},"line":25},"1":{"name":"(anonymous_1)","decl":{"start":{"line":29,"column":4},"end":{"line":29,"column":11}},"loc":{"start":{"line":29,"column":54},"end":{"line":45,"column":null}},"line":29}},"branchMap":{"0":{"loc":{"start":{"line":22,"column":2},"end":{"line":22,"column":null}},"type":"default-arg","locations":[{"start":{"line":22,"column":16},"end":{"line":22,"column":null}}],"line":22},"1":{"loc":{"start":{"line":34,"column":6},"end":{"line":44,"column":null}},"type":"if","locations":[{"start":{"line":34,"column":6},"end":{"line":44,"column":null}},{"start":{},"end":{}}],"line":34},"2":{"loc":{"start":{"line":34,"column":10},"end":{"line":34,"column":50}},"type":"binary-expr","locations":[{"start":{"line":34,"column":10},"end":{"line":34,"column":34}},{"start":{"line":34,"column":34},"end":{"line":34,"column":50}}],"line":34},"3":{"loc":{"start":{"line":38,"column":10},"end":{"line":40,"column":null}},"type":"if","locations":[{"start":{"line":38,"column":10},"end":{"line":40,"column":null}},{"start":{},"end":{}}],"line":38},"4":{"loc":{"start":{"line":54,"column":15},"end":{"line":54,"column":null}},"type":"cond-expr","locations":[{"start":{"line":54,"column":15},"end":{"line":54,"column":44}},{"start":{"line":54,"column":44},"end":{"line":54,"column":null}}],"line":54},"5":{"loc":{"start":{"line":57,"column":22},"end":{"line":57,"column":43}},"type":"binary-expr","locations":[{"start":{"line":57,"column":22},"end":{"line":57,"column":35}},{"start":{"line":57,"column":35},"end":{"line":57,"column":43}}],"line":57},"6":{"loc":{"start":{"line":58,"column":18},"end":{"line":58,"column":null}},"type":"binary-expr","locations":[{"start":{"line":58,"column":18},"end":{"line":58,"column":30}},{"start":{"line":58,"column":30},"end":{"line":58,"column":null}}],"line":58},"7":{"loc":{"start":{"line":62,"column":7},"end":{"line":63,"column":null}},"type":"binary-expr","locations":[{"start":{"line":62,"column":7},"end":{"line":62,"column":null}},{"start":{"line":63,"column":8},"end":{"line":63,"column":null}}],"line":62}},"s":{"0":26,"1":26,"2":17,"3":17,"4":17,"5":17,"6":2,"7":2,"8":2,"9":2,"10":1,"11":2,"12":26},"f":{"0":26,"1":17},"b":{"0":[26],"1":[2,15],"2":[17,2],"3":[1,1],"4":[19,7],"5":[26,2],"6":[26,25],"7":[26,2]},"meta":{"lastBranch":8,"lastFunction":2,"lastStatement":13,"seen":{"f:18:16:18:25":0,"b:22:16:22:Infinity":0,"s:26:32:26:Infinity":0,"s:28:8:47:Infinity":1,"f:29:4:29:11":1,"s:30:12:30:Infinity":2,"s:31:12:31:Infinity":3,"s:32:6:32:Infinity":4,"b:34:6:44:Infinity:undefined:undefined:undefined:undefined":1,"s:34:6:44:Infinity":5,"b:34:10:34:34:34:34:34:50":2,"s:35:8:35:Infinity":6,"s:36:8:43:Infinity":7,"s:37:27:37:Infinity":8,"b:38:10:40:Infinity:undefined:undefined:undefined:undefined":3,"s:38:10:40:Infinity":9,"s:39:12:39:Infinity":10,"s:42:10:42:Infinity":11,"s:49:2:65:Infinity":12,"b:54:15:54:44:54:44:54:Infinity":4,"b:57:22:57:35:57:35:57:43":5,"b:58:18:58:30:58:30:58:Infinity":6,"b:62:7:62:Infinity:63:8:63:Infinity":7}}}
,"C:\\Users\\gabry\\Documents\\Projetos\\nexus-system\\client\\src\\components\\InputCNPJ.tsx": {"path":"C:\\Users\\gabry\\Documents\\Projetos\\nexus-system\\client\\src\\components\\InputCNPJ.tsx","statementMap":{"0":{"start":{"line":20,"column":10},"end":{"line":20,"column":null}},"1":{"start":{"line":21,"column":4},"end":{"line":21,"column":null}},"2":{"start":{"line":24,"column":2},"end":{"line":33,"column":null}}},"fnMap":{"0":{"name":"InputCNPJ","decl":{"start":{"line":12,"column":16},"end":{"line":12,"column":26}},"loc":{"start":{"line":18,"column":19},"end":{"line":35,"column":null}},"line":18},"1":{"name":"handleChange","decl":{"start":{"line":19,"column":11},"end":{"line":19,"column":24}},"loc":{"start":{"line":19,"column":64},"end":{"line":22,"column":null}},"line":19}},"branchMap":{"0":{"loc":{"start":{"line":15,"column":2},"end":{"line":15,"column":null}},"type":"default-arg","locations":[{"start":{"line":15,"column":16},"end":{"line":15,"column":null}}],"line":15},"1":{"loc":{"start":{"line":27,"column":13},"end":{"line":27,"column":null}},"type":"cond-expr","locations":[{"start":{"line":27,"column":13},"end":{"line":27,"column":43}},{"start":{"line":27,"column":43},"end":{"line":27,"column":null}}],"line":27}},"s":{"0":2,"1":2,"2":6},"f":{"0":6,"1":2},"b":{"0":[6],"1":[1,5]},"meta":{"lastBranch":2,"lastFunction":2,"lastStatement":3,"seen":{"f:12:16:12:26":0,"b:15:16:15:Infinity":0,"f:19:11:19:24":1,"s:20:10:20:Infinity":0,"s:21:4:21:Infinity":1,"s:24:2:33:Infinity":2,"b:27:13:27:43:27:43:27:Infinity":1}}}
,"C:\\Users\\gabry\\Documents\\Projetos\\nexus-system\\client\\src\\components\\InputPlaca.tsx": {"path":"C:\\Users\\gabry\\Documents\\Projetos\\nexus-system\\client\\src\\components\\InputPlaca.tsx","statementMap":{"0":{"start":{"line":20,"column":23},"end":{"line":23,"column":null}},"1":{"start":{"line":21,"column":10},"end":{"line":21,"column":null}},"2":{"start":{"line":22,"column":4},"end":{"line":22,"column":null}},"3":{"start":{"line":25,"column":2},"end":{"line":34,"column":null}}},"fnMap":{"0":{"name":"InputPlaca","decl":{"start":{"line":13,"column":16},"end":{"line":13,"column":27}},"loc":{"start":{"line":19,"column":20},"end":{"line":36,"column":null}},"line":19},"1":{"name":"(anonymous_1)","decl":{"start":{"line":20,"column":23},"end":{"line":20,"column":24}},"loc":{"start":{"line":20,"column":67},"end":{"line":23,"column":null}},"line":20}},"branchMap":{"0":{"loc":{"start":{"line":16,"column":2},"end":{"line":16,"column":null}},"type":"default-arg","locations":[{"start":{"line":16,"column":16},"end":{"line":16,"column":null}}],"line":16}},"s":{"0":6,"1":3,"2":3,"3":6},"f":{"0":6,"1":3},"b":{"0":[6]},"meta":{"lastBranch":1,"lastFunction":2,"lastStatement":4,"seen":{"f:13:16:13:27":0,"b:16:16:16:Infinity":0,"s:20:23:23:Infinity":0,"f:20:23:20:24":1,"s:21:10:21:Infinity":1,"s:22:4:22:Infinity":2,"s:25:2:34:Infinity":3}}}
,"C:\\Users\\gabry\\Documents\\Projetos\\nexus-system\\client\\src\\components\\InputTelefone.tsx": {"path":"C:\\Users\\gabry\\Documents\\Projetos\\nexus-system\\client\\src\\components\\InputTelefone.tsx","statementMap":{"0":{"start":{"line":20,"column":10},"end":{"line":20,"column":null}},"1":{"start":{"line":21,"column":4},"end":{"line":21,"column":null}},"2":{"start":{"line":24,"column":2},"end":{"line":34,"column":null}}},"fnMap":{"0":{"name":"InputTelefone","decl":{"start":{"line":12,"column":16},"end":{"line":12,"column":30}},"loc":{"start":{"line":18,"column":23},"end":{"line":36,"column":null}},"line":18},"1":{"name":"handleChange","decl":{"start":{"line":19,"column":11},"end":{"line":19,"column":24}},"loc":{"start":{"line":19,"column":64},"end":{"line":22,"column":null}},"line":19}},"branchMap":{"0":{"loc":{"start":{"line":15,"column":2},"end":{"line":15,"column":null}},"type":"default-arg","locations":[{"start":{"line":15,"column":16},"end":{"line":15,"column":null}}],"line":15},"1":{"loc":{"start":{"line":27,"column":13},"end":{"line":27,"column":null}},"type":"cond-expr","locations":[{"start":{"line":27,"column":13},"end":{"line":27,"column":47}},{"start":{"line":27,"column":47},"end":{"line":27,"column":null}}],"line":27}},"s":{"0":2,"1":2,"2":7},"f":{"0":7,"1":2},"b":{"0":[7],"1":[2,5]},"meta":{"lastBranch":2,"lastFunction":2,"lastStatement":3,"seen":{"f:12:16:12:30":0,"b:15:16:15:Infinity":0,"f:19:11:19:24":1,"s:20:10:20:Infinity":0,"s:21:4:21:Infinity":1,"s:24:2:34:Infinity":2,"b:27:13:27:47:27:47:27:Infinity":1}}}
,"C:\\Users\\gabry\\Documents\\Projetos\\nexus-system\\client\\src\\components\\ProtectedRoute.tsx": {"path":"C:\\Users\\gabry\\Documents\\Projetos\\nexus-system\\client\\src\\components\\ProtectedRoute.tsx","statementMap":{"0":{"start":{"line":9,"column":37},"end":{"line":9,"column":null}},"1":{"start":{"line":10,"column":8},"end":{"line":10,"column":null}},"2":{"start":{"line":12,"column":2},"end":{"line":18,"column":null}},"3":{"start":{"line":13,"column":4},"end":{"line":16,"column":null}},"4":{"start":{"line":20,"column":2},"end":{"line":22,"column":null}},"5":{"start":{"line":21,"column":4},"end":{"line":21,"column":null}},"6":{"start":{"line":24,"column":2},"end":{"line":24,"column":null}}},"fnMap":{"0":{"name":"ProtectedRoute","decl":{"start":{"line":8,"column":16},"end":{"line":8,"column":31}},"loc":{"start":{"line":8,"column":66},"end":{"line":25,"column":null}},"line":8}},"branchMap":{"0":{"loc":{"start":{"line":12,"column":2},"end":{"line":18,"column":null}},"type":"if","locations":[{"start":{"line":12,"column":2},"end":{"line":18,"column":null}},{"start":{},"end":{}}],"line":12},"1":{"loc":{"start":{"line":20,"column":2},"end":{"line":22,"column":null}},"type":"if","locations":[{"start":{"line":20,"column":2},"end":{"line":22,"column":null}},{"start":{},"end":{}}],"line":20}},"s":{"0":4,"1":4,"2":4,"3":2,"4":2,"5":1,"6":1},"f":{"0":4},"b":{"0":[2,2],"1":[1,1]},"meta":{"lastBranch":2,"lastFunction":1,"lastStatement":7,"seen":{"f:8:16:8:31":0,"s:9:37:9:Infinity":0,"s:10:8:10:Infinity":1,"b:12:2:18:Infinity:undefined:undefined:undefined:undefined":0,"s:12:2:18:Infinity":2,"s:13:4:16:Infinity":3,"b:20:2:22:Infinity:undefined:undefined:undefined:undefined":1,"s:20:2:22:Infinity":4,"s:21:4:21:Infinity":5,"s:24:2:24:Infinity":6}}}
,"C:\\Users\\gabry\\Documents\\Projetos\\nexus-system\\client\\src\\components\\ui\\button.tsx": {"path":"C:\\Users\\gabry\\Documents\\Projetos\\nexus-system\\client\\src\\components\\ui\\button.tsx","statementMap":{"0":{"start":{"line":7,"column":6},"end":{"line":35,"column":null}},"1":{"start":{"line":44,"column":15},"end":{"line":55,"column":null}},"2":{"start":{"line":46,"column":17},"end":{"line":46,"column":null}},"3":{"start":{"line":47,"column":4},"end":{"line":52,"column":null}},"4":{"start":{"line":56,"column":0},"end":{"line":56,"column":null}}},"fnMap":{"0":{"name":"(anonymous_0)","decl":{"start":{"line":45,"column":2},"end":{"line":45,"column":3}},"loc":{"start":{"line":45,"column":68},"end":{"line":54,"column":null}},"line":45}},"branchMap":{"0":{"loc":{"start":{"line":45,"column":31},"end":{"line":45,"column":48}},"type":"default-arg","locations":[{"start":{"line":45,"column":41},"end":{"line":45,"column":48}}],"line":45},"1":{"loc":{"start":{"line":46,"column":17},"end":{"line":46,"column":null}},"type":"cond-expr","locations":[{"start":{"line":46,"column":27},"end":{"line":46,"column":34}},{"start":{"line":46,"column":34},"end":{"line":46,"column":null}}],"line":46}},"s":{"0":1,"1":1,"2":24,"3":24,"4":1},"f":{"0":24},"b":{"0":[24],"1":[0,24]},"meta":{"lastBranch":2,"lastFunction":1,"lastStatement":5,"seen":{"s:7:6:35:Infinity":0,"s:44:15:55:Infinity":1,"f:45:2:45:3":0,"b:45:41:45:48":0,"s:46:17:46:Infinity":2,"b:46:27:46:34:46:34:46:Infinity":1,"s:47:4:52:Infinity":3,"s:56:0:56:Infinity":4}}}
,"C:\\Users\\gabry\\Documents\\Projetos\\nexus-system\\client\\src\\components\\ui\\card.tsx": {"path":"C:\\Users\\gabry\\Documents\\Projetos\\nexus-system\\client\\src\\components\\ui\\card.tsx","statementMap":{"0":{"start":{"line":5,"column":13},"end":{"line":17,"column":null}},"1":{"start":{"line":9,"column":2},"end":{"line":16,"column":null}},"2":{"start":{"line":18,"column":0},"end":{"line":18,"column":null}},"3":{"start":{"line":20,"column":19},"end":{"line":29,"column":null}},"4":{"start":{"line":24,"column":2},"end":{"line":28,"column":null}},"5":{"start":{"line":30,"column":0},"end":{"line":30,"column":null}},"6":{"start":{"line":32,"column":18},"end":{"line":41,"column":null}},"7":{"start":{"line":36,"column":2},"end":{"line":40,"column":null}},"8":{"start":{"line":42,"column":0},"end":{"line":42,"column":null}},"9":{"start":{"line":44,"column":24},"end":{"line":53,"column":null}},"10":{"start":{"line":48,"column":2},"end":{"line":52,"column":null}},"11":{"start":{"line":54,"column":0},"end":{"line":54,"column":null}},"12":{"start":{"line":56,"column":20},"end":{"line":61,"column":null}},"13":{"start":{"line":60,"column":2},"end":{"line":60,"column":null}},"14":{"start":{"line":62,"column":0},"end":{"line":62,"column":null}},"15":{"start":{"line":64,"column":19},"end":{"line":73,"column":null}},"16":{"start":{"line":68,"column":2},"end":{"line":72,"column":null}},"17":{"start":{"line":74,"column":0},"end":{"line":74,"column":null}}},"fnMap":{"0":{"name":"(anonymous_0)","decl":{"start":{"line":8,"column":2},"end":{"line":8,"column":3}},"loc":{"start":{"line":9,"column":2},"end":{"line":16,"column":null}},"line":9},"1":{"name":"(anonymous_1)","decl":{"start":{"line":23,"column":2},"end":{"line":23,"column":3}},"loc":{"start":{"line":24,"column":2},"end":{"line":28,"column":null}},"line":24},"2":{"name":"(anonymous_2)","decl":{"start":{"line":35,"column":2},"end":{"line":35,"column":3}},"loc":{"start":{"line":36,"column":2},"end":{"line":40,"column":null}},"line":36},"3":{"name":"(anonymous_3)","decl":{"start":{"line":47,"column":2},"end":{"line":47,"column":3}},"loc":{"start":{"line":48,"column":2},"end":{"line":52,"column":null}},"line":48},"4":{"name":"(anonymous_4)","decl":{"start":{"line":59,"column":2},"end":{"line":59,"column":3}},"loc":{"start":{"line":60,"column":2},"end":{"line":60,"column":null}},"line":60},"5":{"name":"(anonymous_5)","decl":{"start":{"line":67,"column":2},"end":{"line":67,"column":3}},"loc":{"start":{"line":68,"column":2},"end":{"line":72,"column":null}},"line":68}},"branchMap":{},"s":{"0":1,"1":24,"2":1,"3":1,"4":24,"5":1,"6":1,"7":24,"8":1,"9":1,"10":24,"11":1,"12":1,"13":24,"14":1,"15":1,"16":0,"17":1},"f":{"0":24,"1":24,"2":24,"3":24,"4":24,"5":0},"b":{},"meta":{"lastBranch":0,"lastFunction":6,"lastStatement":18,"seen":{"s:5:13:17:Infinity":0,"f:8:2:8:3":0,"s:9:2:16:Infinity":1,"s:18:0:18:Infinity":2,"s:20:19:29:Infinity":3,"f:23:2:23:3":1,"s:24:2:28:Infinity":4,"s:30:0:30:Infinity":5,"s:32:18:41:Infinity":6,"f:35:2:35:3":2,"s:36:2:40:Infinity":7,"s:42:0:42:Infinity":8,"s:44:24:53:Infinity":9,"f:47:2:47:3":3,"s:48:2:52:Infinity":10,"s:54:0:54:Infinity":11,"s:56:20:61:Infinity":12,"f:59:2:59:3":4,"s:60:2:60:Infinity":13,"s:62:0:62:Infinity":14,"s:64:19:73:Infinity":15,"f:67:2:67:3":5,"s:68:2:72:Infinity":16,"s:74:0:74:Infinity":17}}}
,"C:\\Users\\gabry\\Documents\\Projetos\\nexus-system\\client\\src\\components\\ui\\input.tsx": {"path":"C:\\Users\\gabry\\Documents\\Projetos\\nexus-system\\client\\src\\components\\ui\\input.tsx","statementMap":{"0":{"start":{"line":5,"column":14},"end":{"line":19,"column":null}},"1":{"start":{"line":7,"column":4},"end":{"line":16,"column":null}},"2":{"start":{"line":20,"column":0},"end":{"line":20,"column":null}}},"fnMap":{"0":{"name":"(anonymous_0)","decl":{"start":{"line":6,"column":2},"end":{"line":6,"column":3}},"loc":{"start":{"line":6,"column":42},"end":{"line":18,"column":null}},"line":6}},"branchMap":{},"s":{"0":5,"1":93,"2":5},"f":{"0":93},"b":{},"meta":{"lastBranch":0,"lastFunction":1,"lastStatement":3,"seen":{"s:5:14:19:Infinity":0,"f:6:2:6:3":0,"s:7:4:16:Infinity":1,"s:20:0:20:Infinity":2}}}
,"C:\\Users\\gabry\\Documents\\Projetos\\nexus-system\\client\\src\\components\\ui\\label.tsx": {"path":"C:\\Users\\gabry\\Documents\\Projetos\\nexus-system\\client\\src\\components\\ui\\label.tsx","statementMap":{"0":{"start":{"line":7,"column":6},"end":{"line":9,"column":null}},"1":{"start":{"line":11,"column":14},"end":{"line":21,"column":null}},"2":{"start":{"line":16,"column":2},"end":{"line":20,"column":null}},"3":{"start":{"line":22,"column":0},"end":{"line":22,"column":null}}},"fnMap":{"0":{"name":"(anonymous_0)","decl":{"start":{"line":15,"column":2},"end":{"line":15,"column":3}},"loc":{"start":{"line":16,"column":2},"end":{"line":20,"column":null}},"line":16}},"branchMap":{},"s":{"0":1,"1":1,"2":48,"3":1},"f":{"0":48},"b":{},"meta":{"lastBranch":0,"lastFunction":1,"lastStatement":4,"seen":{"s:7:6:9:Infinity":0,"s:11:14:21:Infinity":1,"f:15:2:15:3":0,"s:16:2:20:Infinity":2,"s:22:0:22:Infinity":3}}}
,"C:\\Users\\gabry\\Documents\\Projetos\\nexus-system\\client\\src\\contexts\\AuthContext.tsx": {"path":"C:\\Users\\gabry\\Documents\\Projetos\\nexus-system\\client\\src\\contexts\\AuthContext.tsx","statementMap":{"0":{"start":{"line":35,"column":6},"end":{"line":35,"column":null}},"1":{"start":{"line":37,"column":20},"end":{"line":37,"column":null}},"2":{"start":{"line":40,"column":2},"end":{"line":51,"column":null}},"3":{"start":{"line":41,"column":16},"end":{"line":41,"column":null}},"4":{"start":{"line":42,"column":4},"end":{"line":42,"column":null}},"5":{"start":{"line":42,"column":14},"end":{"line":42,"column":null}},"6":{"start":{"line":43,"column":17},"end":{"line":43,"column":null}},"7":{"start":{"line":44,"column":4},"end":{"line":48,"column":null}},"8":{"start":{"line":50,"column":4},"end":{"line":50,"column":null}},"9":{"start":{"line":55,"column":2},"end":{"line":55,"column":null}},"10":{"start":{"line":59,"column":2},"end":{"line":59,"column":null}},"11":{"start":{"line":60,"column":2},"end":{"line":60,"column":null}},"12":{"start":{"line":66,"column":17},"end":{"line":66,"column":null}},"13":{"start":{"line":67,"column":2},"end":{"line":76,"column":null}},"14":{"start":{"line":68,"column":4},"end":{"line":68,"column":null}},"15":{"start":{"line":69,"column":4},"end":{"line":75,"column":null}},"16":{"start":{"line":77,"column":2},"end":{"line":83,"column":null}},"17":{"start":{"line":87,"column":24},"end":{"line":87,"column":null}},"18":{"start":{"line":89,"column":8},"end":{"line":98,"column":null}},"19":{"start":{"line":90,"column":4},"end":{"line":90,"column":null}},"20":{"start":{"line":91,"column":4},"end":{"line":97,"column":null}},"21":{"start":{"line":100,"column":2},"end":{"line":102,"column":null}},"22":{"start":{"line":101,"column":4},"end":{"line":101,"column":null}},"23":{"start":{"line":104,"column":8},"end":{"line":132,"column":null}},"24":{"start":{"line":106,"column":18},"end":{"line":114,"column":null}},"25":{"start":{"line":115,"column":19},"end":{"line":119,"column":null}},"26":{"start":{"line":120,"column":6},"end":{"line":120,"column":null}},"27":{"start":{"line":121,"column":6},"end":{"line":121,"column":null}},"28":{"start":{"line":122,"column":6},"end":{"line":128,"column":null}},"29":{"start":{"line":129,"column":6},"end":{"line":129,"column":null}},"30":{"start":{"line":134,"column":8},"end":{"line":137,"column":null}},"31":{"start":{"line":135,"column":22},"end":{"line":135,"column":null}},"32":{"start":{"line":139,"column":34},"end":{"line":144,"column":null}},"33":{"start":{"line":146,"column":2},"end":{"line":146,"column":null}},"34":{"start":{"line":150,"column":8},"end":{"line":150,"column":null}},"35":{"start":{"line":151,"column":2},"end":{"line":151,"column":null}},"36":{"start":{"line":151,"column":12},"end":{"line":151,"column":null}},"37":{"start":{"line":152,"column":2},"end":{"line":152,"column":null}}},"fnMap":{"0":{"name":"loadStoredAuth","decl":{"start":{"line":39,"column":9},"end":{"line":39,"column":46}},"loc":{"start":{"line":39,"column":46},"end":{"line":52,"column":null}},"line":39},"1":{"name":"saveAuth","decl":{"start":{"line":54,"column":9},"end":{"line":54,"column":18}},"loc":{"start":{"line":54,"column":44},"end":{"line":56,"column":null}},"line":54},"2":{"name":"clearAuth","decl":{"start":{"line":58,"column":9},"end":{"line":58,"column":21}},"loc":{"start":{"line":58,"column":21},"end":{"line":61,"column":null}},"line":58},"3":{"name":"getInitialState","decl":{"start":{"line":65,"column":9},"end":{"line":65,"column":38}},"loc":{"start":{"line":65,"column":38},"end":{"line":84,"column":null}},"line":65},"4":{"name":"AuthProvider","decl":{"start":{"line":86,"column":16},"end":{"line":86,"column":29}},"loc":{"start":{"line":86,"column":68},"end":{"line":147,"column":null}},"line":86},"5":{"name":"(anonymous_5)","decl":{"start":{"line":89,"column":29},"end":{"line":89,"column":35}},"loc":{"start":{"line":89,"column":35},"end":{"line":98,"column":5}},"line":89},"6":{"name":"(anonymous_6)","decl":{"start":{"line":100,"column":12},"end":{"line":100,"column":18}},"loc":{"start":{"line":100,"column":18},"end":{"line":102,"column":5}},"line":100},"7":{"name":"(anonymous_7)","decl":{"start":{"line":105,"column":4},"end":{"line":105,"column":11}},"loc":{"start":{"line":105,"column":71},"end":{"line":130,"column":null}},"line":105},"8":{"name":"(anonymous_8)","decl":{"start":{"line":135,"column":4},"end":{"line":135,"column":5}},"loc":{"start":{"line":135,"column":22},"end":{"line":135,"column":null}},"line":135},"9":{"name":"useAuth","decl":{"start":{"line":149,"column":16},"end":{"line":149,"column":26}},"loc":{"start":{"line":149,"column":26},"end":{"line":153,"column":null}},"line":149}},"branchMap":{"0":{"loc":{"start":{"line":42,"column":4},"end":{"line":42,"column":null}},"type":"if","locations":[{"start":{"line":42,"column":4},"end":{"line":42,"column":null}},{"start":{},"end":{}}],"line":42},"1":{"loc":{"start":{"line":45,"column":12},"end":{"line":45,"column":null}},"type":"binary-expr","locations":[{"start":{"line":45,"column":12},"end":{"line":45,"column":25}},{"start":{"line":45,"column":25},"end":{"line":45,"column":null}}],"line":45},"2":{"loc":{"start":{"line":46,"column":19},"end":{"line":46,"column":null}},"type":"binary-expr","locations":[{"start":{"line":46,"column":19},"end":{"line":46,"column":39}},{"start":{"line":46,"column":39},"end":{"line":46,"column":null}}],"line":46},"3":{"loc":{"start":{"line":47,"column":19},"end":{"line":47,"column":null}},"type":"binary-expr","locations":[{"start":{"line":47,"column":19},"end":{"line":47,"column":39}},{"start":{"line":47,"column":39},"end":{"line":47,"column":null}}],"line":47},"4":{"loc":{"start":{"line":67,"column":2},"end":{"line":76,"column":null}},"type":"if","locations":[{"start":{"line":67,"column":2},"end":{"line":76,"column":null}},{"start":{},"end":{}}],"line":67},"5":{"loc":{"start":{"line":67,"column":6},"end":{"line":67,"column":41}},"type":"binary-expr","locations":[{"start":{"line":67,"column":6},"end":{"line":67,"column":28}},{"start":{"line":67,"column":28},"end":{"line":67,"column":41}}],"line":67},"6":{"loc":{"start":{"line":71,"column":19},"end":{"line":71,"column":null}},"type":"binary-expr","locations":[{"start":{"line":71,"column":19},"end":{"line":71,"column":41}},{"start":{"line":71,"column":41},"end":{"line":71,"column":null}}],"line":71},"7":{"loc":{"start":{"line":151,"column":2},"end":{"line":151,"column":null}},"type":"if","locations":[{"start":{"line":151,"column":2},"end":{"line":151,"column":null}},{"start":{},"end":{}}],"line":151}},"s":{"0":1,"1":1,"2":11,"3":11,"4":11,"5":8,"6":3,"7":3,"8":1,"9":5,"10":3,"11":3,"12":11,"13":11,"14":2,"15":2,"16":9,"17":18,"18":18,"19":3,"20":3,"21":18,"22":11,"23":18,"24":6,"25":5,"26":5,"27":5,"28":5,"29":5,"30":18,"31":3,"32":18,"33":18,"34":20,"35":20,"36":2,"37":18},"f":{"0":11,"1":5,"2":3,"3":11,"4":18,"5":3,"6":11,"7":6,"8":3,"9":20},"b":{"0":[8,3],"1":[3,0],"2":[11,0],"3":[11,0],"4":[2,9],"5":[11,2],"6":[2,0],"7":[2,18]},"meta":{"lastBranch":8,"lastFunction":10,"lastStatement":38,"seen":{"s:35:6:35:Infinity":0,"s:37:20:37:Infinity":1,"f:39:9:39:46":0,"s:40:2:51:Infinity":2,"s:41:16:41:Infinity":3,"b:42:4:42:Infinity:undefined:undefined:undefined:undefined":0,"s:42:4:42:Infinity":4,"s:42:14:42:Infinity":5,"s:43:17:43:Infinity":6,"s:44:4:48:Infinity":7,"b:45:12:45:25:45:25:45:Infinity":1,"b:46:19:46:39:46:39:46:Infinity":2,"b:47:19:47:39:47:39:47:Infinity":3,"s:50:4:50:Infinity":8,"f:54:9:54:18":1,"s:55:2:55:Infinity":9,"f:58:9:58:21":2,"s:59:2:59:Infinity":10,"s:60:2:60:Infinity":11,"f:65:9:65:38":3,"s:66:17:66:Infinity":12,"b:67:2:76:Infinity:undefined:undefined:undefined:undefined":4,"s:67:2:76:Infinity":13,"b:67:6:67:28:67:28:67:41":5,"s:68:4:68:Infinity":14,"s:69:4:75:Infinity":15,"b:71:19:71:41:71:41:71:Infinity":6,"s:77:2:83:Infinity":16,"f:86:16:86:29":4,"s:87:24:87:Infinity":17,"s:89:8:98:Infinity":18,"f:89:29:89:35":5,"s:90:4:90:Infinity":19,"s:91:4:97:Infinity":20,"s:100:2:102:Infinity":21,"f:100:12:100:18":6,"s:101:4:101:Infinity":22,"s:104:8:132:Infinity":23,"f:105:4:105:11":7,"s:106:18:114:Infinity":24,"s:115:19:119:Infinity":25,"s:120:6:120:Infinity":26,"s:121:6:121:Infinity":27,"s:122:6:128:Infinity":28,"s:129:6:129:Infinity":29,"s:134:8:137:Infinity":30,"f:135:4:135:5":8,"s:135:22:135:Infinity":31,"s:139:34:144:Infinity":32,"s:146:2:146:Infinity":33,"f:149:16:149:26":9,"s:150:8:150:Infinity":34,"b:151:2:151:Infinity:undefined:undefined:undefined:undefined":7,"s:151:2:151:Infinity":35,"s:151:12:151:Infinity":36,"s:152:2:152:Infinity":37}}}
,"C:\\Users\\gabry\\Documents\\Projetos\\nexus-system\\client\\src\\hooks\\useBrasilAPI.ts": {"path":"C:\\Users\\gabry\\Documents\\Projetos\\nexus-system\\client\\src\\hooks\\useBrasilAPI.ts","statementMap":{"0":{"start":{"line":3,"column":19},"end":{"line":3,"column":null}},"1":{"start":{"line":4,"column":20},"end":{"line":4,"column":null}},"2":{"start":{"line":29,"column":2},"end":{"line":36,"column":null}},"3":{"start":{"line":32,"column":18},"end":{"line":32,"column":null}},"4":{"start":{"line":33,"column":6},"end":{"line":33,"column":null}},"5":{"start":{"line":33,"column":19},"end":{"line":33,"column":null}},"6":{"start":{"line":34,"column":6},"end":{"line":34,"column":null}},"7":{"start":{"line":40,"column":2},"end":{"line":49,"column":null}},"8":{"start":{"line":43,"column":6},"end":{"line":43,"column":null}},"9":{"start":{"line":43,"column":20},"end":{"line":43,"column":null}},"10":{"start":{"line":44,"column":18},"end":{"line":44,"column":null}},"11":{"start":{"line":45,"column":6},"end":{"line":45,"column":null}},"12":{"start":{"line":45,"column":19},"end":{"line":45,"column":null}},"13":{"start":{"line":46,"column":6},"end":{"line":46,"column":null}},"14":{"start":{"line":53,"column":19},"end":{"line":53,"column":null}},"15":{"start":{"line":54,"column":2},"end":{"line":54,"column":null}},"16":{"start":{"line":54,"column":29},"end":{"line":54,"column":null}},"17":{"start":{"line":56,"column":2},"end":{"line":64,"column":null}},"18":{"start":{"line":57,"column":16},"end":{"line":57,"column":null}},"19":{"start":{"line":58,"column":4},"end":{"line":58,"column":null}},"20":{"start":{"line":58,"column":17},"end":{"line":58,"column":null}},"21":{"start":{"line":59,"column":30},"end":{"line":59,"column":null}},"22":{"start":{"line":60,"column":4},"end":{"line":60,"column":null}},"23":{"start":{"line":60,"column":19},"end":{"line":60,"column":null}},"24":{"start":{"line":61,"column":4},"end":{"line":61,"column":null}},"25":{"start":{"line":63,"column":4},"end":{"line":63,"column":null}}},"fnMap":{"0":{"name":"useUFs","decl":{"start":{"line":28,"column":16},"end":{"line":28,"column":25}},"loc":{"start":{"line":28,"column":25},"end":{"line":37,"column":null}},"line":28},"1":{"name":"(anonymous_1)","decl":{"start":{"line":31,"column":13},"end":{"line":31,"column":25}},"loc":{"start":{"line":31,"column":25},"end":{"line":35,"column":null}},"line":31},"2":{"name":"useMunicipios","decl":{"start":{"line":39,"column":16},"end":{"line":39,"column":30}},"loc":{"start":{"line":39,"column":54},"end":{"line":50,"column":null}},"line":39},"3":{"name":"(anonymous_3)","decl":{"start":{"line":42,"column":13},"end":{"line":42,"column":25}},"loc":{"start":{"line":42,"column":25},"end":{"line":47,"column":null}},"line":42},"4":{"name":"buscarCEP","decl":{"start":{"line":52,"column":22},"end":{"line":52,"column":32}},"loc":{"start":{"line":52,"column":74},"end":{"line":65,"column":null}},"line":52}},"branchMap":{"0":{"loc":{"start":{"line":33,"column":6},"end":{"line":33,"column":null}},"type":"if","locations":[{"start":{"line":33,"column":6},"end":{"line":33,"column":null}},{"start":{},"end":{}}],"line":33},"1":{"loc":{"start":{"line":43,"column":6},"end":{"line":43,"column":null}},"type":"if","locations":[{"start":{"line":43,"column":6},"end":{"line":43,"column":null}},{"start":{},"end":{}}],"line":43},"2":{"loc":{"start":{"line":45,"column":6},"end":{"line":45,"column":null}},"type":"if","locations":[{"start":{"line":45,"column":6},"end":{"line":45,"column":null}},{"start":{},"end":{}}],"line":45},"3":{"loc":{"start":{"line":54,"column":2},"end":{"line":54,"column":null}},"type":"if","locations":[{"start":{"line":54,"column":2},"end":{"line":54,"column":null}},{"start":{},"end":{}}],"line":54},"4":{"loc":{"start":{"line":58,"column":4},"end":{"line":58,"column":null}},"type":"if","locations":[{"start":{"line":58,"column":4},"end":{"line":58,"column":null}},{"start":{},"end":{}}],"line":58},"5":{"loc":{"start":{"line":60,"column":4},"end":{"line":60,"column":null}},"type":"if","locations":[{"start":{"line":60,"column":4},"end":{"line":60,"column":null}},{"start":{},"end":{}}],"line":60}},"s":{"0":1,"1":1,"2":4,"3":2,"4":2,"5":1,"6":1,"7":5,"8":2,"9":0,"10":2,"11":2,"12":1,"13":1,"14":6,"15":6,"16":1,"17":5,"18":5,"19":4,"20":1,"21":3,"22":3,"23":1,"24":2,"25":1},"f":{"0":4,"1":2,"2":5,"3":2,"4":6},"b":{"0":[1,1],"1":[0,2],"2":[1,1],"3":[1,5],"4":[1,3],"5":[1,2]},"meta":{"lastBranch":6,"lastFunction":5,"lastStatement":26,"seen":{"s:3:19:3:Infinity":0,"s:4:20:4:Infinity":1,"f:28:16:28:25":0,"s:29:2:36:Infinity":2,"f:31:13:31:25":1,"s:32:18:32:Infinity":3,"b:33:6:33:Infinity:undefined:undefined:undefined:undefined":0,"s:33:6:33:Infinity":4,"s:33:19:33:Infinity":5,"s:34:6:34:Infinity":6,"f:39:16:39:30":2,"s:40:2:49:Infinity":7,"f:42:13:42:25":3,"b:43:6:43:Infinity:undefined:undefined:undefined:undefined":1,"s:43:6:43:Infinity":8,"s:43:20:43:Infinity":9,"s:44:18:44:Infinity":10,"b:45:6:45:Infinity:undefined:undefined:undefined:undefined":2,"s:45:6:45:Infinity":11,"s:45:19:45:Infinity":12,"s:46:6:46:Infinity":13,"f:52:22:52:32":4,"s:53:19:53:Infinity":14,"b:54:2:54:Infinity:undefined:undefined:undefined:undefined":3,"s:54:2:54:Infinity":15,"s:54:29:54:Infinity":16,"s:56:2:64:Infinity":17,"s:57:16:57:Infinity":18,"b:58:4:58:Infinity:undefined:undefined:undefined:undefined":4,"s:58:4:58:Infinity":19,"s:58:17:58:Infinity":20,"s:59:30:59:Infinity":21,"b:60:4:60:Infinity:undefined:undefined:undefined:undefined":5,"s:60:4:60:Infinity":22,"s:60:19:60:Infinity":23,"s:61:4:61:Infinity":24,"s:63:4:63:Infinity":25}}}
,"C:\\Users\\gabry\\Documents\\Projetos\\nexus-system\\client\\src\\hooks\\useConsultaPlaca.ts": {"path":"C:\\Users\\gabry\\Documents\\Projetos\\nexus-system\\client\\src\\hooks\\useConsultaPlaca.ts","statementMap":{"0":{"start":{"line":14,"column":16},"end":{"line":14,"column":null}},"1":{"start":{"line":15,"column":18},"end":{"line":15,"column":null}},"2":{"start":{"line":17,"column":2},"end":{"line":24,"column":null}},"3":{"start":{"line":19,"column":13},"end":{"line":22,"column":null}}},"fnMap":{"0":{"name":"useConsultaPlaca","decl":{"start":{"line":13,"column":16},"end":{"line":13,"column":33}},"loc":{"start":{"line":13,"column":70},"end":{"line":25,"column":null}},"line":13},"1":{"name":"(anonymous_1)","decl":{"start":{"line":19,"column":13},"end":{"line":19,"column":null}},"loc":{"start":{"line":19,"column":13},"end":{"line":22,"column":null}},"line":19}},"branchMap":{"0":{"loc":{"start":{"line":14,"column":16},"end":{"line":14,"column":null}},"type":"cond-expr","locations":[{"start":{"line":14,"column":16},"end":{"line":14,"column":64}},{"start":{"line":14,"column":64},"end":{"line":14,"column":null}}],"line":14}},"s":{"0":11,"1":11,"2":11,"3":4},"f":{"0":11,"1":4},"b":{"0":[9,2]},"meta":{"lastBranch":1,"lastFunction":2,"lastStatement":4,"seen":{"f:13:16:13:33":0,"s:14:16:14:Infinity":0,"b:14:16:14:64:14:64:14:Infinity":0,"s:15:18:15:Infinity":1,"s:17:2:24:Infinity":2,"f:19:13:19:Infinity":1,"s:19:13:22:Infinity":3}}}
,"C:\\Users\\gabry\\Documents\\Projetos\\nexus-system\\client\\src\\hooks\\useDebounce.ts": {"path":"C:\\Users\\gabry\\Documents\\Projetos\\nexus-system\\client\\src\\hooks\\useDebounce.ts","statementMap":{"0":{"start":{"line":10,"column":42},"end":{"line":10,"column":null}},"1":{"start":{"line":12,"column":2},"end":{"line":15,"column":null}},"2":{"start":{"line":13,"column":18},"end":{"line":13,"column":null}},"3":{"start":{"line":13,"column":35},"end":{"line":13,"column":61}},"4":{"start":{"line":14,"column":4},"end":{"line":14,"column":null}},"5":{"start":{"line":14,"column":17},"end":{"line":14,"column":null}},"6":{"start":{"line":17,"column":2},"end":{"line":17,"column":null}}},"fnMap":{"0":{"name":"useDebounce","decl":{"start":{"line":9,"column":16},"end":{"line":9,"column":31}},"loc":{"start":{"line":9,"column":57},"end":{"line":18,"column":null}},"line":9},"1":{"name":"(anonymous_1)","decl":{"start":{"line":12,"column":12},"end":{"line":12,"column":18}},"loc":{"start":{"line":12,"column":18},"end":{"line":15,"column":5}},"line":12},"2":{"name":"(anonymous_2)","decl":{"start":{"line":13,"column":29},"end":{"line":13,"column":35}},"loc":{"start":{"line":13,"column":35},"end":{"line":13,"column":61}},"line":13},"3":{"name":"(anonymous_3)","decl":{"start":{"line":14,"column":11},"end":{"line":14,"column":17}},"loc":{"start":{"line":14,"column":17},"end":{"line":14,"column":null}},"line":14}},"branchMap":{"0":{"loc":{"start":{"line":9,"column":41},"end":{"line":9,"column":57}},"type":"default-arg","locations":[{"start":{"line":9,"column":49},"end":{"line":9,"column":57}}],"line":9}},"s":{"0":17,"1":17,"2":13,"3":4,"4":13,"5":13,"6":17},"f":{"0":17,"1":13,"2":4,"3":13},"b":{"0":[17]},"meta":{"lastBranch":1,"lastFunction":4,"lastStatement":7,"seen":{"f:9:16:9:31":0,"b:9:49:9:57":0,"s:10:42:10:Infinity":0,"s:12:2:15:Infinity":1,"f:12:12:12:18":1,"s:13:18:13:Infinity":2,"f:13:29:13:35":2,"s:13:35:13:61":3,"s:14:4:14:Infinity":4,"f:14:11:14:17":3,"s:14:17:14:Infinity":5,"s:17:2:17:Infinity":6}}}
,"C:\\Users\\gabry\\Documents\\Projetos\\nexus-system\\client\\src\\lib\\aparelho-status.ts": {"path":"C:\\Users\\gabry\\Documents\\Projetos\\nexus-system\\client\\src\\lib\\aparelho-status.ts","statementMap":{"0":{"start":{"line":24,"column":4},"end":{"line":65,"column":null}}},"fnMap":{},"branchMap":{},"s":{"0":1},"f":{},"b":{},"meta":{"lastBranch":0,"lastFunction":0,"lastStatement":1,"seen":{"s:24:4:65:Infinity":0}}}
,"C:\\Users\\gabry\\Documents\\Projetos\\nexus-system\\client\\src\\lib\\api.ts": {"path":"C:\\Users\\gabry\\Documents\\Projetos\\nexus-system\\client\\src\\lib\\api.ts","statementMap":{"0":{"start":{"line":1,"column":17},"end":{"line":1,"column":null}},"1":{"start":{"line":2,"column":25},"end":{"line":2,"column":null}},"2":{"start":{"line":4,"column":42},"end":{"line":4,"column":null}},"3":{"start":{"line":7,"column":2},"end":{"line":7,"column":null}},"4":{"start":{"line":11,"column":16},"end":{"line":11,"column":null}},"5":{"start":{"line":12,"column":2},"end":{"line":15,"column":null}},"6":{"start":{"line":23,"column":21},"end":{"line":23,"column":null}},"7":{"start":{"line":24,"column":16},"end":{"line":24,"column":null}},"8":{"start":{"line":24,"column":33},"end":{"line":24,"column":53}},"9":{"start":{"line":25,"column":2},"end":{"line":28,"column":null}},"10":{"start":{"line":28,"column":19},"end":{"line":28,"column":38}},"11":{"start":{"line":35,"column":14},"end":{"line":35,"column":null}},"12":{"start":{"line":37,"column":2},"end":{"line":57,"column":null}},"13":{"start":{"line":38,"column":4},"end":{"line":49,"column":null}},"14":{"start":{"line":51,"column":4},"end":{"line":55,"column":null}},"15":{"start":{"line":52,"column":6},"end":{"line":54,"column":null}},"16":{"start":{"line":56,"column":4},"end":{"line":56,"column":null}},"17":{"start":{"line":58,"column":2},"end":{"line":61,"column":null}},"18":{"start":{"line":59,"column":4},"end":{"line":59,"column":null}},"19":{"start":{"line":60,"column":4},"end":{"line":60,"column":null}},"20":{"start":{"line":62,"column":2},"end":{"line":65,"column":null}},"21":{"start":{"line":63,"column":17},"end":{"line":63,"column":null}},"22":{"start":{"line":63,"column":47},"end":{"line":63,"column":50}},"23":{"start":{"line":64,"column":4},"end":{"line":64,"column":null}},"24":{"start":{"line":66,"column":2},"end":{"line":66,"column":null}},"25":{"start":{"line":66,"column":26},"end":{"line":66,"column":null}},"26":{"start":{"line":67,"column":15},"end":{"line":67,"column":null}},"27":{"start":{"line":68,"column":2},"end":{"line":68,"column":null}},"28":{"start":{"line":68,"column":13},"end":{"line":68,"column":null}},"29":{"start":{"line":69,"column":2},"end":{"line":69,"column":null}},"30":{"start":{"line":76,"column":14},"end":{"line":76,"column":null}},"31":{"start":{"line":77,"column":14},"end":{"line":85,"column":null}},"32":{"start":{"line":86,"column":2},"end":{"line":89,"column":null}},"33":{"start":{"line":87,"column":17},"end":{"line":87,"column":null}},"34":{"start":{"line":87,"column":47},"end":{"line":87,"column":50}},"35":{"start":{"line":88,"column":4},"end":{"line":88,"column":null}},"36":{"start":{"line":90,"column":2},"end":{"line":90,"column":null}},"37":{"start":{"line":101,"column":14},"end":{"line":101,"column":null}},"38":{"start":{"line":102,"column":14},"end":{"line":110,"column":null}},"39":{"start":{"line":111,"column":2},"end":{"line":114,"column":null}},"40":{"start":{"line":112,"column":17},"end":{"line":112,"column":null}},"41":{"start":{"line":112,"column":47},"end":{"line":112,"column":50}},"42":{"start":{"line":113,"column":4},"end":{"line":113,"column":null}},"43":{"start":{"line":115,"column":2},"end":{"line":115,"column":null}}},"fnMap":{"0":{"name":"setOnUnauthorized","decl":{"start":{"line":6,"column":16},"end":{"line":6,"column":34}},"loc":{"start":{"line":6,"column":56},"end":{"line":8,"column":null}},"line":6},"1":{"name":"getAuthHeaders","decl":{"start":{"line":10,"column":16},"end":{"line":10,"column":46}},"loc":{"start":{"line":10,"column":46},"end":{"line":16,"column":null}},"line":10},"2":{"name":"fetchWithTimeout","decl":{"start":{"line":18,"column":9},"end":{"line":18,"column":null}},"loc":{"start":{"line":22,"column":21},"end":{"line":29,"column":null}},"line":22},"3":{"name":"(anonymous_3)","decl":{"start":{"line":24,"column":27},"end":{"line":24,"column":33}},"loc":{"start":{"line":24,"column":33},"end":{"line":24,"column":53}},"line":24},"4":{"name":"(anonymous_4)","decl":{"start":{"line":28,"column":13},"end":{"line":28,"column":19}},"loc":{"start":{"line":28,"column":19},"end":{"line":28,"column":38}},"line":28},"5":{"name":"api","decl":{"start":{"line":31,"column":22},"end":{"line":31,"column":null}},"loc":{"start":{"line":34,"column":14},"end":{"line":70,"column":null}},"line":34},"6":{"name":"(anonymous_6)","decl":{"start":{"line":63,"column":40},"end":{"line":63,"column":47}},"loc":{"start":{"line":63,"column":47},"end":{"line":63,"column":50}},"line":63},"7":{"name":"apiGetText","decl":{"start":{"line":75,"column":22},"end":{"line":75,"column":33}},"loc":{"start":{"line":75,"column":64},"end":{"line":91,"column":null}},"line":75},"8":{"name":"(anonymous_8)","decl":{"start":{"line":87,"column":40},"end":{"line":87,"column":47}},"loc":{"start":{"line":87,"column":47},"end":{"line":87,"column":50}},"line":87},"9":{"name":"apiDownloadBlob","decl":{"start":{"line":97,"column":22},"end":{"line":97,"column":null}},"loc":{"start":{"line":100,"column":17},"end":{"line":116,"column":null}},"line":100},"10":{"name":"(anonymous_10)","decl":{"start":{"line":112,"column":40},"end":{"line":112,"column":47}},"loc":{"start":{"line":112,"column":47},"end":{"line":112,"column":50}},"line":112}},"branchMap":{"0":{"loc":{"start":{"line":1,"column":17},"end":{"line":1,"column":null}},"type":"binary-expr","locations":[{"start":{"line":1,"column":17},"end":{"line":1,"column":49}},{"start":{"line":1,"column":49},"end":{"line":1,"column":null}}],"line":1},"1":{"loc":{"start":{"line":14,"column":8},"end":{"line":14,"column":null}},"type":"cond-expr","locations":[{"start":{"line":14,"column":16},"end":{"line":14,"column":55}},{"start":{"line":14,"column":55},"end":{"line":14,"column":null}}],"line":14},"2":{"loc":{"start":{"line":33,"column":2},"end":{"line":33,"column":null}},"type":"default-arg","locations":[{"start":{"line":33,"column":25},"end":{"line":33,"column":null}}],"line":33},"3":{"loc":{"start":{"line":51,"column":4},"end":{"line":55,"column":null}},"type":"if","locations":[{"start":{"line":51,"column":4},"end":{"line":55,"column":null}},{"start":{},"end":{}}],"line":51},"4":{"loc":{"start":{"line":51,"column":8},"end":{"line":51,"column":59}},"type":"binary-expr","locations":[{"start":{"line":51,"column":8},"end":{"line":51,"column":32}},{"start":{"line":51,"column":32},"end":{"line":51,"column":59}}],"line":51},"5":{"loc":{"start":{"line":58,"column":2},"end":{"line":61,"column":null}},"type":"if","locations":[{"start":{"line":58,"column":2},"end":{"line":61,"column":null}},{"start":{},"end":{}}],"line":58},"6":{"loc":{"start":{"line":62,"column":2},"end":{"line":65,"column":null}},"type":"if","locations":[{"start":{"line":62,"column":2},"end":{"line":65,"column":null}},{"start":{},"end":{}}],"line":62},"7":{"loc":{"start":{"line":64,"column":20},"end":{"line":64,"column":73}},"type":"binary-expr","locations":[{"start":{"line":64,"column":20},"end":{"line":64,"column":35}},{"start":{"line":64,"column":35},"end":{"line":64,"column":53}},{"start":{"line":64,"column":53},"end":{"line":64,"column":73}}],"line":64},"8":{"loc":{"start":{"line":66,"column":2},"end":{"line":66,"column":null}},"type":"if","locations":[{"start":{"line":66,"column":2},"end":{"line":66,"column":null}},{"start":{},"end":{}}],"line":66},"9":{"loc":{"start":{"line":68,"column":2},"end":{"line":68,"column":null}},"type":"if","locations":[{"start":{"line":68,"column":2},"end":{"line":68,"column":null}},{"start":{},"end":{}}],"line":68},"10":{"loc":{"start":{"line":86,"column":2},"end":{"line":89,"column":null}},"type":"if","locations":[{"start":{"line":86,"column":2},"end":{"line":89,"column":null}},{"start":{},"end":{}}],"line":86},"11":{"loc":{"start":{"line":88,"column":20},"end":{"line":88,"column":73}},"type":"binary-expr","locations":[{"start":{"line":88,"column":20},"end":{"line":88,"column":35}},{"start":{"line":88,"column":35},"end":{"line":88,"column":53}},{"start":{"line":88,"column":53},"end":{"line":88,"column":73}}],"line":88},"12":{"loc":{"start":{"line":109,"column":4},"end":{"line":109,"column":null}},"type":"binary-expr","locations":[{"start":{"line":109,"column":4},"end":{"line":109,"column":17}},{"start":{"line":109,"column":17},"end":{"line":109,"column":null}}],"line":109},"13":{"loc":{"start":{"line":111,"column":2},"end":{"line":114,"column":null}},"type":"if","locations":[{"start":{"line":111,"column":2},"end":{"line":114,"column":null}},{"start":{},"end":{}}],"line":111},"14":{"loc":{"start":{"line":113,"column":20},"end":{"line":113,"column":73}},"type":"binary-expr","locations":[{"start":{"line":113,"column":20},"end":{"line":113,"column":35}},{"start":{"line":113,"column":35},"end":{"line":113,"column":53}},{"start":{"line":113,"column":53},"end":{"line":113,"column":73}}],"line":113}},"s":{"0":2,"1":2,"2":2,"3":12,"4":21,"5":21,"6":19,"7":19,"8":0,"9":19,"10":19,"11":15,"12":15,"13":15,"14":2,"15":1,"16":1,"17":13,"18":2,"19":2,"20":11,"21":2,"22":0,"23":2,"24":9,"25":1,"26":8,"27":8,"28":0,"29":8,"30":2,"31":2,"32":2,"33":1,"34":0,"35":1,"36":1,"37":2,"38":2,"39":2,"40":1,"41":0,"42":1,"43":1},"f":{"0":12,"1":21,"2":19,"3":0,"4":19,"5":15,"6":0,"7":2,"8":0,"9":2,"10":0},"b":{"0":[2,0],"1":[2,19],"2":[15],"3":[1,1],"4":[2,2],"5":[2,11],"6":[2,9],"7":[2,1,0],"8":[1,8],"9":[0,8],"10":[1,1],"11":[1,0,0],"12":[2,2],"13":[1,1],"14":[1,0,0]},"meta":{"lastBranch":15,"lastFunction":11,"lastStatement":44,"seen":{"s:1:17:1:Infinity":0,"b:1:17:1:49:1:49:1:Infinity":0,"s:2:25:2:Infinity":1,"s:4:42:4:Infinity":2,"f:6:16:6:34":0,"s:7:2:7:Infinity":3,"f:10:16:10:46":1,"s:11:16:11:Infinity":4,"s:12:2:15:Infinity":5,"b:14:16:14:55:14:55:14:Infinity":1,"f:18:9:18:Infinity":2,"s:23:21:23:Infinity":6,"s:24:16:24:Infinity":7,"f:24:27:24:33":3,"s:24:33:24:53":8,"s:25:2:28:Infinity":9,"f:28:13:28:19":4,"s:28:19:28:38":10,"f:31:22:31:Infinity":5,"b:33:25:33:Infinity":2,"s:35:14:35:Infinity":11,"s:37:2:57:Infinity":12,"s:38:4:49:Infinity":13,"b:51:4:55:Infinity:undefined:undefined:undefined:undefined":3,"s:51:4:55:Infinity":14,"b:51:8:51:32:51:32:51:59":4,"s:52:6:54:Infinity":15,"s:56:4:56:Infinity":16,"b:58:2:61:Infinity:undefined:undefined:undefined:undefined":5,"s:58:2:61:Infinity":17,"s:59:4:59:Infinity":18,"s:60:4:60:Infinity":19,"b:62:2:65:Infinity:undefined:undefined:undefined:undefined":6,"s:62:2:65:Infinity":20,"s:63:17:63:Infinity":21,"f:63:40:63:47":6,"s:63:47:63:50":22,"s:64:4:64:Infinity":23,"b:64:20:64:35:64:35:64:53:64:53:64:73":7,"b:66:2:66:Infinity:undefined:undefined:undefined:undefined":8,"s:66:2:66:Infinity":24,"s:66:26:66:Infinity":25,"s:67:15:67:Infinity":26,"b:68:2:68:Infinity:undefined:undefined:undefined:undefined":9,"s:68:2:68:Infinity":27,"s:68:13:68:Infinity":28,"s:69:2:69:Infinity":29,"f:75:22:75:33":7,"s:76:14:76:Infinity":30,"s:77:14:85:Infinity":31,"b:86:2:89:Infinity:undefined:undefined:undefined:undefined":10,"s:86:2:89:Infinity":32,"s:87:17:87:Infinity":33,"f:87:40:87:47":8,"s:87:47:87:50":34,"s:88:4:88:Infinity":35,"b:88:20:88:35:88:35:88:53:88:53:88:73":11,"s:90:2:90:Infinity":36,"f:97:22:97:Infinity":9,"s:101:14:101:Infinity":37,"s:102:14:110:Infinity":38,"b:109:4:109:17:109:17:109:Infinity":12,"b:111:2:114:Infinity:undefined:undefined:undefined:undefined":13,"s:111:2:114:Infinity":39,"s:112:17:112:Infinity":40,"f:112:40:112:47":10,"s:112:47:112:50":41,"s:113:4:113:Infinity":42,"b:113:20:113:35:113:35:113:53:113:53:113:73":14,"s:115:2:115:Infinity":43}}}
,"C:\\Users\\gabry\\Documents\\Projetos\\nexus-system\\client\\src\\lib\\format.ts": {"path":"C:\\Users\\gabry\\Documents\\Projetos\\nexus-system\\client\\src\\lib\\format.ts","statementMap":{"0":{"start":{"line":5,"column":2},"end":{"line":8,"column":null}},"1":{"start":{"line":15,"column":2},"end":{"line":15,"column":null}},"2":{"start":{"line":22,"column":16},"end":{"line":22,"column":null}},"3":{"start":{"line":23,"column":2},"end":{"line":26,"column":null}},"4":{"start":{"line":34,"column":2},"end":{"line":34,"column":null}},"5":{"start":{"line":34,"column":31},"end":{"line":34,"column":null}},"6":{"start":{"line":35,"column":16},"end":{"line":35,"column":null}},"7":{"start":{"line":36,"column":2},"end":{"line":36,"column":null}},"8":{"start":{"line":44,"column":12},"end":{"line":44,"column":null}},"9":{"start":{"line":45,"column":2},"end":{"line":45,"column":null}},"10":{"start":{"line":45,"column":21},"end":{"line":45,"column":null}},"11":{"start":{"line":46,"column":2},"end":{"line":47,"column":null}},"12":{"start":{"line":47,"column":4},"end":{"line":47,"column":null}},"13":{"start":{"line":48,"column":2},"end":{"line":48,"column":null}},"14":{"start":{"line":55,"column":2},"end":{"line":55,"column":null}},"15":{"start":{"line":62,"column":12},"end":{"line":62,"column":null}},"16":{"start":{"line":63,"column":2},"end":{"line":63,"column":null}},"17":{"start":{"line":63,"column":21},"end":{"line":63,"column":null}},"18":{"start":{"line":64,"column":2},"end":{"line":64,"column":null}},"19":{"start":{"line":71,"column":2},"end":{"line":71,"column":null}},"20":{"start":{"line":79,"column":12},"end":{"line":82,"column":null}},"21":{"start":{"line":83,"column":2},"end":{"line":83,"column":null}},"22":{"start":{"line":83,"column":21},"end":{"line":83,"column":null}},"23":{"start":{"line":84,"column":2},"end":{"line":84,"column":null}},"24":{"start":{"line":91,"column":2},"end":{"line":91,"column":null}},"25":{"start":{"line":98,"column":12},"end":{"line":98,"column":null}},"26":{"start":{"line":99,"column":2},"end":{"line":99,"column":null}},"27":{"start":{"line":99,"column":21},"end":{"line":99,"column":null}},"28":{"start":{"line":100,"column":2},"end":{"line":100,"column":null}},"29":{"start":{"line":100,"column":21},"end":{"line":100,"column":null}},"30":{"start":{"line":101,"column":2},"end":{"line":101,"column":null}},"31":{"start":{"line":101,"column":21},"end":{"line":101,"column":null}},"32":{"start":{"line":102,"column":2},"end":{"line":103,"column":null}},"33":{"start":{"line":103,"column":4},"end":{"line":103,"column":null}},"34":{"start":{"line":104,"column":2},"end":{"line":104,"column":null}},"35":{"start":{"line":111,"column":2},"end":{"line":111,"column":null}},"36":{"start":{"line":118,"column":12},"end":{"line":118,"column":null}},"37":{"start":{"line":119,"column":2},"end":{"line":119,"column":null}},"38":{"start":{"line":119,"column":21},"end":{"line":119,"column":null}},"39":{"start":{"line":120,"column":2},"end":{"line":120,"column":null}},"40":{"start":{"line":120,"column":21},"end":{"line":120,"column":null}},"41":{"start":{"line":121,"column":2},"end":{"line":121,"column":null}},"42":{"start":{"line":121,"column":21},"end":{"line":121,"column":null}},"43":{"start":{"line":122,"column":2},"end":{"line":122,"column":null}},"44":{"start":{"line":131,"column":12},"end":{"line":131,"column":null}},"45":{"start":{"line":132,"column":2},"end":{"line":132,"column":null}},"46":{"start":{"line":132,"column":22},"end":{"line":132,"column":null}},"47":{"start":{"line":133,"column":2},"end":{"line":133,"column":null}},"48":{"start":{"line":140,"column":2},"end":{"line":140,"column":null}},"49":{"start":{"line":149,"column":2},"end":{"line":149,"column":null}},"50":{"start":{"line":149,"column":12},"end":{"line":149,"column":null}},"51":{"start":{"line":150,"column":2},"end":{"line":152,"column":null}},"52":{"start":{"line":151,"column":4},"end":{"line":151,"column":null}},"53":{"start":{"line":154,"column":20},"end":{"line":154,"column":null}},"54":{"start":{"line":155,"column":2},"end":{"line":155,"column":null}},"55":{"start":{"line":162,"column":12},"end":{"line":162,"column":null}},"56":{"start":{"line":163,"column":2},"end":{"line":167,"column":null}},"57":{"start":{"line":174,"column":12},"end":{"line":174,"column":null}},"58":{"start":{"line":175,"column":2},"end":{"line":180,"column":null}},"59":{"start":{"line":187,"column":2},"end":{"line":187,"column":null}},"60":{"start":{"line":187,"column":12},"end":{"line":187,"column":null}},"61":{"start":{"line":188,"column":12},"end":{"line":188,"column":null}},"62":{"start":{"line":189,"column":2},"end":{"line":195,"column":null}},"63":{"start":{"line":202,"column":2},"end":{"line":202,"column":null}},"64":{"start":{"line":202,"column":45},"end":{"line":202,"column":null}},"65":{"start":{"line":203,"column":2},"end":{"line":203,"column":null}},"66":{"start":{"line":209,"column":54},"end":{"line":215,"column":null}},"67":{"start":{"line":221,"column":12},"end":{"line":221,"column":null}},"68":{"start":{"line":222,"column":2},"end":{"line":222,"column":null}},"69":{"start":{"line":229,"column":12},"end":{"line":229,"column":null}},"70":{"start":{"line":230,"column":14},"end":{"line":230,"column":null}},"71":{"start":{"line":231,"column":17},"end":{"line":231,"column":null}},"72":{"start":{"line":232,"column":18},"end":{"line":232,"column":null}},"73":{"start":{"line":233,"column":16},"end":{"line":233,"column":null}},"74":{"start":{"line":234,"column":16},"end":{"line":234,"column":null}},"75":{"start":{"line":236,"column":2},"end":{"line":236,"column":null}},"76":{"start":{"line":236,"column":19},"end":{"line":236,"column":null}},"77":{"start":{"line":237,"column":2},"end":{"line":237,"column":null}},"78":{"start":{"line":237,"column":20},"end":{"line":237,"column":null}},"79":{"start":{"line":238,"column":2},"end":{"line":238,"column":null}},"80":{"start":{"line":238,"column":18},"end":{"line":238,"column":null}},"81":{"start":{"line":239,"column":2},"end":{"line":239,"column":null}},"82":{"start":{"line":239,"column":17},"end":{"line":239,"column":null}},"83":{"start":{"line":240,"column":2},"end":{"line":240,"column":null}},"84":{"start":{"line":240,"column":18},"end":{"line":240,"column":null}},"85":{"start":{"line":241,"column":2},"end":{"line":241,"column":null}},"86":{"start":{"line":248,"column":2},"end":{"line":248,"column":null}},"87":{"start":{"line":248,"column":20},"end":{"line":248,"column":null}},"88":{"start":{"line":249,"column":12},"end":{"line":249,"column":null}},"89":{"start":{"line":250,"column":12},"end":{"line":250,"column":null}},"90":{"start":{"line":251,"column":2},"end":{"line":251,"column":null}},"91":{"start":{"line":258,"column":14},"end":{"line":258,"column":null}},"92":{"start":{"line":259,"column":14},"end":{"line":259,"column":null}},"93":{"start":{"line":260,"column":17},"end":{"line":260,"column":null}},"94":{"start":{"line":261,"column":16},"end":{"line":261,"column":null}},"95":{"start":{"line":262,"column":16},"end":{"line":262,"column":null}},"96":{"start":{"line":264,"column":2},"end":{"line":264,"column":null}},"97":{"start":{"line":264,"column":34},"end":{"line":264,"column":null}},"98":{"start":{"line":265,"column":2},"end":{"line":265,"column":null}},"99":{"start":{"line":265,"column":19},"end":{"line":265,"column":null}},"100":{"start":{"line":266,"column":2},"end":{"line":266,"column":null}},"101":{"start":{"line":266,"column":19},"end":{"line":266,"column":null}},"102":{"start":{"line":267,"column":2},"end":{"line":267,"column":null}},"103":{"start":{"line":271,"column":2},"end":{"line":271,"column":null}}},"fnMap":{"0":{"name":"formatarMoeda","decl":{"start":{"line":4,"column":16},"end":{"line":4,"column":30}},"loc":{"start":{"line":4,"column":53},"end":{"line":9,"column":null}},"line":4},"1":{"name":"formatarMoedaDeCentavos","decl":{"start":{"line":14,"column":16},"end":{"line":14,"column":40}},"loc":{"start":{"line":14,"column":66},"end":{"line":16,"column":null}},"line":14},"2":{"name":"centavosParaReais","decl":{"start":{"line":21,"column":16},"end":{"line":21,"column":34}},"loc":{"start":{"line":21,"column":60},"end":{"line":27,"column":null}},"line":21},"3":{"name":"reaisParaCentavos","decl":{"start":{"line":33,"column":16},"end":{"line":33,"column":34}},"loc":{"start":{"line":33,"column":64},"end":{"line":37,"column":null}},"line":33},"4":{"name":"formatarTelefone","decl":{"start":{"line":43,"column":16},"end":{"line":43,"column":33}},"loc":{"start":{"line":43,"column":54},"end":{"line":49,"column":null}},"line":43},"5":{"name":"telefoneApenasDigitos","decl":{"start":{"line":54,"column":16},"end":{"line":54,"column":38}},"loc":{"start":{"line":54,"column":59},"end":{"line":56,"column":null}},"line":54},"6":{"name":"formatarCEP","decl":{"start":{"line":61,"column":16},"end":{"line":61,"column":28}},"loc":{"start":{"line":61,"column":49},"end":{"line":65,"column":null}},"line":61},"7":{"name":"cepApenasDigitos","decl":{"start":{"line":70,"column":16},"end":{"line":70,"column":33}},"loc":{"start":{"line":70,"column":54},"end":{"line":72,"column":null}},"line":70},"8":{"name":"formatarPlaca","decl":{"start":{"line":78,"column":16},"end":{"line":78,"column":30}},"loc":{"start":{"line":78,"column":51},"end":{"line":85,"column":null}},"line":78},"9":{"name":"placaApenasAlfanumericos","decl":{"start":{"line":90,"column":16},"end":{"line":90,"column":41}},"loc":{"start":{"line":90,"column":62},"end":{"line":92,"column":null}},"line":90},"10":{"name":"formatarCNPJ","decl":{"start":{"line":97,"column":16},"end":{"line":97,"column":29}},"loc":{"start":{"line":97,"column":50},"end":{"line":105,"column":null}},"line":97},"11":{"name":"cnpjApenasDigitos","decl":{"start":{"line":110,"column":16},"end":{"line":110,"column":34}},"loc":{"start":{"line":110,"column":55},"end":{"line":112,"column":null}},"line":110},"12":{"name":"formatarCPF","decl":{"start":{"line":117,"column":16},"end":{"line":117,"column":28}},"loc":{"start":{"line":117,"column":49},"end":{"line":123,"column":null}},"line":117},"13":{"name":"formatarCPFCNPJ","decl":{"start":{"line":130,"column":16},"end":{"line":130,"column":32}},"loc":{"start":{"line":130,"column":53},"end":{"line":134,"column":null}},"line":130},"14":{"name":"cpfCnpjApenasDigitos","decl":{"start":{"line":139,"column":16},"end":{"line":139,"column":37}},"loc":{"start":{"line":139,"column":58},"end":{"line":141,"column":null}},"line":139},"15":{"name":"parseDataLocal","decl":{"start":{"line":148,"column":16},"end":{"line":148,"column":31}},"loc":{"start":{"line":148,"column":50},"end":{"line":156,"column":null}},"line":148},"16":{"name":"formatarDataCompleta","decl":{"start":{"line":161,"column":16},"end":{"line":161,"column":37}},"loc":{"start":{"line":161,"column":58},"end":{"line":168,"column":null}},"line":161},"17":{"name":"formatarDataHoraCurta","decl":{"start":{"line":173,"column":16},"end":{"line":173,"column":38}},"loc":{"start":{"line":173,"column":59},"end":{"line":181,"column":null}},"line":173},"18":{"name":"formatarDataHora","decl":{"start":{"line":186,"column":16},"end":{"line":186,"column":33}},"loc":{"start":{"line":186,"column":54},"end":{"line":196,"column":null}},"line":186},"19":{"name":"formatarMoedaOpcional","decl":{"start":{"line":201,"column":16},"end":{"line":201,"column":38}},"loc":{"start":{"line":201,"column":69},"end":{"line":204,"column":null}},"line":201},"20":{"name":"formatarDataCurta","decl":{"start":{"line":220,"column":16},"end":{"line":220,"column":34}},"loc":{"start":{"line":220,"column":56},"end":{"line":223,"column":null}},"line":220},"21":{"name":"formatarFromNow","decl":{"start":{"line":228,"column":16},"end":{"line":228,"column":32}},"loc":{"start":{"line":228,"column":59},"end":{"line":242,"column":null}},"line":228},"22":{"name":"formatarTempoMinutos","decl":{"start":{"line":247,"column":16},"end":{"line":247,"column":37}},"loc":{"start":{"line":247,"column":62},"end":{"line":252,"column":null}},"line":247},"23":{"name":"formatarDuracao","decl":{"start":{"line":257,"column":16},"end":{"line":257,"column":32}},"loc":{"start":{"line":257,"column":77},"end":{"line":268,"column":null}},"line":257},"24":{"name":"formatId","decl":{"start":{"line":270,"column":16},"end":{"line":270,"column":25}},"loc":{"start":{"line":270,"column":45},"end":{"line":272,"column":null}},"line":270}},"branchMap":{"0":{"loc":{"start":{"line":34,"column":2},"end":{"line":34,"column":null}},"type":"if","locations":[{"start":{"line":34,"column":2},"end":{"line":34,"column":null}},{"start":{},"end":{}}],"line":34},"1":{"loc":{"start":{"line":36,"column":18},"end":{"line":36,"column":32}},"type":"binary-expr","locations":[{"start":{"line":36,"column":18},"end":{"line":36,"column":27}},{"start":{"line":36,"column":27},"end":{"line":36,"column":32}}],"line":36},"2":{"loc":{"start":{"line":45,"column":2},"end":{"line":45,"column":null}},"type":"if","locations":[{"start":{"line":45,"column":2},"end":{"line":45,"column":null}},{"start":{},"end":{}}],"line":45},"3":{"loc":{"start":{"line":45,"column":28},"end":{"line":45,"column":null}},"type":"cond-expr","locations":[{"start":{"line":45,"column":32},"end":{"line":45,"column":42}},{"start":{"line":45,"column":42},"end":{"line":45,"column":null}}],"line":45},"4":{"loc":{"start":{"line":46,"column":2},"end":{"line":47,"column":null}},"type":"if","locations":[{"start":{"line":46,"column":2},"end":{"line":47,"column":null}},{"start":{},"end":{}}],"line":46},"5":{"loc":{"start":{"line":47,"column":49},"end":{"line":47,"column":89}},"type":"cond-expr","locations":[{"start":{"line":47,"column":64},"end":{"line":47,"column":87}},{"start":{"line":47,"column":87},"end":{"line":47,"column":89}}],"line":47},"6":{"loc":{"start":{"line":63,"column":2},"end":{"line":63,"column":null}},"type":"if","locations":[{"start":{"line":63,"column":2},"end":{"line":63,"column":null}},{"start":{},"end":{}}],"line":63},"7":{"loc":{"start":{"line":83,"column":2},"end":{"line":83,"column":null}},"type":"if","locations":[{"start":{"line":83,"column":2},"end":{"line":83,"column":null}},{"start":{},"end":{}}],"line":83},"8":{"loc":{"start":{"line":99,"column":2},"end":{"line":99,"column":null}},"type":"if","locations":[{"start":{"line":99,"column":2},"end":{"line":99,"column":null}},{"start":{},"end":{}}],"line":99},"9":{"loc":{"start":{"line":100,"column":2},"end":{"line":100,"column":null}},"type":"if","locations":[{"start":{"line":100,"column":2},"end":{"line":100,"column":null}},{"start":{},"end":{}}],"line":100},"10":{"loc":{"start":{"line":101,"column":2},"end":{"line":101,"column":null}},"type":"if","locations":[{"start":{"line":101,"column":2},"end":{"line":101,"column":null}},{"start":{},"end":{}}],"line":101},"11":{"loc":{"start":{"line":102,"column":2},"end":{"line":103,"column":null}},"type":"if","locations":[{"start":{"line":102,"column":2},"end":{"line":103,"column":null}},{"start":{},"end":{}}],"line":102},"12":{"loc":{"start":{"line":119,"column":2},"end":{"line":119,"column":null}},"type":"if","locations":[{"start":{"line":119,"column":2},"end":{"line":119,"column":null}},{"start":{},"end":{}}],"line":119},"13":{"loc":{"start":{"line":120,"column":2},"end":{"line":120,"column":null}},"type":"if","locations":[{"start":{"line":120,"column":2},"end":{"line":120,"column":null}},{"start":{},"end":{}}],"line":120},"14":{"loc":{"start":{"line":121,"column":2},"end":{"line":121,"column":null}},"type":"if","locations":[{"start":{"line":121,"column":2},"end":{"line":121,"column":null}},{"start":{},"end":{}}],"line":121},"15":{"loc":{"start":{"line":132,"column":2},"end":{"line":132,"column":null}},"type":"if","locations":[{"start":{"line":132,"column":2},"end":{"line":132,"column":null}},{"start":{},"end":{}}],"line":132},"16":{"loc":{"start":{"line":149,"column":2},"end":{"line":149,"column":null}},"type":"if","locations":[{"start":{"line":149,"column":2},"end":{"line":149,"column":null}},{"start":{},"end":{}}],"line":149},"17":{"loc":{"start":{"line":150,"column":2},"end":{"line":152,"column":null}},"type":"if","locations":[{"start":{"line":150,"column":2},"end":{"line":152,"column":null}},{"start":{},"end":{}}],"line":150},"18":{"loc":{"start":{"line":155,"column":22},"end":{"line":155,"column":32}},"type":"binary-expr","locations":[{"start":{"line":155,"column":22},"end":{"line":155,"column":27}},{"start":{"line":155,"column":27},"end":{"line":155,"column":32}}],"line":155},"19":{"loc":{"start":{"line":155,"column":35},"end":{"line":155,"column":43}},"type":"binary-expr","locations":[{"start":{"line":155,"column":35},"end":{"line":155,"column":40}},{"start":{"line":155,"column":40},"end":{"line":155,"column":43}}],"line":155},"20":{"loc":{"start":{"line":187,"column":2},"end":{"line":187,"column":null}},"type":"if","locations":[{"start":{"line":187,"column":2},"end":{"line":187,"column":null}},{"start":{},"end":{}}],"line":187},"21":{"loc":{"start":{"line":202,"column":2},"end":{"line":202,"column":null}},"type":"if","locations":[{"start":{"line":202,"column":2},"end":{"line":202,"column":null}},{"start":{},"end":{}}],"line":202},"22":{"loc":{"start":{"line":202,"column":6},"end":{"line":202,"column":45}},"type":"binary-expr","locations":[{"start":{"line":202,"column":6},"end":{"line":202,"column":24}},{"start":{"line":202,"column":24},"end":{"line":202,"column":45}}],"line":202},"23":{"loc":{"start":{"line":236,"column":2},"end":{"line":236,"column":null}},"type":"if","locations":[{"start":{"line":236,"column":2},"end":{"line":236,"column":null}},{"start":{},"end":{}}],"line":236},"24":{"loc":{"start":{"line":237,"column":2},"end":{"line":237,"column":null}},"type":"if","locations":[{"start":{"line":237,"column":2},"end":{"line":237,"column":null}},{"start":{},"end":{}}],"line":237},"25":{"loc":{"start":{"line":238,"column":2},"end":{"line":238,"column":null}},"type":"if","locations":[{"start":{"line":238,"column":2},"end":{"line":238,"column":null}},{"start":{},"end":{}}],"line":238},"26":{"loc":{"start":{"line":239,"column":2},"end":{"line":239,"column":null}},"type":"if","locations":[{"start":{"line":239,"column":2},"end":{"line":239,"column":null}},{"start":{},"end":{}}],"line":239},"27":{"loc":{"start":{"line":240,"column":2},"end":{"line":240,"column":null}},"type":"if","locations":[{"start":{"line":240,"column":2},"end":{"line":240,"column":null}},{"start":{},"end":{}}],"line":240},"28":{"loc":{"start":{"line":248,"column":2},"end":{"line":248,"column":null}},"type":"if","locations":[{"start":{"line":248,"column":2},"end":{"line":248,"column":null}},{"start":{},"end":{}}],"line":248},"29":{"loc":{"start":{"line":251,"column":9},"end":{"line":251,"column":null}},"type":"cond-expr","locations":[{"start":{"line":251,"column":19},"end":{"line":251,"column":29}},{"start":{"line":251,"column":29},"end":{"line":251,"column":null}}],"line":251},"30":{"loc":{"start":{"line":264,"column":2},"end":{"line":264,"column":null}},"type":"if","locations":[{"start":{"line":264,"column":2},"end":{"line":264,"column":null}},{"start":{},"end":{}}],"line":264},"31":{"loc":{"start":{"line":264,"column":6},"end":{"line":264,"column":34}},"type":"binary-expr","locations":[{"start":{"line":264,"column":6},"end":{"line":264,"column":21}},{"start":{"line":264,"column":21},"end":{"line":264,"column":34}}],"line":264},"32":{"loc":{"start":{"line":265,"column":2},"end":{"line":265,"column":null}},"type":"if","locations":[{"start":{"line":265,"column":2},"end":{"line":265,"column":null}},{"start":{},"end":{}}],"line":265},"33":{"loc":{"start":{"line":266,"column":2},"end":{"line":266,"column":null}},"type":"if","locations":[{"start":{"line":266,"column":2},"end":{"line":266,"column":null}},{"start":{},"end":{}}],"line":266},"34":{"loc":{"start":{"line":266,"column":38},"end":{"line":266,"column":66}},"type":"cond-expr","locations":[{"start":{"line":266,"column":52},"end":{"line":266,"column":60}},{"start":{"line":266,"column":60},"end":{"line":266,"column":66}}],"line":266},"35":{"loc":{"start":{"line":267,"column":21},"end":{"line":267,"column":49}},"type":"cond-expr","locations":[{"start":{"line":267,"column":35},"end":{"line":267,"column":43}},{"start":{"line":267,"column":43},"end":{"line":267,"column":49}}],"line":267}},"s":{"0":8,"1":3,"2":3,"3":3,"4":6,"5":2,"6":4,"7":4,"8":10,"9":10,"10":5,"11":5,"12":5,"13":3,"14":2,"15":39,"16":39,"17":22,"18":17,"19":17,"20":8,"21":8,"22":4,"23":4,"24":12,"25":9,"26":9,"27":3,"28":6,"29":6,"30":5,"31":5,"32":4,"33":4,"34":3,"35":2,"36":5,"37":5,"38":1,"39":4,"40":4,"41":3,"42":3,"43":2,"44":2,"45":2,"46":1,"47":1,"48":0,"49":19,"50":1,"51":18,"52":10,"53":8,"54":8,"55":1,"56":1,"57":0,"58":0,"59":2,"60":1,"61":1,"62":1,"63":0,"64":0,"65":0,"66":6,"67":0,"68":0,"69":4,"70":4,"71":4,"72":4,"73":4,"74":4,"75":4,"76":1,"77":3,"78":3,"79":2,"80":2,"81":1,"82":1,"83":0,"84":0,"85":0,"86":4,"87":2,"88":2,"89":2,"90":2,"91":5,"92":5,"93":5,"94":5,"95":5,"96":5,"97":1,"98":4,"99":1,"100":3,"101":3,"102":1,"103":3},"f":{"0":8,"1":3,"2":3,"3":6,"4":10,"5":2,"6":39,"7":17,"8":8,"9":12,"10":9,"11":2,"12":5,"13":2,"14":0,"15":19,"16":1,"17":0,"18":2,"19":0,"20":0,"21":4,"22":4,"23":5,"24":3},"b":{"0":[2,4],"1":[4,1],"2":[5,5],"3":[4,1],"4":[2,3],"5":[2,0],"6":[22,17],"7":[4,4],"8":[3,6],"9":[1,5],"10":[1,4],"11":[1,3],"12":[1,4],"13":[1,3],"14":[1,2],"15":[1,1],"16":[1,18],"17":[10,8],"18":[8,0],"19":[19,0],"20":[1,1],"21":[0,0],"22":[0,0],"23":[1,3],"24":[1,2],"25":[1,1],"26":[1,0],"27":[0,0],"28":[2,2],"29":[1,1],"30":[1,4],"31":[5,2],"32":[1,3],"33":[2,1],"34":[1,1],"35":[1,0]},"meta":{"lastBranch":36,"lastFunction":25,"lastStatement":104,"seen":{"f:4:16:4:30":0,"s:5:2:8:Infinity":0,"f:14:16:14:40":1,"s:15:2:15:Infinity":1,"f:21:16:21:34":2,"s:22:16:22:Infinity":2,"s:23:2:26:Infinity":3,"f:33:16:33:34":3,"b:34:2:34:Infinity:undefined:undefined:undefined:undefined":0,"s:34:2:34:Infinity":4,"s:34:31:34:Infinity":5,"s:35:16:35:Infinity":6,"s:36:2:36:Infinity":7,"b:36:18:36:27:36:27:36:32":1,"f:43:16:43:33":4,"s:44:12:44:Infinity":8,"b:45:2:45:Infinity:undefined:undefined:undefined:undefined":2,"s:45:2:45:Infinity":9,"s:45:21:45:Infinity":10,"b:45:32:45:42:45:42:45:Infinity":3,"b:46:2:47:Infinity:undefined:undefined:undefined:undefined":4,"s:46:2:47:Infinity":11,"s:47:4:47:Infinity":12,"b:47:64:47:87:47:87:47:89":5,"s:48:2:48:Infinity":13,"f:54:16:54:38":5,"s:55:2:55:Infinity":14,"f:61:16:61:28":6,"s:62:12:62:Infinity":15,"b:63:2:63:Infinity:undefined:undefined:undefined:undefined":6,"s:63:2:63:Infinity":16,"s:63:21:63:Infinity":17,"s:64:2:64:Infinity":18,"f:70:16:70:33":7,"s:71:2:71:Infinity":19,"f:78:16:78:30":8,"s:79:12:82:Infinity":20,"b:83:2:83:Infinity:undefined:undefined:undefined:undefined":7,"s:83:2:83:Infinity":21,"s:83:21:83:Infinity":22,"s:84:2:84:Infinity":23,"f:90:16:90:41":9,"s:91:2:91:Infinity":24,"f:97:16:97:29":10,"s:98:12:98:Infinity":25,"b:99:2:99:Infinity:undefined:undefined:undefined:undefined":8,"s:99:2:99:Infinity":26,"s:99:21:99:Infinity":27,"b:100:2:100:Infinity:undefined:undefined:undefined:undefined":9,"s:100:2:100:Infinity":28,"s:100:21:100:Infinity":29,"b:101:2:101:Infinity:undefined:undefined:undefined:undefined":10,"s:101:2:101:Infinity":30,"s:101:21:101:Infinity":31,"b:102:2:103:Infinity:undefined:undefined:undefined:undefined":11,"s:102:2:103:Infinity":32,"s:103:4:103:Infinity":33,"s:104:2:104:Infinity":34,"f:110:16:110:34":11,"s:111:2:111:Infinity":35,"f:117:16:117:28":12,"s:118:12:118:Infinity":36,"b:119:2:119:Infinity:undefined:undefined:undefined:undefined":12,"s:119:2:119:Infinity":37,"s:119:21:119:Infinity":38,"b:120:2:120:Infinity:undefined:undefined:undefined:undefined":13,"s:120:2:120:Infinity":39,"s:120:21:120:Infinity":40,"b:121:2:121:Infinity:undefined:undefined:undefined:undefined":14,"s:121:2:121:Infinity":41,"s:121:21:121:Infinity":42,"s:122:2:122:Infinity":43,"f:130:16:130:32":13,"s:131:12:131:Infinity":44,"b:132:2:132:Infinity:undefined:undefined:undefined:undefined":15,"s:132:2:132:Infinity":45,"s:132:22:132:Infinity":46,"s:133:2:133:Infinity":47,"f:139:16:139:37":14,"s:140:2:140:Infinity":48,"f:148:16:148:31":15,"b:149:2:149:Infinity:undefined:undefined:undefined:undefined":16,"s:149:2:149:Infinity":49,"s:149:12:149:Infinity":50,"b:150:2:152:Infinity:undefined:undefined:undefined:undefined":17,"s:150:2:152:Infinity":51,"s:151:4:151:Infinity":52,"s:154:20:154:Infinity":53,"s:155:2:155:Infinity":54,"b:155:22:155:27:155:27:155:32":18,"b:155:35:155:40:155:40:155:43":19,"f:161:16:161:37":16,"s:162:12:162:Infinity":55,"s:163:2:167:Infinity":56,"f:173:16:173:38":17,"s:174:12:174:Infinity":57,"s:175:2:180:Infinity":58,"f:186:16:186:33":18,"b:187:2:187:Infinity:undefined:undefined:undefined:undefined":20,"s:187:2:187:Infinity":59,"s:187:12:187:Infinity":60,"s:188:12:188:Infinity":61,"s:189:2:195:Infinity":62,"f:201:16:201:38":19,"b:202:2:202:Infinity:undefined:undefined:undefined:undefined":21,"s:202:2:202:Infinity":63,"b:202:6:202:24:202:24:202:45":22,"s:202:45:202:Infinity":64,"s:203:2:203:Infinity":65,"s:209:54:215:Infinity":66,"f:220:16:220:34":20,"s:221:12:221:Infinity":67,"s:222:2:222:Infinity":68,"f:228:16:228:32":21,"s:229:12:229:Infinity":69,"s:230:14:230:Infinity":70,"s:231:17:231:Infinity":71,"s:232:18:232:Infinity":72,"s:233:16:233:Infinity":73,"s:234:16:234:Infinity":74,"b:236:2:236:Infinity:undefined:undefined:undefined:undefined":23,"s:236:2:236:Infinity":75,"s:236:19:236:Infinity":76,"b:237:2:237:Infinity:undefined:undefined:undefined:undefined":24,"s:237:2:237:Infinity":77,"s:237:20:237:Infinity":78,"b:238:2:238:Infinity:undefined:undefined:undefined:undefined":25,"s:238:2:238:Infinity":79,"s:238:18:238:Infinity":80,"b:239:2:239:Infinity:undefined:undefined:undefined:undefined":26,"s:239:2:239:Infinity":81,"s:239:17:239:Infinity":82,"b:240:2:240:Infinity:undefined:undefined:undefined:undefined":27,"s:240:2:240:Infinity":83,"s:240:18:240:Infinity":84,"s:241:2:241:Infinity":85,"f:247:16:247:37":22,"b:248:2:248:Infinity:undefined:undefined:undefined:undefined":28,"s:248:2:248:Infinity":86,"s:248:20:248:Infinity":87,"s:249:12:249:Infinity":88,"s:250:12:250:Infinity":89,"s:251:2:251:Infinity":90,"b:251:19:251:29:251:29:251:Infinity":29,"f:257:16:257:32":23,"s:258:14:258:Infinity":91,"s:259:14:259:Infinity":92,"s:260:17:260:Infinity":93,"s:261:16:261:Infinity":94,"s:262:16:262:Infinity":95,"b:264:2:264:Infinity:undefined:undefined:undefined:undefined":30,"s:264:2:264:Infinity":96,"b:264:6:264:21:264:21:264:34":31,"s:264:34:264:Infinity":97,"b:265:2:265:Infinity:undefined:undefined:undefined:undefined":32,"s:265:2:265:Infinity":98,"s:265:19:265:Infinity":99,"b:266:2:266:Infinity:undefined:undefined:undefined:undefined":33,"s:266:2:266:Infinity":100,"s:266:19:266:Infinity":101,"b:266:52:266:60:266:60:266:66":34,"s:267:2:267:Infinity":102,"b:267:35:267:43:267:43:267:49":35,"f:270:16:270:25":24,"s:271:2:271:Infinity":103}}}
,"C:\\Users\\gabry\\Documents\\Projetos\\nexus-system\\client\\src\\lib\\utils.ts": {"path":"C:\\Users\\gabry\\Documents\\Projetos\\nexus-system\\client\\src\\lib\\utils.ts","statementMap":{"0":{"start":{"line":5,"column":2},"end":{"line":5,"column":null}}},"fnMap":{"0":{"name":"cn","decl":{"start":{"line":4,"column":16},"end":{"line":4,"column":22}},"loc":{"start":{"line":4,"column":44},"end":{"line":6,"column":null}},"line":4}},"branchMap":{},"s":{"0":317},"f":{"0":317},"b":{},"meta":{"lastBranch":0,"lastFunction":1,"lastStatement":1,"seen":{"f:4:16:4:22":0,"s:5:2:5:Infinity":0}}}
,"C:\\Users\\gabry\\Documents\\Projetos\\nexus-system\\client\\src\\pages\\Login.tsx": {"path":"C:\\Users\\gabry\\Documents\\Projetos\\nexus-system\\client\\src\\pages\\Login.tsx","statementMap":{"0":{"start":{"line":21,"column":15},"end":{"line":24,"column":null}},"1":{"start":{"line":29,"column":8},"end":{"line":29,"column":null}},"2":{"start":{"line":30,"column":8},"end":{"line":30,"column":null}},"3":{"start":{"line":31,"column":16},"end":{"line":31,"column":null}},"4":{"start":{"line":32,"column":28},"end":{"line":32,"column":null}},"5":{"start":{"line":33,"column":32},"end":{"line":33,"column":null}},"6":{"start":{"line":34,"column":42},"end":{"line":34,"column":null}},"7":{"start":{"line":35,"column":52},"end":{"line":35,"column":null}},"8":{"start":{"line":38,"column":5},"end":{"line":38,"column":null}},"9":{"start":{"line":44,"column":2},"end":{"line":47,"column":null}},"10":{"start":{"line":50,"column":4},"end":{"line":50,"column":null}},"11":{"start":{"line":51,"column":4},"end":{"line":64,"column":null}},"12":{"start":{"line":52,"column":18},"end":{"line":52,"column":null}},"13":{"start":{"line":53,"column":6},"end":{"line":53,"column":null}},"14":{"start":{"line":54,"column":6},"end":{"line":59,"column":null}},"15":{"start":{"line":55,"column":8},"end":{"line":55,"column":null}},"16":{"start":{"line":56,"column":8},"end":{"line":56,"column":null}},"17":{"start":{"line":58,"column":8},"end":{"line":58,"column":null}},"18":{"start":{"line":61,"column":6},"end":{"line":61,"column":null}},"19":{"start":{"line":63,"column":6},"end":{"line":63,"column":null}},"20":{"start":{"line":68,"column":4},"end":{"line":68,"column":null}},"21":{"start":{"line":69,"column":4},"end":{"line":69,"column":null}},"22":{"start":{"line":70,"column":4},"end":{"line":70,"column":null}},"23":{"start":{"line":73,"column":2},"end":{"line":140,"column":null}},"24":{"start":{"line":110,"column":33},"end":{"line":110,"column":null}},"25":{"start":{"line":110,"column":53},"end":{"line":110,"column":55}}},"fnMap":{"0":{"name":"Login","decl":{"start":{"line":28,"column":16},"end":{"line":28,"column":24}},"loc":{"start":{"line":28,"column":24},"end":{"line":142,"column":null}},"line":28},"1":{"name":"onSubmit","decl":{"start":{"line":49,"column":17},"end":{"line":49,"column":26}},"loc":{"start":{"line":49,"column":42},"end":{"line":65,"column":null}},"line":49},"2":{"name":"handleTrocaSenhaSuccess","decl":{"start":{"line":67,"column":11},"end":{"line":67,"column":37}},"loc":{"start":{"line":67,"column":37},"end":{"line":71,"column":null}},"line":67},"3":{"name":"(anonymous_3)","decl":{"start":{"line":110,"column":27},"end":{"line":110,"column":33}},"loc":{"start":{"line":110,"column":33},"end":{"line":110,"column":null}},"line":110},"4":{"name":"(anonymous_4)","decl":{"start":{"line":110,"column":46},"end":{"line":110,"column":47}},"loc":{"start":{"line":110,"column":53},"end":{"line":110,"column":55}},"line":110}},"branchMap":{"0":{"loc":{"start":{"line":38,"column":5},"end":{"line":38,"column":null}},"type":"binary-expr","locations":[{"start":{"line":38,"column":5},"end":{"line":38,"column":75}},{"start":{"line":38,"column":75},"end":{"line":38,"column":null}}],"line":38},"1":{"loc":{"start":{"line":54,"column":6},"end":{"line":59,"column":null}},"type":"if","locations":[{"start":{"line":54,"column":6},"end":{"line":59,"column":null}},{"start":{"line":57,"column":13},"end":{"line":59,"column":null}}],"line":54},"2":{"loc":{"start":{"line":61,"column":18},"end":{"line":61,"column":78}},"type":"cond-expr","locations":[{"start":{"line":61,"column":41},"end":{"line":61,"column":55}},{"start":{"line":61,"column":55},"end":{"line":61,"column":78}}],"line":61},"3":{"loc":{"start":{"line":91,"column":15},"end":{"line":94,"column":null}},"type":"binary-expr","locations":[{"start":{"line":91,"column":15},"end":{"line":91,"column":null}},{"start":{"line":92,"column":16},"end":{"line":94,"column":null}}],"line":91},"4":{"loc":{"start":{"line":102,"column":24},"end":{"line":102,"column":null}},"type":"cond-expr","locations":[{"start":{"line":102,"column":36},"end":{"line":102,"column":45}},{"start":{"line":102,"column":45},"end":{"line":102,"column":null}}],"line":102},"5":{"loc":{"start":{"line":112,"column":30},"end":{"line":112,"column":null}},"type":"cond-expr","locations":[{"start":{"line":112,"column":42},"end":{"line":112,"column":60}},{"start":{"line":112,"column":60},"end":{"line":112,"column":null}}],"line":112},"6":{"loc":{"start":{"line":114,"column":19},"end":{"line":117,"column":null}},"type":"cond-expr","locations":[{"start":{"line":115,"column":20},"end":{"line":115,"column":null}},{"start":{"line":117,"column":20},"end":{"line":117,"column":null}}],"line":114},"7":{"loc":{"start":{"line":121,"column":15},"end":{"line":124,"column":null}},"type":"binary-expr","locations":[{"start":{"line":121,"column":15},"end":{"line":121,"column":null}},{"start":{"line":122,"column":16},"end":{"line":124,"column":null}}],"line":121},"8":{"loc":{"start":{"line":128,"column":15},"end":{"line":128,"column":null}},"type":"cond-expr","locations":[{"start":{"line":128,"column":25},"end":{"line":128,"column":41}},{"start":{"line":128,"column":41},"end":{"line":128,"column":null}}],"line":128}},"s":{"0":1,"1":24,"2":24,"3":24,"4":24,"5":24,"6":24,"7":24,"8":24,"9":24,"10":4,"11":4,"12":4,"13":3,"14":3,"15":1,"16":1,"17":2,"18":1,"19":4,"20":0,"21":0,"22":0,"23":24,"24":2,"25":2},"f":{"0":24,"1":4,"2":0,"3":2,"4":2},"b":{"0":[24,24],"1":[1,2],"2":[1,0],"3":[24,2],"4":[1,23],"5":[1,23],"6":[1,23],"7":[24,1],"8":[0,24]},"meta":{"lastBranch":9,"lastFunction":5,"lastStatement":26,"seen":{"s:21:15:24:Infinity":0,"f:28:16:28:24":0,"s:29:8:29:Infinity":1,"s:30:8:30:Infinity":2,"s:31:16:31:Infinity":3,"s:32:28:32:Infinity":4,"s:33:32:33:Infinity":5,"s:34:42:34:Infinity":6,"s:35:52:35:Infinity":7,"s:38:5:38:Infinity":8,"b:38:5:38:75:38:75:38:Infinity":0,"s:44:2:47:Infinity":9,"f:49:17:49:26":1,"s:50:4:50:Infinity":10,"s:51:4:64:Infinity":11,"s:52:18:52:Infinity":12,"s:53:6:53:Infinity":13,"b:54:6:59:Infinity:57:13:59:Infinity":1,"s:54:6:59:Infinity":14,"s:55:8:55:Infinity":15,"s:56:8:56:Infinity":16,"s:58:8:58:Infinity":17,"s:61:6:61:Infinity":18,"b:61:41:61:55:61:55:61:78":2,"s:63:6:63:Infinity":19,"f:67:11:67:37":2,"s:68:4:68:Infinity":20,"s:69:4:69:Infinity":21,"s:70:4:70:Infinity":22,"s:73:2:140:Infinity":23,"b:91:15:91:Infinity:92:16:94:Infinity":3,"b:102:36:102:45:102:45:102:Infinity":4,"f:110:27:110:33":3,"s:110:33:110:Infinity":24,"f:110:46:110:47":4,"s:110:53:110:55":25,"b:112:42:112:60:112:60:112:Infinity":5,"b:115:20:115:Infinity:117:20:117:Infinity":6,"b:121:15:121:Infinity:122:16:124:Infinity":7,"b:128:25:128:41:128:41:128:Infinity":8}}}
}
